
===========================================================================
report_checks -path_delay min (Hold)
============================================================================
Startpoint: rst (input port clocked by clk)
Endpoint: _15758_ (removal check against rising-edge clock clk)
Path Group: **async_default**
Path Type: min

Fanout     Cap    Slew   Delay    Time   Description
-----------------------------------------------------------------------------
                  0.15    0.00    0.00   clock clk (rise edge)
                          0.00    0.00   clock network delay (ideal)
                         20.00   20.00 ^ input external delay
                  2.01    1.26   21.26 ^ rst (in)
    69    0.25                           rst (net)
                  2.01    0.00   21.26 ^ _15758_/RESET_B (sky130_fd_sc_hd__dfrtp_2)
                                 21.26   data arrival time

                  0.15    0.00    0.00   clock clk (rise edge)
                          0.00    0.00   clock network delay (ideal)
                          0.25    0.25   clock uncertainty
                          0.00    0.25   clock reconvergence pessimism
                                  0.25 ^ _15758_/CLK (sky130_fd_sc_hd__dfrtp_2)
                          0.87    1.12   library removal time
                                  1.12   data required time
-----------------------------------------------------------------------------
                                  1.12   data required time
                                -21.26   data arrival time
-----------------------------------------------------------------------------
                                 20.14   slack (MET)


Startpoint: rst (input port clocked by clk)
Endpoint: _15759_ (removal check against rising-edge clock clk)
Path Group: **async_default**
Path Type: min

Fanout     Cap    Slew   Delay    Time   Description
-----------------------------------------------------------------------------
                  0.15    0.00    0.00   clock clk (rise edge)
                          0.00    0.00   clock network delay (ideal)
                         20.00   20.00 ^ input external delay
                  2.01    1.26   21.26 ^ rst (in)
    69    0.25                           rst (net)
                  2.01    0.00   21.26 ^ _15759_/RESET_B (sky130_fd_sc_hd__dfrtp_2)
                                 21.26   data arrival time

                  0.15    0.00    0.00   clock clk (rise edge)
                          0.00    0.00   clock network delay (ideal)
                          0.25    0.25   clock uncertainty
                          0.00    0.25   clock reconvergence pessimism
                                  0.25 ^ _15759_/CLK (sky130_fd_sc_hd__dfrtp_2)
                          0.87    1.12   library removal time
                                  1.12   data required time
-----------------------------------------------------------------------------
                                  1.12   data required time
                                -21.26   data arrival time
-----------------------------------------------------------------------------
                                 20.14   slack (MET)


Startpoint: rst (input port clocked by clk)
Endpoint: _15760_ (removal check against rising-edge clock clk)
Path Group: **async_default**
Path Type: min

Fanout     Cap    Slew   Delay    Time   Description
-----------------------------------------------------------------------------
                  0.15    0.00    0.00   clock clk (rise edge)
                          0.00    0.00   clock network delay (ideal)
                         20.00   20.00 ^ input external delay
                  2.01    1.26   21.26 ^ rst (in)
    69    0.25                           rst (net)
                  2.01    0.00   21.26 ^ _15760_/RESET_B (sky130_fd_sc_hd__dfrtp_2)
                                 21.26   data arrival time

                  0.15    0.00    0.00   clock clk (rise edge)
                          0.00    0.00   clock network delay (ideal)
                          0.25    0.25   clock uncertainty
                          0.00    0.25   clock reconvergence pessimism
                                  0.25 ^ _15760_/CLK (sky130_fd_sc_hd__dfrtp_2)
                          0.87    1.12   library removal time
                                  1.12   data required time
-----------------------------------------------------------------------------
                                  1.12   data required time
                                -21.26   data arrival time
-----------------------------------------------------------------------------
                                 20.14   slack (MET)


Startpoint: rst (input port clocked by clk)
Endpoint: _15761_ (removal check against rising-edge clock clk)
Path Group: **async_default**
Path Type: min

Fanout     Cap    Slew   Delay    Time   Description
-----------------------------------------------------------------------------
                  0.15    0.00    0.00   clock clk (rise edge)
                          0.00    0.00   clock network delay (ideal)
                         20.00   20.00 ^ input external delay
                  2.01    1.26   21.26 ^ rst (in)
    69    0.25                           rst (net)
                  2.01    0.00   21.26 ^ _15761_/RESET_B (sky130_fd_sc_hd__dfrtp_2)
                                 21.26   data arrival time

                  0.15    0.00    0.00   clock clk (rise edge)
                          0.00    0.00   clock network delay (ideal)
                          0.25    0.25   clock uncertainty
                          0.00    0.25   clock reconvergence pessimism
                                  0.25 ^ _15761_/CLK (sky130_fd_sc_hd__dfrtp_2)
                          0.87    1.12   library removal time
                                  1.12   data required time
-----------------------------------------------------------------------------
                                  1.12   data required time
                                -21.26   data arrival time
-----------------------------------------------------------------------------
                                 20.14   slack (MET)


Startpoint: rst (input port clocked by clk)
Endpoint: _15762_ (removal check against rising-edge clock clk)
Path Group: **async_default**
Path Type: min

Fanout     Cap    Slew   Delay    Time   Description
-----------------------------------------------------------------------------
                  0.15    0.00    0.00   clock clk (rise edge)
                          0.00    0.00   clock network delay (ideal)
                         20.00   20.00 ^ input external delay
                  2.01    1.26   21.26 ^ rst (in)
    69    0.25                           rst (net)
                  2.01    0.00   21.26 ^ _15762_/RESET_B (sky130_fd_sc_hd__dfrtp_2)
                                 21.26   data arrival time

                  0.15    0.00    0.00   clock clk (rise edge)
                          0.00    0.00   clock network delay (ideal)
                          0.25    0.25   clock uncertainty
                          0.00    0.25   clock reconvergence pessimism
                                  0.25 ^ _15762_/CLK (sky130_fd_sc_hd__dfrtp_2)
                          0.87    1.12   library removal time
                                  1.12   data required time
-----------------------------------------------------------------------------
                                  1.12   data required time
                                -21.26   data arrival time
-----------------------------------------------------------------------------
                                 20.14   slack (MET)


Startpoint: _15750_ (rising edge-triggered flip-flop clocked by clk)
Endpoint: _15750_ (rising edge-triggered flip-flop clocked by clk)
Path Group: clk
Path Type: min

Fanout     Cap    Slew   Delay    Time   Description
-----------------------------------------------------------------------------
                  0.15    0.00    0.00   clock clk (rise edge)
                          0.00    0.00   clock network delay (ideal)
                  0.15    0.00    0.00 ^ _15750_/CLK (sky130_fd_sc_hd__dfxtp_2)
                  0.04    0.31    0.31 ^ _15750_/Q (sky130_fd_sc_hd__dfxtp_2)
     2    0.00                           M2_MEM.memory[213][0] (net)
                  0.04    0.00    0.31 ^ _07102_/A1 (sky130_fd_sc_hd__o22a_2)
                  0.03    0.11    0.42 ^ _07102_/X (sky130_fd_sc_hd__o22a_2)
     1    0.00                           _05121_ (net)
                  0.03    0.00    0.42 ^ _15750_/D (sky130_fd_sc_hd__dfxtp_2)
                                  0.42   data arrival time

                  0.15    0.00    0.00   clock clk (rise edge)
                          0.00    0.00   clock network delay (ideal)
                          0.25    0.25   clock uncertainty
                          0.00    0.25   clock reconvergence pessimism
                                  0.25 ^ _15750_/CLK (sky130_fd_sc_hd__dfxtp_2)
                         -0.01    0.24   library hold time
                                  0.24   data required time
-----------------------------------------------------------------------------
                                  0.24   data required time
                                 -0.42   data arrival time
-----------------------------------------------------------------------------
                                  0.19   slack (MET)


Startpoint: _15751_ (rising edge-triggered flip-flop clocked by clk)
Endpoint: _15751_ (rising edge-triggered flip-flop clocked by clk)
Path Group: clk
Path Type: min

Fanout     Cap    Slew   Delay    Time   Description
-----------------------------------------------------------------------------
                  0.15    0.00    0.00   clock clk (rise edge)
                          0.00    0.00   clock network delay (ideal)
                  0.15    0.00    0.00 ^ _15751_/CLK (sky130_fd_sc_hd__dfxtp_2)
                  0.04    0.31    0.31 ^ _15751_/Q (sky130_fd_sc_hd__dfxtp_2)
     2    0.00                           M2_MEM.memory[213][1] (net)
                  0.04    0.00    0.31 ^ _07101_/A1 (sky130_fd_sc_hd__o22a_2)
                  0.03    0.11    0.42 ^ _07101_/X (sky130_fd_sc_hd__o22a_2)
     1    0.00                           _05122_ (net)
                  0.03    0.00    0.42 ^ _15751_/D (sky130_fd_sc_hd__dfxtp_2)
                                  0.42   data arrival time

                  0.15    0.00    0.00   clock clk (rise edge)
                          0.00    0.00   clock network delay (ideal)
                          0.25    0.25   clock uncertainty
                          0.00    0.25   clock reconvergence pessimism
                                  0.25 ^ _15751_/CLK (sky130_fd_sc_hd__dfxtp_2)
                         -0.01    0.24   library hold time
                                  0.24   data required time
-----------------------------------------------------------------------------
                                  0.24   data required time
                                 -0.42   data arrival time
-----------------------------------------------------------------------------
                                  0.19   slack (MET)


Startpoint: _15752_ (rising edge-triggered flip-flop clocked by clk)
Endpoint: _15752_ (rising edge-triggered flip-flop clocked by clk)
Path Group: clk
Path Type: min

Fanout     Cap    Slew   Delay    Time   Description
-----------------------------------------------------------------------------
                  0.15    0.00    0.00   clock clk (rise edge)
                          0.00    0.00   clock network delay (ideal)
                  0.15    0.00    0.00 ^ _15752_/CLK (sky130_fd_sc_hd__dfxtp_2)
                  0.04    0.31    0.31 ^ _15752_/Q (sky130_fd_sc_hd__dfxtp_2)
     2    0.00                           M2_MEM.memory[213][2] (net)
                  0.04    0.00    0.31 ^ _07100_/A1 (sky130_fd_sc_hd__o22a_2)
                  0.03    0.11    0.42 ^ _07100_/X (sky130_fd_sc_hd__o22a_2)
     1    0.00                           _05123_ (net)
                  0.03    0.00    0.42 ^ _15752_/D (sky130_fd_sc_hd__dfxtp_2)
                                  0.42   data arrival time

                  0.15    0.00    0.00   clock clk (rise edge)
                          0.00    0.00   clock network delay (ideal)
                          0.25    0.25   clock uncertainty
                          0.00    0.25   clock reconvergence pessimism
                                  0.25 ^ _15752_/CLK (sky130_fd_sc_hd__dfxtp_2)
                         -0.01    0.24   library hold time
                                  0.24   data required time
-----------------------------------------------------------------------------
                                  0.24   data required time
                                 -0.42   data arrival time
-----------------------------------------------------------------------------
                                  0.19   slack (MET)


Startpoint: _13734_ (rising edge-triggered flip-flop clocked by clk)
Endpoint: _13734_ (rising edge-triggered flip-flop clocked by clk)
Path Group: clk
Path Type: min

Fanout     Cap    Slew   Delay    Time   Description
-----------------------------------------------------------------------------
                  0.15    0.00    0.00   clock clk (rise edge)
                          0.00    0.00   clock network delay (ideal)
                  0.15    0.00    0.00 ^ _13734_/CLK (sky130_fd_sc_hd__dfxtp_2)
                  0.04    0.31    0.31 ^ _13734_/Q (sky130_fd_sc_hd__dfxtp_2)
     2    0.00                           M2_MEM.memory[209][0] (net)
                  0.04    0.00    0.31 ^ _10457_/A1 (sky130_fd_sc_hd__o22a_2)
                  0.03    0.11    0.42 ^ _10457_/X (sky130_fd_sc_hd__o22a_2)
     1    0.00                           _03105_ (net)
                  0.03    0.00    0.42 ^ _13734_/D (sky130_fd_sc_hd__dfxtp_2)
                                  0.42   data arrival time

                  0.15    0.00    0.00   clock clk (rise edge)
                          0.00    0.00   clock network delay (ideal)
                          0.25    0.25   clock uncertainty
                          0.00    0.25   clock reconvergence pessimism
                                  0.25 ^ _13734_/CLK (sky130_fd_sc_hd__dfxtp_2)
                         -0.01    0.24   library hold time
                                  0.24   data required time
-----------------------------------------------------------------------------
                                  0.24   data required time
                                 -0.42   data arrival time
-----------------------------------------------------------------------------
                                  0.19   slack (MET)


Startpoint: _13735_ (rising edge-triggered flip-flop clocked by clk)
Endpoint: _13735_ (rising edge-triggered flip-flop clocked by clk)
Path Group: clk
Path Type: min

Fanout     Cap    Slew   Delay    Time   Description
-----------------------------------------------------------------------------
                  0.15    0.00    0.00   clock clk (rise edge)
                          0.00    0.00   clock network delay (ideal)
                  0.15    0.00    0.00 ^ _13735_/CLK (sky130_fd_sc_hd__dfxtp_2)
                  0.04    0.31    0.31 ^ _13735_/Q (sky130_fd_sc_hd__dfxtp_2)
     2    0.00                           M2_MEM.memory[209][1] (net)
                  0.04    0.00    0.31 ^ _10456_/A1 (sky130_fd_sc_hd__o22a_2)
                  0.03    0.11    0.42 ^ _10456_/X (sky130_fd_sc_hd__o22a_2)
     1    0.00                           _03106_ (net)
                  0.03    0.00    0.42 ^ _13735_/D (sky130_fd_sc_hd__dfxtp_2)
                                  0.42   data arrival time

                  0.15    0.00    0.00   clock clk (rise edge)
                          0.00    0.00   clock network delay (ideal)
                          0.25    0.25   clock uncertainty
                          0.00    0.25   clock reconvergence pessimism
                                  0.25 ^ _13735_/CLK (sky130_fd_sc_hd__dfxtp_2)
                         -0.01    0.24   library hold time
                                  0.24   data required time
-----------------------------------------------------------------------------
                                  0.24   data required time
                                 -0.42   data arrival time
-----------------------------------------------------------------------------
                                  0.19   slack (MET)


