
===========================================================================
report_checks -path_delay max (Setup)
============================================================================
Startpoint: reset (input port clocked by clk)
Endpoint: _295_ (recovery check against rising-edge clock clk)
Path Group: **async_default**
Path Type: max

Fanout     Cap    Slew   Delay    Time   Description
-----------------------------------------------------------------------------
                          0.00    0.00   clock clk (rise edge)
                          0.00    0.00   clock network delay (propagated)
                         20.00   20.00 v input external delay
                  0.01    0.01   20.01 v reset (in)
     1    0.00                           reset (net)
                  0.01    0.00   20.01 v input1/A (sky130_fd_sc_hd__clkbuf_2)
                  0.04    0.10   20.11 v input1/X (sky130_fd_sc_hd__clkbuf_2)
     2    0.01                           net1 (net)
                  0.04    0.00   20.11 v _141_/A (sky130_fd_sc_hd__inv_2)
                  0.04    0.06   20.17 ^ _141_/Y (sky130_fd_sc_hd__inv_2)
     4    0.01                           _130_ (net)
                  0.04    0.00   20.17 ^ _153_/A (sky130_fd_sc_hd__dlymetal6s2s_1)
                  0.13    0.16   20.32 ^ _153_/X (sky130_fd_sc_hd__dlymetal6s2s_1)
     5    0.01                           _139_ (net)
                  0.13    0.00   20.32 ^ _170_/A (sky130_fd_sc_hd__dlymetal6s2s_1)
                  0.14    0.19   20.51 ^ _170_/X (sky130_fd_sc_hd__dlymetal6s2s_1)
     5    0.01                           _057_ (net)
                  0.14    0.00   20.51 ^ _180_/A (sky130_fd_sc_hd__clkbuf_1)
                  0.04    0.10   20.61 ^ _180_/X (sky130_fd_sc_hd__clkbuf_1)
     1    0.00                           _061_ (net)
                  0.04    0.00   20.61 ^ _181_/A (sky130_fd_sc_hd__clkbuf_1)
                  0.05    0.09   20.70 ^ _181_/X (sky130_fd_sc_hd__clkbuf_1)
     1    0.00                           _022_ (net)
                  0.05    0.00   20.70 ^ _295_/RESET_B (sky130_fd_sc_hd__dfrtp_2)
                                 20.70   data arrival time

                        100.00  100.00   clock clk (rise edge)
                          0.00  100.00   clock source latency
                  0.07    0.04  100.04 ^ clk (in)
     1    0.01                           clk (net)
                  0.07    0.00  100.04 ^ clkbuf_0_clk/A (sky130_fd_sc_hd__clkbuf_16)
                  0.03    0.11  100.16 ^ clkbuf_0_clk/X (sky130_fd_sc_hd__clkbuf_16)
     2    0.00                           clknet_0_clk (net)
                  0.03    0.00  100.16 ^ clkbuf_1_0_0_clk/A (sky130_fd_sc_hd__clkbuf_2)
                  0.11    0.14  100.30 ^ clkbuf_1_0_0_clk/X (sky130_fd_sc_hd__clkbuf_2)
    10    0.02                           clknet_1_0_0_clk (net)
                  0.11    0.00  100.30 ^ _295_/CLK (sky130_fd_sc_hd__dfrtp_2)
                         -0.25  100.05   clock uncertainty
                          0.00  100.05   clock reconvergence pessimism
                          0.24  100.28   library recovery time
                                100.28   data required time
-----------------------------------------------------------------------------
                                100.28   data required time
                                -20.70   data arrival time
-----------------------------------------------------------------------------
                                 79.58   slack (MET)


Startpoint: reset (input port clocked by clk)
Endpoint: _296_ (recovery check against rising-edge clock clk)
Path Group: **async_default**
Path Type: max

Fanout     Cap    Slew   Delay    Time   Description
-----------------------------------------------------------------------------
                          0.00    0.00   clock clk (rise edge)
                          0.00    0.00   clock network delay (propagated)
                         20.00   20.00 v input external delay
                  0.01    0.01   20.01 v reset (in)
     1    0.00                           reset (net)
                  0.01    0.00   20.01 v input1/A (sky130_fd_sc_hd__clkbuf_2)
                  0.04    0.10   20.11 v input1/X (sky130_fd_sc_hd__clkbuf_2)
     2    0.01                           net1 (net)
                  0.04    0.00   20.11 v _141_/A (sky130_fd_sc_hd__inv_2)
                  0.04    0.06   20.17 ^ _141_/Y (sky130_fd_sc_hd__inv_2)
     4    0.01                           _130_ (net)
                  0.04    0.00   20.17 ^ _153_/A (sky130_fd_sc_hd__dlymetal6s2s_1)
                  0.13    0.16   20.32 ^ _153_/X (sky130_fd_sc_hd__dlymetal6s2s_1)
     5    0.01                           _139_ (net)
                  0.13    0.00   20.32 ^ _170_/A (sky130_fd_sc_hd__dlymetal6s2s_1)
                  0.14    0.19   20.51 ^ _170_/X (sky130_fd_sc_hd__dlymetal6s2s_1)
     5    0.01                           _057_ (net)
                  0.14    0.00   20.51 ^ _177_/A (sky130_fd_sc_hd__clkbuf_1)
                  0.04    0.10   20.61 ^ _177_/X (sky130_fd_sc_hd__clkbuf_1)
     1    0.00                           _060_ (net)
                  0.04    0.00   20.61 ^ _178_/A (sky130_fd_sc_hd__clkbuf_1)
                  0.05    0.09   20.70 ^ _178_/X (sky130_fd_sc_hd__clkbuf_1)
     1    0.00                           _023_ (net)
                  0.05    0.00   20.70 ^ _296_/RESET_B (sky130_fd_sc_hd__dfrtp_2)
                                 20.70   data arrival time

                        100.00  100.00   clock clk (rise edge)
                          0.00  100.00   clock source latency
                  0.07    0.04  100.04 ^ clk (in)
     1    0.01                           clk (net)
                  0.07    0.00  100.04 ^ clkbuf_0_clk/A (sky130_fd_sc_hd__clkbuf_16)
                  0.03    0.11  100.16 ^ clkbuf_0_clk/X (sky130_fd_sc_hd__clkbuf_16)
     2    0.00                           clknet_0_clk (net)
                  0.03    0.00  100.16 ^ clkbuf_1_0_0_clk/A (sky130_fd_sc_hd__clkbuf_2)
                  0.11    0.14  100.30 ^ clkbuf_1_0_0_clk/X (sky130_fd_sc_hd__clkbuf_2)
    10    0.02                           clknet_1_0_0_clk (net)
                  0.11    0.00  100.30 ^ _296_/CLK (sky130_fd_sc_hd__dfrtp_2)
                         -0.25  100.05   clock uncertainty
                          0.00  100.05   clock reconvergence pessimism
                          0.24  100.28   library recovery time
                                100.28   data required time
-----------------------------------------------------------------------------
                                100.28   data required time
                                -20.70   data arrival time
-----------------------------------------------------------------------------
                                 79.58   slack (MET)


Startpoint: reset (input port clocked by clk)
Endpoint: _297_ (recovery check against rising-edge clock clk)
Path Group: **async_default**
Path Type: max

Fanout     Cap    Slew   Delay    Time   Description
-----------------------------------------------------------------------------
                          0.00    0.00   clock clk (rise edge)
                          0.00    0.00   clock network delay (propagated)
                         20.00   20.00 v input external delay
                  0.01    0.01   20.01 v reset (in)
     1    0.00                           reset (net)
                  0.01    0.00   20.01 v input1/A (sky130_fd_sc_hd__clkbuf_2)
                  0.04    0.10   20.11 v input1/X (sky130_fd_sc_hd__clkbuf_2)
     2    0.01                           net1 (net)
                  0.04    0.00   20.11 v _141_/A (sky130_fd_sc_hd__inv_2)
                  0.04    0.06   20.17 ^ _141_/Y (sky130_fd_sc_hd__inv_2)
     4    0.01                           _130_ (net)
                  0.04    0.00   20.17 ^ _153_/A (sky130_fd_sc_hd__dlymetal6s2s_1)
                  0.13    0.16   20.32 ^ _153_/X (sky130_fd_sc_hd__dlymetal6s2s_1)
     5    0.01                           _139_ (net)
                  0.13    0.00   20.32 ^ _170_/A (sky130_fd_sc_hd__dlymetal6s2s_1)
                  0.14    0.19   20.51 ^ _170_/X (sky130_fd_sc_hd__dlymetal6s2s_1)
     5    0.01                           _057_ (net)
                  0.14    0.00   20.51 ^ _174_/A (sky130_fd_sc_hd__clkbuf_1)
                  0.04    0.10   20.61 ^ _174_/X (sky130_fd_sc_hd__clkbuf_1)
     1    0.00                           _059_ (net)
                  0.04    0.00   20.61 ^ _175_/A (sky130_fd_sc_hd__clkbuf_1)
                  0.05    0.09   20.70 ^ _175_/X (sky130_fd_sc_hd__clkbuf_1)
     1    0.00                           _024_ (net)
                  0.05    0.00   20.70 ^ _297_/RESET_B (sky130_fd_sc_hd__dfrtp_2)
                                 20.70   data arrival time

                        100.00  100.00   clock clk (rise edge)
                          0.00  100.00   clock source latency
                  0.07    0.04  100.04 ^ clk (in)
     1    0.01                           clk (net)
                  0.07    0.00  100.04 ^ clkbuf_0_clk/A (sky130_fd_sc_hd__clkbuf_16)
                  0.03    0.11  100.16 ^ clkbuf_0_clk/X (sky130_fd_sc_hd__clkbuf_16)
     2    0.00                           clknet_0_clk (net)
                  0.03    0.00  100.16 ^ clkbuf_1_1_0_clk/A (sky130_fd_sc_hd__clkbuf_2)
                  0.12    0.14  100.30 ^ clkbuf_1_1_0_clk/X (sky130_fd_sc_hd__clkbuf_2)
    11    0.02                           clknet_1_1_0_clk (net)
                  0.12    0.00  100.30 ^ _297_/CLK (sky130_fd_sc_hd__dfrtp_2)
                         -0.25  100.05   clock uncertainty
                          0.00  100.05   clock reconvergence pessimism
                          0.24  100.29   library recovery time
                                100.29   data required time
-----------------------------------------------------------------------------
                                100.29   data required time
                                -20.70   data arrival time
-----------------------------------------------------------------------------
                                 79.59   slack (MET)


Startpoint: reset (input port clocked by clk)
Endpoint: _294_ (recovery check against rising-edge clock clk)
Path Group: **async_default**
Path Type: max

Fanout     Cap    Slew   Delay    Time   Description
-----------------------------------------------------------------------------
                          0.00    0.00   clock clk (rise edge)
                          0.00    0.00   clock network delay (propagated)
                         20.00   20.00 v input external delay
                  0.01    0.01   20.01 v reset (in)
     1    0.00                           reset (net)
                  0.01    0.00   20.01 v input1/A (sky130_fd_sc_hd__clkbuf_2)
                  0.04    0.10   20.11 v input1/X (sky130_fd_sc_hd__clkbuf_2)
     2    0.01                           net1 (net)
                  0.04    0.00   20.11 v _141_/A (sky130_fd_sc_hd__inv_2)
                  0.04    0.06   20.17 ^ _141_/Y (sky130_fd_sc_hd__inv_2)
     4    0.01                           _130_ (net)
                  0.04    0.00   20.17 ^ _153_/A (sky130_fd_sc_hd__dlymetal6s2s_1)
                  0.13    0.16   20.32 ^ _153_/X (sky130_fd_sc_hd__dlymetal6s2s_1)
     5    0.01                           _139_ (net)
                  0.13    0.00   20.32 ^ _170_/A (sky130_fd_sc_hd__dlymetal6s2s_1)
                  0.14    0.19   20.51 ^ _170_/X (sky130_fd_sc_hd__dlymetal6s2s_1)
     5    0.01                           _057_ (net)
                  0.14    0.00   20.51 ^ _183_/A (sky130_fd_sc_hd__clkbuf_1)
                  0.04    0.10   20.61 ^ _183_/X (sky130_fd_sc_hd__clkbuf_1)
     1    0.00                           _062_ (net)
                  0.04    0.00   20.61 ^ _184_/A (sky130_fd_sc_hd__clkbuf_1)
                  0.06    0.09   20.70 ^ _184_/X (sky130_fd_sc_hd__clkbuf_1)
     1    0.00                           _021_ (net)
                  0.06    0.00   20.70 ^ _294_/RESET_B (sky130_fd_sc_hd__dfrtp_1)
                                 20.70   data arrival time

                        100.00  100.00   clock clk (rise edge)
                          0.00  100.00   clock source latency
                  0.07    0.04  100.04 ^ clk (in)
     1    0.01                           clk (net)
                  0.07    0.00  100.04 ^ clkbuf_0_clk/A (sky130_fd_sc_hd__clkbuf_16)
                  0.03    0.11  100.16 ^ clkbuf_0_clk/X (sky130_fd_sc_hd__clkbuf_16)
     2    0.00                           clknet_0_clk (net)
                  0.03    0.00  100.16 ^ clkbuf_1_1_0_clk/A (sky130_fd_sc_hd__clkbuf_2)
                  0.12    0.14  100.30 ^ clkbuf_1_1_0_clk/X (sky130_fd_sc_hd__clkbuf_2)
    11    0.02                           clknet_1_1_0_clk (net)
                  0.12    0.00  100.30 ^ _294_/CLK (sky130_fd_sc_hd__dfrtp_1)
                         -0.25  100.05   clock uncertainty
                          0.00  100.05   clock reconvergence pessimism
                          0.25  100.30   library recovery time
                                100.30   data required time
-----------------------------------------------------------------------------
                                100.30   data required time
                                -20.70   data arrival time
-----------------------------------------------------------------------------
                                 79.60   slack (MET)


Startpoint: reset (input port clocked by clk)
Endpoint: _298_ (recovery check against rising-edge clock clk)
Path Group: **async_default**
Path Type: max

Fanout     Cap    Slew   Delay    Time   Description
-----------------------------------------------------------------------------
                          0.00    0.00   clock clk (rise edge)
                          0.00    0.00   clock network delay (propagated)
                         20.00   20.00 v input external delay
                  0.01    0.01   20.01 v reset (in)
     1    0.00                           reset (net)
                  0.01    0.00   20.01 v input1/A (sky130_fd_sc_hd__clkbuf_2)
                  0.04    0.10   20.11 v input1/X (sky130_fd_sc_hd__clkbuf_2)
     2    0.01                           net1 (net)
                  0.04    0.00   20.11 v _141_/A (sky130_fd_sc_hd__inv_2)
                  0.04    0.06   20.17 ^ _141_/Y (sky130_fd_sc_hd__inv_2)
     4    0.01                           _130_ (net)
                  0.04    0.00   20.17 ^ _153_/A (sky130_fd_sc_hd__dlymetal6s2s_1)
                  0.13    0.16   20.32 ^ _153_/X (sky130_fd_sc_hd__dlymetal6s2s_1)
     5    0.01                           _139_ (net)
                  0.13    0.00   20.32 ^ _170_/A (sky130_fd_sc_hd__dlymetal6s2s_1)
                  0.14    0.19   20.51 ^ _170_/X (sky130_fd_sc_hd__dlymetal6s2s_1)
     5    0.01                           _057_ (net)
                  0.14    0.00   20.51 ^ _171_/A (sky130_fd_sc_hd__clkbuf_1)
                  0.04    0.10   20.61 ^ _171_/X (sky130_fd_sc_hd__clkbuf_1)
     1    0.00                           _058_ (net)
                  0.04    0.00   20.61 ^ _172_/A (sky130_fd_sc_hd__clkbuf_1)
                  0.06    0.09   20.70 ^ _172_/X (sky130_fd_sc_hd__clkbuf_1)
     1    0.00                           _025_ (net)
                  0.06    0.00   20.70 ^ _298_/RESET_B (sky130_fd_sc_hd__dfrtp_1)
                                 20.70   data arrival time

                        100.00  100.00   clock clk (rise edge)
                          0.00  100.00   clock source latency
                  0.07    0.04  100.04 ^ clk (in)
     1    0.01                           clk (net)
                  0.07    0.00  100.04 ^ clkbuf_0_clk/A (sky130_fd_sc_hd__clkbuf_16)
                  0.03    0.11  100.16 ^ clkbuf_0_clk/X (sky130_fd_sc_hd__clkbuf_16)
     2    0.00                           clknet_0_clk (net)
                  0.03    0.00  100.16 ^ clkbuf_1_1_0_clk/A (sky130_fd_sc_hd__clkbuf_2)
                  0.12    0.14  100.30 ^ clkbuf_1_1_0_clk/X (sky130_fd_sc_hd__clkbuf_2)
    11    0.02                           clknet_1_1_0_clk (net)
                  0.12    0.00  100.30 ^ _298_/CLK (sky130_fd_sc_hd__dfrtp_1)
                         -0.25  100.05   clock uncertainty
                          0.00  100.05   clock reconvergence pessimism
                          0.25  100.30   library recovery time
                                100.30   data required time
-----------------------------------------------------------------------------
                                100.30   data required time
                                -20.70   data arrival time
-----------------------------------------------------------------------------
                                 79.60   slack (MET)


Startpoint: reset (input port clocked by clk)
Endpoint: ready (output port clocked by clk)
Path Group: clk
Path Type: max

Fanout     Cap    Slew   Delay    Time   Description
-----------------------------------------------------------------------------
                          0.00    0.00   clock clk (rise edge)
                          0.00    0.00   clock network delay (propagated)
                         20.00   20.00 v input external delay
                  0.01    0.01   20.01 v reset (in)
     1    0.00                           reset (net)
                  0.01    0.00   20.01 v input1/A (sky130_fd_sc_hd__clkbuf_2)
                  0.04    0.10   20.11 v input1/X (sky130_fd_sc_hd__clkbuf_2)
     2    0.01                           net1 (net)
                  0.04    0.00   20.11 v _271_/A (sky130_fd_sc_hd__nor2_1)
                  0.07    0.08   20.19 ^ _271_/Y (sky130_fd_sc_hd__nor2_1)
     1    0.00                           net19 (net)
                  0.07    0.00   20.19 ^ output19/A (sky130_fd_sc_hd__buf_2)
                  0.17    0.21   20.41 ^ output19/X (sky130_fd_sc_hd__buf_2)
     1    0.03                           ready (net)
                  0.17    0.00   20.41 ^ ready (out)
                                 20.41   data arrival time

                        100.00  100.00   clock clk (rise edge)
                          0.00  100.00   clock network delay (propagated)
                         -0.25   99.75   clock uncertainty
                          0.00   99.75   clock reconvergence pessimism
                        -20.00   79.75   output external delay
                                 79.75   data required time
-----------------------------------------------------------------------------
                                 79.75   data required time
                                -20.41   data arrival time
-----------------------------------------------------------------------------
                                 59.34   slack (MET)


Startpoint: word1[1] (input port clocked by clk)
Endpoint: _287_ (rising edge-triggered flip-flop clocked by clk)
Path Group: clk
Path Type: max

Fanout     Cap    Slew   Delay    Time   Description
-----------------------------------------------------------------------------
                          0.00    0.00   clock clk (rise edge)
                          0.00    0.00   clock network delay (propagated)
                         20.00   20.00 v input external delay
                  0.01    0.01   20.01 v word1[1] (in)
     1    0.00                           word1[1] (net)
                  0.01    0.00   20.01 v input8/A (sky130_fd_sc_hd__dlymetal6s2s_1)
                  0.04    0.13   20.13 v input8/X (sky130_fd_sc_hd__dlymetal6s2s_1)
     2    0.00                           net8 (net)
                  0.04    0.00   20.13 v _142_/A (sky130_fd_sc_hd__or4_1)
                  0.08    0.53   20.66 v _142_/X (sky130_fd_sc_hd__or4_1)
     1    0.00                           _131_ (net)
                  0.08    0.00   20.66 v _143_/B1 (sky130_fd_sc_hd__o41a_1)
                  0.08    0.14   20.80 v _143_/X (sky130_fd_sc_hd__o41a_1)
     2    0.01                           _132_ (net)
                  0.08    0.00   20.80 v _144_/C (sky130_fd_sc_hd__and3_1)
                  0.03    0.19   21.00 v _144_/X (sky130_fd_sc_hd__and3_1)
     1    0.00                           _133_ (net)
                  0.03    0.00   21.00 v _145_/A (sky130_fd_sc_hd__clkbuf_1)
                  0.04    0.10   21.10 v _145_/X (sky130_fd_sc_hd__clkbuf_1)
     4    0.01                           _006_ (net)
                  0.04    0.00   21.10 v _282_/A0 (sky130_fd_sc_hd__mux2_1)
                  0.06    0.30   21.40 v _282_/X (sky130_fd_sc_hd__mux2_1)
     1    0.00                           _009_ (net)
                  0.06    0.00   21.40 v _192_/A (sky130_fd_sc_hd__inv_2)
                  0.03    0.05   21.45 ^ _192_/Y (sky130_fd_sc_hd__inv_2)
     1    0.00                           _066_ (net)
                  0.03    0.00   21.45 ^ _193_/B1 (sky130_fd_sc_hd__a31o_1)
                  0.11    0.13   21.58 ^ _193_/X (sky130_fd_sc_hd__a31o_1)
     3    0.01                           _067_ (net)
                  0.11    0.00   21.58 ^ _225_/A (sky130_fd_sc_hd__inv_2)
                  0.03    0.05   21.63 v _225_/Y (sky130_fd_sc_hd__inv_2)
     3    0.01                           _099_ (net)
                  0.03    0.00   21.63 v _226_/B1 (sky130_fd_sc_hd__a41o_1)
                  0.07    0.24   21.87 v _226_/X (sky130_fd_sc_hd__a41o_1)
     3    0.01                           _100_ (net)
                  0.07    0.00   21.87 v _233_/A (sky130_fd_sc_hd__inv_2)
                  0.03    0.06   21.93 ^ _233_/Y (sky130_fd_sc_hd__inv_2)
     2    0.00                           _105_ (net)
                  0.03    0.00   21.93 ^ _234_/A (sky130_fd_sc_hd__clkbuf_2)
                  0.08    0.13   22.05 ^ _234_/X (sky130_fd_sc_hd__clkbuf_2)
     5    0.01                           _106_ (net)
                  0.08    0.00   22.05 ^ _258_/B2 (sky130_fd_sc_hd__a32o_1)
                  0.05    0.12   22.18 ^ _258_/X (sky130_fd_sc_hd__a32o_1)
     1    0.00                           _034_ (net)
                  0.05    0.00   22.18 ^ _287_/D (sky130_fd_sc_hd__dfrtp_4)
                                 22.18   data arrival time

                        100.00  100.00   clock clk (rise edge)
                          0.00  100.00   clock source latency
                  0.07    0.04  100.04 ^ clk (in)
     1    0.01                           clk (net)
                  0.07    0.00  100.04 ^ clkbuf_0_clk/A (sky130_fd_sc_hd__clkbuf_16)
                  0.03    0.11  100.16 ^ clkbuf_0_clk/X (sky130_fd_sc_hd__clkbuf_16)
     2    0.00                           clknet_0_clk (net)
                  0.03    0.00  100.16 ^ clkbuf_1_1_0_clk/A (sky130_fd_sc_hd__clkbuf_2)
                  0.12    0.14  100.30 ^ clkbuf_1_1_0_clk/X (sky130_fd_sc_hd__clkbuf_2)
    11    0.02                           clknet_1_1_0_clk (net)
                  0.12    0.00  100.30 ^ _287_/CLK (sky130_fd_sc_hd__dfrtp_4)
                         -0.25  100.05   clock uncertainty
                          0.00  100.05   clock reconvergence pessimism
                         -0.05  100.00   library setup time
                                100.00   data required time
-----------------------------------------------------------------------------
                                100.00   data required time
                                -22.18   data arrival time
-----------------------------------------------------------------------------
                                 77.82   slack (MET)


Startpoint: word1[1] (input port clocked by clk)
Endpoint: _289_ (rising edge-triggered flip-flop clocked by clk)
Path Group: clk
Path Type: max

Fanout     Cap    Slew   Delay    Time   Description
-----------------------------------------------------------------------------
                          0.00    0.00   clock clk (rise edge)
                          0.00    0.00   clock network delay (propagated)
                         20.00   20.00 v input external delay
                  0.01    0.01   20.01 v word1[1] (in)
     1    0.00                           word1[1] (net)
                  0.01    0.00   20.01 v input8/A (sky130_fd_sc_hd__dlymetal6s2s_1)
                  0.04    0.13   20.13 v input8/X (sky130_fd_sc_hd__dlymetal6s2s_1)
     2    0.00                           net8 (net)
                  0.04    0.00   20.13 v _142_/A (sky130_fd_sc_hd__or4_1)
                  0.08    0.53   20.66 v _142_/X (sky130_fd_sc_hd__or4_1)
     1    0.00                           _131_ (net)
                  0.08    0.00   20.66 v _143_/B1 (sky130_fd_sc_hd__o41a_1)
                  0.08    0.14   20.80 v _143_/X (sky130_fd_sc_hd__o41a_1)
     2    0.01                           _132_ (net)
                  0.08    0.00   20.80 v _144_/C (sky130_fd_sc_hd__and3_1)
                  0.03    0.19   21.00 v _144_/X (sky130_fd_sc_hd__and3_1)
     1    0.00                           _133_ (net)
                  0.03    0.00   21.00 v _145_/A (sky130_fd_sc_hd__clkbuf_1)
                  0.04    0.10   21.10 v _145_/X (sky130_fd_sc_hd__clkbuf_1)
     4    0.01                           _006_ (net)
                  0.04    0.00   21.10 v _282_/A0 (sky130_fd_sc_hd__mux2_1)
                  0.06    0.30   21.40 v _282_/X (sky130_fd_sc_hd__mux2_1)
     1    0.00                           _009_ (net)
                  0.06    0.00   21.40 v _192_/A (sky130_fd_sc_hd__inv_2)
                  0.03    0.05   21.45 ^ _192_/Y (sky130_fd_sc_hd__inv_2)
     1    0.00                           _066_ (net)
                  0.03    0.00   21.45 ^ _193_/B1 (sky130_fd_sc_hd__a31o_1)
                  0.11    0.13   21.58 ^ _193_/X (sky130_fd_sc_hd__a31o_1)
     3    0.01                           _067_ (net)
                  0.11    0.00   21.58 ^ _225_/A (sky130_fd_sc_hd__inv_2)
                  0.03    0.05   21.63 v _225_/Y (sky130_fd_sc_hd__inv_2)
     3    0.01                           _099_ (net)
                  0.03    0.00   21.63 v _226_/B1 (sky130_fd_sc_hd__a41o_1)
                  0.07    0.24   21.87 v _226_/X (sky130_fd_sc_hd__a41o_1)
     3    0.01                           _100_ (net)
                  0.07    0.00   21.87 v _233_/A (sky130_fd_sc_hd__inv_2)
                  0.03    0.06   21.93 ^ _233_/Y (sky130_fd_sc_hd__inv_2)
     2    0.00                           _105_ (net)
                  0.03    0.00   21.93 ^ _234_/A (sky130_fd_sc_hd__clkbuf_2)
                  0.08    0.13   22.05 ^ _234_/X (sky130_fd_sc_hd__clkbuf_2)
     5    0.01                           _106_ (net)
                  0.08    0.00   22.05 ^ _246_/B2 (sky130_fd_sc_hd__a32o_1)
                  0.05    0.12   22.18 ^ _246_/X (sky130_fd_sc_hd__a32o_1)
     1    0.00                           _036_ (net)
                  0.05    0.00   22.18 ^ _289_/D (sky130_fd_sc_hd__dfrtp_4)
                                 22.18   data arrival time

                        100.00  100.00   clock clk (rise edge)
                          0.00  100.00   clock source latency
                  0.07    0.04  100.04 ^ clk (in)
     1    0.01                           clk (net)
                  0.07    0.00  100.04 ^ clkbuf_0_clk/A (sky130_fd_sc_hd__clkbuf_16)
                  0.03    0.11  100.16 ^ clkbuf_0_clk/X (sky130_fd_sc_hd__clkbuf_16)
     2    0.00                           clknet_0_clk (net)
                  0.03    0.00  100.16 ^ clkbuf_1_1_0_clk/A (sky130_fd_sc_hd__clkbuf_2)
                  0.12    0.14  100.30 ^ clkbuf_1_1_0_clk/X (sky130_fd_sc_hd__clkbuf_2)
    11    0.02                           clknet_1_1_0_clk (net)
                  0.12    0.00  100.30 ^ _289_/CLK (sky130_fd_sc_hd__dfrtp_4)
                         -0.25  100.05   clock uncertainty
                          0.00  100.05   clock reconvergence pessimism
                         -0.05  100.00   library setup time
                                100.00   data required time
-----------------------------------------------------------------------------
                                100.00   data required time
                                -22.18   data arrival time
-----------------------------------------------------------------------------
                                 77.82   slack (MET)


Startpoint: word1[1] (input port clocked by clk)
Endpoint: _290_ (rising edge-triggered flip-flop clocked by clk)
Path Group: clk
Path Type: max

Fanout     Cap    Slew   Delay    Time   Description
-----------------------------------------------------------------------------
                          0.00    0.00   clock clk (rise edge)
                          0.00    0.00   clock network delay (propagated)
                         20.00   20.00 v input external delay
                  0.01    0.01   20.01 v word1[1] (in)
     1    0.00                           word1[1] (net)
                  0.01    0.00   20.01 v input8/A (sky130_fd_sc_hd__dlymetal6s2s_1)
                  0.04    0.13   20.13 v input8/X (sky130_fd_sc_hd__dlymetal6s2s_1)
     2    0.00                           net8 (net)
                  0.04    0.00   20.13 v _142_/A (sky130_fd_sc_hd__or4_1)
                  0.08    0.53   20.66 v _142_/X (sky130_fd_sc_hd__or4_1)
     1    0.00                           _131_ (net)
                  0.08    0.00   20.66 v _143_/B1 (sky130_fd_sc_hd__o41a_1)
                  0.08    0.14   20.80 v _143_/X (sky130_fd_sc_hd__o41a_1)
     2    0.01                           _132_ (net)
                  0.08    0.00   20.80 v _144_/C (sky130_fd_sc_hd__and3_1)
                  0.03    0.19   21.00 v _144_/X (sky130_fd_sc_hd__and3_1)
     1    0.00                           _133_ (net)
                  0.03    0.00   21.00 v _145_/A (sky130_fd_sc_hd__clkbuf_1)
                  0.04    0.10   21.10 v _145_/X (sky130_fd_sc_hd__clkbuf_1)
     4    0.01                           _006_ (net)
                  0.04    0.00   21.10 v _282_/A0 (sky130_fd_sc_hd__mux2_1)
                  0.06    0.30   21.40 v _282_/X (sky130_fd_sc_hd__mux2_1)
     1    0.00                           _009_ (net)
                  0.06    0.00   21.40 v _192_/A (sky130_fd_sc_hd__inv_2)
                  0.03    0.05   21.45 ^ _192_/Y (sky130_fd_sc_hd__inv_2)
     1    0.00                           _066_ (net)
                  0.03    0.00   21.45 ^ _193_/B1 (sky130_fd_sc_hd__a31o_1)
                  0.11    0.13   21.58 ^ _193_/X (sky130_fd_sc_hd__a31o_1)
     3    0.01                           _067_ (net)
                  0.11    0.00   21.58 ^ _225_/A (sky130_fd_sc_hd__inv_2)
                  0.03    0.05   21.63 v _225_/Y (sky130_fd_sc_hd__inv_2)
     3    0.01                           _099_ (net)
                  0.03    0.00   21.63 v _226_/B1 (sky130_fd_sc_hd__a41o_1)
                  0.07    0.24   21.87 v _226_/X (sky130_fd_sc_hd__a41o_1)
     3    0.01                           _100_ (net)
                  0.07    0.00   21.87 v _233_/A (sky130_fd_sc_hd__inv_2)
                  0.03    0.06   21.93 ^ _233_/Y (sky130_fd_sc_hd__inv_2)
     2    0.00                           _105_ (net)
                  0.03    0.00   21.93 ^ _234_/A (sky130_fd_sc_hd__clkbuf_2)
                  0.08    0.13   22.05 ^ _234_/X (sky130_fd_sc_hd__clkbuf_2)
     5    0.01                           _106_ (net)
                  0.08    0.00   22.05 ^ _242_/B2 (sky130_fd_sc_hd__a32o_1)
                  0.05    0.12   22.18 ^ _242_/X (sky130_fd_sc_hd__a32o_1)
     1    0.00                           _037_ (net)
                  0.05    0.00   22.18 ^ _290_/D (sky130_fd_sc_hd__dfrtp_2)
                                 22.18   data arrival time

                        100.00  100.00   clock clk (rise edge)
                          0.00  100.00   clock source latency
                  0.07    0.04  100.04 ^ clk (in)
     1    0.01                           clk (net)
                  0.07    0.00  100.04 ^ clkbuf_0_clk/A (sky130_fd_sc_hd__clkbuf_16)
                  0.03    0.11  100.16 ^ clkbuf_0_clk/X (sky130_fd_sc_hd__clkbuf_16)
     2    0.00                           clknet_0_clk (net)
                  0.03    0.00  100.16 ^ clkbuf_1_1_0_clk/A (sky130_fd_sc_hd__clkbuf_2)
                  0.12    0.14  100.30 ^ clkbuf_1_1_0_clk/X (sky130_fd_sc_hd__clkbuf_2)
    11    0.02                           clknet_1_1_0_clk (net)
                  0.12    0.00  100.30 ^ _290_/CLK (sky130_fd_sc_hd__dfrtp_2)
                         -0.25  100.05   clock uncertainty
                          0.00  100.05   clock reconvergence pessimism
                         -0.05  100.00   library setup time
                                100.00   data required time
-----------------------------------------------------------------------------
                                100.00   data required time
                                -22.18   data arrival time
-----------------------------------------------------------------------------
                                 77.82   slack (MET)


Startpoint: word1[1] (input port clocked by clk)
Endpoint: _288_ (rising edge-triggered flip-flop clocked by clk)
Path Group: clk
Path Type: max

Fanout     Cap    Slew   Delay    Time   Description
-----------------------------------------------------------------------------
                          0.00    0.00   clock clk (rise edge)
                          0.00    0.00   clock network delay (propagated)
                         20.00   20.00 v input external delay
                  0.01    0.01   20.01 v word1[1] (in)
     1    0.00                           word1[1] (net)
                  0.01    0.00   20.01 v input8/A (sky130_fd_sc_hd__dlymetal6s2s_1)
                  0.04    0.13   20.13 v input8/X (sky130_fd_sc_hd__dlymetal6s2s_1)
     2    0.00                           net8 (net)
                  0.04    0.00   20.13 v _142_/A (sky130_fd_sc_hd__or4_1)
                  0.08    0.53   20.66 v _142_/X (sky130_fd_sc_hd__or4_1)
     1    0.00                           _131_ (net)
                  0.08    0.00   20.66 v _143_/B1 (sky130_fd_sc_hd__o41a_1)
                  0.08    0.14   20.80 v _143_/X (sky130_fd_sc_hd__o41a_1)
     2    0.01                           _132_ (net)
                  0.08    0.00   20.80 v _144_/C (sky130_fd_sc_hd__and3_1)
                  0.03    0.19   21.00 v _144_/X (sky130_fd_sc_hd__and3_1)
     1    0.00                           _133_ (net)
                  0.03    0.00   21.00 v _145_/A (sky130_fd_sc_hd__clkbuf_1)
                  0.04    0.10   21.10 v _145_/X (sky130_fd_sc_hd__clkbuf_1)
     4    0.01                           _006_ (net)
                  0.04    0.00   21.10 v _282_/A0 (sky130_fd_sc_hd__mux2_1)
                  0.06    0.30   21.40 v _282_/X (sky130_fd_sc_hd__mux2_1)
     1    0.00                           _009_ (net)
                  0.06    0.00   21.40 v _192_/A (sky130_fd_sc_hd__inv_2)
                  0.03    0.05   21.45 ^ _192_/Y (sky130_fd_sc_hd__inv_2)
     1    0.00                           _066_ (net)
                  0.03    0.00   21.45 ^ _193_/B1 (sky130_fd_sc_hd__a31o_1)
                  0.11    0.13   21.58 ^ _193_/X (sky130_fd_sc_hd__a31o_1)
     3    0.01                           _067_ (net)
                  0.11    0.00   21.58 ^ _225_/A (sky130_fd_sc_hd__inv_2)
                  0.03    0.05   21.63 v _225_/Y (sky130_fd_sc_hd__inv_2)
     3    0.01                           _099_ (net)
                  0.03    0.00   21.63 v _226_/B1 (sky130_fd_sc_hd__a41o_1)
                  0.07    0.24   21.87 v _226_/X (sky130_fd_sc_hd__a41o_1)
     3    0.01                           _100_ (net)
                  0.07    0.00   21.87 v _233_/A (sky130_fd_sc_hd__inv_2)
                  0.03    0.06   21.93 ^ _233_/Y (sky130_fd_sc_hd__inv_2)
     2    0.00                           _105_ (net)
                  0.03    0.00   21.93 ^ _234_/A (sky130_fd_sc_hd__clkbuf_2)
                  0.08    0.13   22.05 ^ _234_/X (sky130_fd_sc_hd__clkbuf_2)
     5    0.01                           _106_ (net)
                  0.08    0.00   22.05 ^ _254_/B2 (sky130_fd_sc_hd__a32o_1)
                  0.05    0.12   22.18 ^ _254_/X (sky130_fd_sc_hd__a32o_1)
     1    0.00                           _035_ (net)
                  0.05    0.00   22.18 ^ _288_/D (sky130_fd_sc_hd__dfrtp_1)
                                 22.18   data arrival time

                        100.00  100.00   clock clk (rise edge)
                          0.00  100.00   clock source latency
                  0.07    0.04  100.04 ^ clk (in)
     1    0.01                           clk (net)
                  0.07    0.00  100.04 ^ clkbuf_0_clk/A (sky130_fd_sc_hd__clkbuf_16)
                  0.03    0.11  100.16 ^ clkbuf_0_clk/X (sky130_fd_sc_hd__clkbuf_16)
     2    0.00                           clknet_0_clk (net)
                  0.03    0.00  100.16 ^ clkbuf_1_1_0_clk/A (sky130_fd_sc_hd__clkbuf_2)
                  0.12    0.14  100.30 ^ clkbuf_1_1_0_clk/X (sky130_fd_sc_hd__clkbuf_2)
    11    0.02                           clknet_1_1_0_clk (net)
                  0.12    0.00  100.30 ^ _288_/CLK (sky130_fd_sc_hd__dfrtp_1)
                         -0.25  100.05   clock uncertainty
                          0.00  100.05   clock reconvergence pessimism
                         -0.05  100.00   library setup time
                                100.00   data required time
-----------------------------------------------------------------------------
                                100.00   data required time
                                -22.18   data arrival time
-----------------------------------------------------------------------------
                                 77.83   slack (MET)


