Startpoint: reset (input port clocked by clk)
Endpoint: _303_ (removal check against rising-edge clock clk)
Path Group: **async_default**
Path Type: min

Fanout     Cap    Slew   Delay    Time   Description
-----------------------------------------------------------------------------
                          0.00    0.00   clock clk (rise edge)
                          0.00    0.00   clock network delay (propagated)
                         20.00   20.00 v input external delay
                  0.03    0.02   20.02 v reset (in)
     1    0.01                           reset (net)
                  0.03    0.00   20.02 v input1/A (sky130_fd_sc_hd__clkbuf_2)
                  0.08    0.13   20.15 v input1/X (sky130_fd_sc_hd__clkbuf_2)
     2    0.02                           net1 (net)
                  0.08    0.00   20.16 v _141_/A (sky130_fd_sc_hd__inv_2)
                  0.07    0.09   20.24 ^ _141_/Y (sky130_fd_sc_hd__inv_2)
     4    0.01                           _130_ (net)
                  0.07    0.00   20.24 ^ _153_/A (sky130_fd_sc_hd__dlymetal6s2s_1)
                  0.23    0.21   20.46 ^ _153_/X (sky130_fd_sc_hd__dlymetal6s2s_1)
     5    0.02                           _139_ (net)
                  0.23    0.00   20.46 ^ _154_/A (sky130_fd_sc_hd__clkbuf_2)
                  0.12    0.20   20.66 ^ _154_/X (sky130_fd_sc_hd__clkbuf_2)
     5    0.02                           _030_ (net)
                  0.12    0.01   20.67 ^ _303_/RESET_B (sky130_fd_sc_hd__dfrtp_1)
                                 20.67   data arrival time

                          0.00    0.00   clock clk (rise edge)
                          0.52    0.52   clock network delay (propagated)
                          0.25    0.77   clock uncertainty
                          0.00    0.77   clock reconvergence pessimism
                                  0.77 ^ _303_/CLK (sky130_fd_sc_hd__dfrtp_1)
                          0.39    1.16   library removal time
                                  1.16   data required time
-----------------------------------------------------------------------------
                                  1.16   data required time
                                -20.67   data arrival time
-----------------------------------------------------------------------------
                                 19.51   slack (MET)


Startpoint: _303_ (rising edge-triggered flip-flop clocked by clk)
Endpoint: _303_ (rising edge-triggered flip-flop clocked by clk)
Path Group: clk
Path Type: min

Fanout     Cap    Slew   Delay    Time   Description
-----------------------------------------------------------------------------
                          0.00    0.00   clock clk (rise edge)
                          0.47    0.47   clock network delay (propagated)
                  0.22    0.00    0.47 ^ _303_/CLK (sky130_fd_sc_hd__dfrtp_1)
                  0.09    0.39    0.86 ^ _303_/Q (sky130_fd_sc_hd__dfrtp_1)
     3    0.01                           datapath_module0.multiplier[2] (net)
                  0.09    0.00    0.86 ^ _157_/B1 (sky130_fd_sc_hd__a22o_1)
                  0.05    0.13    0.99 ^ _157_/X (sky130_fd_sc_hd__a22o_1)
     1    0.00                           _050_ (net)
                  0.05    0.00    0.99 ^ _303_/D (sky130_fd_sc_hd__dfrtp_1)
                                  0.99   data arrival time

                          0.00    0.00   clock clk (rise edge)
                          0.52    0.52   clock network delay (propagated)
                          0.25    0.77   clock uncertainty
                         -0.05    0.72   clock reconvergence pessimism
                                  0.72 ^ _303_/CLK (sky130_fd_sc_hd__dfrtp_1)
                         -0.01    0.71   library hold time
                                  0.71   data required time
-----------------------------------------------------------------------------
                                  0.71   data required time
                                 -0.99   data arrival time
-----------------------------------------------------------------------------
                                  0.28   slack (MET)


Startpoint: reset (input port clocked by clk)
Endpoint: _285_ (recovery check against rising-edge clock clk)
Path Group: **async_default**
Path Type: max

Fanout     Cap    Slew   Delay    Time   Description
-----------------------------------------------------------------------------
                          0.00    0.00   clock clk (rise edge)
                          0.00    0.00   clock network delay (propagated)
                         20.00   20.00 v input external delay
                  0.03    0.02   20.02 v reset (in)
     1    0.01                           reset (net)
                  0.03    0.00   20.02 v input1/A (sky130_fd_sc_hd__clkbuf_2)
                  0.08    0.15   20.17 v input1/X (sky130_fd_sc_hd__clkbuf_2)
     2    0.02                           net1 (net)
                  0.08    0.00   20.17 v _141_/A (sky130_fd_sc_hd__inv_2)
                  0.07    0.09   20.27 ^ _141_/Y (sky130_fd_sc_hd__inv_2)
     4    0.01                           _130_ (net)
                  0.07    0.00   20.27 ^ _153_/A (sky130_fd_sc_hd__dlymetal6s2s_1)
                  0.23    0.24   20.51 ^ _153_/X (sky130_fd_sc_hd__dlymetal6s2s_1)
     5    0.02                           _139_ (net)
                  0.23    0.01   20.51 ^ _247_/A (sky130_fd_sc_hd__clkbuf_2)
                  0.14    0.22   20.73 ^ _247_/X (sky130_fd_sc_hd__clkbuf_2)
     5    0.03                           _114_ (net)
                  0.16    0.04   20.77 ^ _263_/A (sky130_fd_sc_hd__clkbuf_1)
                  0.07    0.13   20.90 ^ _263_/X (sky130_fd_sc_hd__clkbuf_1)
     1    0.01                           _124_ (net)
                  0.07    0.01   20.90 ^ _264_/A (sky130_fd_sc_hd__clkbuf_1)
                  0.13    0.15   21.05 ^ _264_/X (sky130_fd_sc_hd__clkbuf_1)
     1    0.01                           _012_ (net)
                  0.13    0.02   21.07 ^ _285_/RESET_B (sky130_fd_sc_hd__dfrtp_1)
                                 21.07   data arrival time

                        100.00  100.00   clock clk (rise edge)
                          0.47  100.47   clock network delay (propagated)
                         -0.25  100.22   clock uncertainty
                          0.00  100.22   clock reconvergence pessimism
                                100.22 ^ _285_/CLK (sky130_fd_sc_hd__dfrtp_1)
                          0.26  100.48   library recovery time
                                100.48   data required time
-----------------------------------------------------------------------------
                                100.48   data required time
                                -21.07   data arrival time
-----------------------------------------------------------------------------
                                 79.41   slack (MET)


Startpoint: reset (input port clocked by clk)
Endpoint: ready (output port clocked by clk)
Path Group: clk
Path Type: max

Fanout     Cap    Slew   Delay    Time   Description
-----------------------------------------------------------------------------
                          0.00    0.00   clock clk (rise edge)
                          0.00    0.00   clock network delay (propagated)
                         20.00   20.00 v input external delay
                  0.03    0.02   20.02 v reset (in)
     1    0.01                           reset (net)
                  0.03    0.00   20.02 v input1/A (sky130_fd_sc_hd__clkbuf_2)
                  0.08    0.15   20.17 v input1/X (sky130_fd_sc_hd__clkbuf_2)
     2    0.02                           net1 (net)
                  0.08    0.01   20.17 v _271_/A (sky130_fd_sc_hd__nor2_1)
                  0.14    0.16   20.34 ^ _271_/Y (sky130_fd_sc_hd__nor2_1)
     1    0.01                           net19 (net)
                  0.14    0.00   20.34 ^ output19/A (sky130_fd_sc_hd__buf_2)
                  0.18    0.25   20.58 ^ output19/X (sky130_fd_sc_hd__buf_2)
     1    0.03                           ready (net)
                  0.18    0.01   20.59 ^ ready (out)
                                 20.59   data arrival time

                        100.00  100.00   clock clk (rise edge)
                          0.00  100.00   clock network delay (propagated)
                         -0.25   99.75   clock uncertainty
                          0.00   99.75   clock reconvergence pessimism
                        -20.00   79.75   output external delay
                                 79.75   data required time
-----------------------------------------------------------------------------
                                 79.75   data required time
                                -20.59   data arrival time
-----------------------------------------------------------------------------
                                 59.16   slack (MET)


