
===========================================================================
report_checks -path_delay max (Setup)
============================================================================
Startpoint: reset (input port clocked by clk)
Endpoint: _285_ (recovery check against rising-edge clock clk)
Path Group: **async_default**
Path Type: max

Fanout     Cap    Slew   Delay    Time   Description
-----------------------------------------------------------------------------
                          0.00    0.00   clock clk (rise edge)
                          0.00    0.00   clock network delay (propagated)
                         20.00   20.00 v input external delay
                  0.02    0.01   20.01 v reset (in)
     1    0.00                           reset (net)
                  0.02    0.00   20.01 v input1/A (sky130_fd_sc_hd__clkbuf_2)
                  0.08    0.14   20.16 v input1/X (sky130_fd_sc_hd__clkbuf_2)
     2    0.02                           net1 (net)
                  0.08    0.00   20.16 v _141_/A (sky130_fd_sc_hd__inv_2)
                  0.06    0.09   20.25 ^ _141_/Y (sky130_fd_sc_hd__inv_2)
     4    0.01                           _130_ (net)
                  0.06    0.00   20.25 ^ _153_/A (sky130_fd_sc_hd__dlymetal6s2s_1)
                  0.20    0.22   20.46 ^ _153_/X (sky130_fd_sc_hd__dlymetal6s2s_1)
     5    0.02                           _139_ (net)
                  0.20    0.00   20.46 ^ _247_/A (sky130_fd_sc_hd__clkbuf_2)
                  0.14    0.22   20.68 ^ _247_/X (sky130_fd_sc_hd__clkbuf_2)
     5    0.02                           _114_ (net)
                  0.15    0.03   20.72 ^ _263_/A (sky130_fd_sc_hd__clkbuf_1)
                  0.07    0.13   20.85 ^ _263_/X (sky130_fd_sc_hd__clkbuf_1)
     1    0.01                           _124_ (net)
                  0.07    0.00   20.85 ^ _264_/A (sky130_fd_sc_hd__clkbuf_1)
                  0.14    0.16   21.01 ^ _264_/X (sky130_fd_sc_hd__clkbuf_1)
     1    0.01                           _012_ (net)
                  0.15    0.02   21.02 ^ _285_/RESET_B (sky130_fd_sc_hd__dfrtp_1)
                                 21.02   data arrival time

                        100.00  100.00   clock clk (rise edge)
                          0.00  100.00   clock source latency
                  0.14    0.09  100.09 ^ clk (in)
     1    0.02                           clk (net)
                  0.14    0.00  100.09 ^ clkbuf_0_clk/A (sky130_fd_sc_hd__clkbuf_16)
                  0.03    0.14  100.23 ^ clkbuf_0_clk/X (sky130_fd_sc_hd__clkbuf_16)
     2    0.01                           clknet_0_clk (net)
                  0.03    0.00  100.23 ^ clkbuf_1_1_0_clk/A (sky130_fd_sc_hd__clkbuf_2)
                  0.19    0.20  100.43 ^ clkbuf_1_1_0_clk/X (sky130_fd_sc_hd__clkbuf_2)
    11    0.04                           clknet_1_1_0_clk (net)
                  0.19    0.00  100.43 ^ _285_/CLK (sky130_fd_sc_hd__dfrtp_1)
                         -0.25  100.18   clock uncertainty
                          0.00  100.18   clock reconvergence pessimism
                          0.25  100.43   library recovery time
                                100.43   data required time
-----------------------------------------------------------------------------
                                100.43   data required time
                                -21.02   data arrival time
-----------------------------------------------------------------------------
                                 79.40   slack (MET)


Startpoint: reset (input port clocked by clk)
Endpoint: _297_ (recovery check against rising-edge clock clk)
Path Group: **async_default**
Path Type: max

Fanout     Cap    Slew   Delay    Time   Description
-----------------------------------------------------------------------------
                          0.00    0.00   clock clk (rise edge)
                          0.00    0.00   clock network delay (propagated)
                         20.00   20.00 v input external delay
                  0.02    0.01   20.01 v reset (in)
     1    0.00                           reset (net)
                  0.02    0.00   20.01 v input1/A (sky130_fd_sc_hd__clkbuf_2)
                  0.08    0.14   20.16 v input1/X (sky130_fd_sc_hd__clkbuf_2)
     2    0.02                           net1 (net)
                  0.08    0.00   20.16 v _141_/A (sky130_fd_sc_hd__inv_2)
                  0.06    0.09   20.25 ^ _141_/Y (sky130_fd_sc_hd__inv_2)
     4    0.01                           _130_ (net)
                  0.06    0.00   20.25 ^ _153_/A (sky130_fd_sc_hd__dlymetal6s2s_1)
                  0.20    0.22   20.46 ^ _153_/X (sky130_fd_sc_hd__dlymetal6s2s_1)
     5    0.02                           _139_ (net)
                  0.20    0.00   20.46 ^ _170_/A (sky130_fd_sc_hd__dlymetal6s2s_1)
                  0.24    0.28   20.74 ^ _170_/X (sky130_fd_sc_hd__dlymetal6s2s_1)
     5    0.02                           _057_ (net)
                  0.24    0.00   20.74 ^ _174_/A (sky130_fd_sc_hd__clkbuf_1)
                  0.05    0.13   20.87 ^ _174_/X (sky130_fd_sc_hd__clkbuf_1)
     1    0.00                           _059_ (net)
                  0.05    0.00   20.87 ^ _175_/A (sky130_fd_sc_hd__clkbuf_1)
                  0.07    0.11   20.99 ^ _175_/X (sky130_fd_sc_hd__clkbuf_1)
     1    0.01                           _024_ (net)
                  0.07    0.00   20.99 ^ _297_/RESET_B (sky130_fd_sc_hd__dfrtp_2)
                                 20.99   data arrival time

                        100.00  100.00   clock clk (rise edge)
                          0.00  100.00   clock source latency
                  0.14    0.09  100.09 ^ clk (in)
     1    0.02                           clk (net)
                  0.14    0.00  100.09 ^ clkbuf_0_clk/A (sky130_fd_sc_hd__clkbuf_16)
                  0.03    0.14  100.23 ^ clkbuf_0_clk/X (sky130_fd_sc_hd__clkbuf_16)
     2    0.01                           clknet_0_clk (net)
                  0.03    0.00  100.23 ^ clkbuf_1_1_0_clk/A (sky130_fd_sc_hd__clkbuf_2)
                  0.19    0.20  100.43 ^ clkbuf_1_1_0_clk/X (sky130_fd_sc_hd__clkbuf_2)
    11    0.04                           clknet_1_1_0_clk (net)
                  0.19    0.00  100.43 ^ _297_/CLK (sky130_fd_sc_hd__dfrtp_2)
                         -0.25  100.18   clock uncertainty
                          0.00  100.18   clock reconvergence pessimism
                          0.26  100.43   library recovery time
                                100.43   data required time
-----------------------------------------------------------------------------
                                100.43   data required time
                                -20.99   data arrival time
-----------------------------------------------------------------------------
                                 79.45   slack (MET)


Startpoint: reset (input port clocked by clk)
Endpoint: _294_ (recovery check against rising-edge clock clk)
Path Group: **async_default**
Path Type: max

Fanout     Cap    Slew   Delay    Time   Description
-----------------------------------------------------------------------------
                          0.00    0.00   clock clk (rise edge)
                          0.00    0.00   clock network delay (propagated)
                         20.00   20.00 v input external delay
                  0.02    0.01   20.01 v reset (in)
     1    0.00                           reset (net)
                  0.02    0.00   20.01 v input1/A (sky130_fd_sc_hd__clkbuf_2)
                  0.08    0.14   20.16 v input1/X (sky130_fd_sc_hd__clkbuf_2)
     2    0.02                           net1 (net)
                  0.08    0.00   20.16 v _141_/A (sky130_fd_sc_hd__inv_2)
                  0.06    0.09   20.25 ^ _141_/Y (sky130_fd_sc_hd__inv_2)
     4    0.01                           _130_ (net)
                  0.06    0.00   20.25 ^ _153_/A (sky130_fd_sc_hd__dlymetal6s2s_1)
                  0.20    0.22   20.46 ^ _153_/X (sky130_fd_sc_hd__dlymetal6s2s_1)
     5    0.02                           _139_ (net)
                  0.20    0.00   20.46 ^ _170_/A (sky130_fd_sc_hd__dlymetal6s2s_1)
                  0.24    0.28   20.74 ^ _170_/X (sky130_fd_sc_hd__dlymetal6s2s_1)
     5    0.02                           _057_ (net)
                  0.24    0.00   20.74 ^ _183_/A (sky130_fd_sc_hd__clkbuf_1)
                  0.05    0.12   20.87 ^ _183_/X (sky130_fd_sc_hd__clkbuf_1)
     1    0.00                           _062_ (net)
                  0.05    0.00   20.87 ^ _184_/A (sky130_fd_sc_hd__clkbuf_1)
                  0.07    0.10   20.97 ^ _184_/X (sky130_fd_sc_hd__clkbuf_1)
     1    0.00                           _021_ (net)
                  0.07    0.00   20.97 ^ _294_/RESET_B (sky130_fd_sc_hd__dfrtp_1)
                                 20.97   data arrival time

                        100.00  100.00   clock clk (rise edge)
                          0.00  100.00   clock source latency
                  0.14    0.09  100.09 ^ clk (in)
     1    0.02                           clk (net)
                  0.14    0.00  100.09 ^ clkbuf_0_clk/A (sky130_fd_sc_hd__clkbuf_16)
                  0.03    0.14  100.23 ^ clkbuf_0_clk/X (sky130_fd_sc_hd__clkbuf_16)
     2    0.01                           clknet_0_clk (net)
                  0.03    0.00  100.23 ^ clkbuf_1_1_0_clk/A (sky130_fd_sc_hd__clkbuf_2)
                  0.19    0.20  100.43 ^ clkbuf_1_1_0_clk/X (sky130_fd_sc_hd__clkbuf_2)
    11    0.04                           clknet_1_1_0_clk (net)
                  0.19    0.00  100.43 ^ _294_/CLK (sky130_fd_sc_hd__dfrtp_1)
                         -0.25  100.18   clock uncertainty
                          0.00  100.18   clock reconvergence pessimism
                          0.27  100.45   library recovery time
                                100.45   data required time
-----------------------------------------------------------------------------
                                100.45   data required time
                                -20.97   data arrival time
-----------------------------------------------------------------------------
                                 79.48   slack (MET)


Startpoint: reset (input port clocked by clk)
Endpoint: _298_ (recovery check against rising-edge clock clk)
Path Group: **async_default**
Path Type: max

Fanout     Cap    Slew   Delay    Time   Description
-----------------------------------------------------------------------------
                          0.00    0.00   clock clk (rise edge)
                          0.00    0.00   clock network delay (propagated)
                         20.00   20.00 v input external delay
                  0.02    0.01   20.01 v reset (in)
     1    0.00                           reset (net)
                  0.02    0.00   20.01 v input1/A (sky130_fd_sc_hd__clkbuf_2)
                  0.08    0.14   20.16 v input1/X (sky130_fd_sc_hd__clkbuf_2)
     2    0.02                           net1 (net)
                  0.08    0.00   20.16 v _141_/A (sky130_fd_sc_hd__inv_2)
                  0.06    0.09   20.25 ^ _141_/Y (sky130_fd_sc_hd__inv_2)
     4    0.01                           _130_ (net)
                  0.06    0.00   20.25 ^ _153_/A (sky130_fd_sc_hd__dlymetal6s2s_1)
                  0.20    0.22   20.46 ^ _153_/X (sky130_fd_sc_hd__dlymetal6s2s_1)
     5    0.02                           _139_ (net)
                  0.20    0.00   20.46 ^ _170_/A (sky130_fd_sc_hd__dlymetal6s2s_1)
                  0.24    0.28   20.74 ^ _170_/X (sky130_fd_sc_hd__dlymetal6s2s_1)
     5    0.02                           _057_ (net)
                  0.24    0.00   20.74 ^ _171_/A (sky130_fd_sc_hd__clkbuf_1)
                  0.05    0.13   20.87 ^ _171_/X (sky130_fd_sc_hd__clkbuf_1)
     1    0.00                           _058_ (net)
                  0.05    0.00   20.87 ^ _172_/A (sky130_fd_sc_hd__clkbuf_1)
                  0.06    0.10   20.97 ^ _172_/X (sky130_fd_sc_hd__clkbuf_1)
     1    0.00                           _025_ (net)
                  0.06    0.00   20.97 ^ _298_/RESET_B (sky130_fd_sc_hd__dfrtp_1)
                                 20.97   data arrival time

                        100.00  100.00   clock clk (rise edge)
                          0.00  100.00   clock source latency
                  0.14    0.09  100.09 ^ clk (in)
     1    0.02                           clk (net)
                  0.14    0.00  100.09 ^ clkbuf_0_clk/A (sky130_fd_sc_hd__clkbuf_16)
                  0.03    0.14  100.23 ^ clkbuf_0_clk/X (sky130_fd_sc_hd__clkbuf_16)
     2    0.01                           clknet_0_clk (net)
                  0.03    0.00  100.23 ^ clkbuf_1_1_0_clk/A (sky130_fd_sc_hd__clkbuf_2)
                  0.19    0.20  100.43 ^ clkbuf_1_1_0_clk/X (sky130_fd_sc_hd__clkbuf_2)
    11    0.04                           clknet_1_1_0_clk (net)
                  0.19    0.00  100.43 ^ _298_/CLK (sky130_fd_sc_hd__dfrtp_1)
                         -0.25  100.18   clock uncertainty
                          0.00  100.18   clock reconvergence pessimism
                          0.27  100.45   library recovery time
                                100.45   data required time
-----------------------------------------------------------------------------
                                100.45   data required time
                                -20.97   data arrival time
-----------------------------------------------------------------------------
                                 79.48   slack (MET)


Startpoint: reset (input port clocked by clk)
Endpoint: _295_ (recovery check against rising-edge clock clk)
Path Group: **async_default**
Path Type: max

Fanout     Cap    Slew   Delay    Time   Description
-----------------------------------------------------------------------------
                          0.00    0.00   clock clk (rise edge)
                          0.00    0.00   clock network delay (propagated)
                         20.00   20.00 v input external delay
                  0.02    0.01   20.01 v reset (in)
     1    0.00                           reset (net)
                  0.02    0.00   20.01 v input1/A (sky130_fd_sc_hd__clkbuf_2)
                  0.08    0.14   20.16 v input1/X (sky130_fd_sc_hd__clkbuf_2)
     2    0.02                           net1 (net)
                  0.08    0.00   20.16 v _141_/A (sky130_fd_sc_hd__inv_2)
                  0.06    0.09   20.25 ^ _141_/Y (sky130_fd_sc_hd__inv_2)
     4    0.01                           _130_ (net)
                  0.06    0.00   20.25 ^ _153_/A (sky130_fd_sc_hd__dlymetal6s2s_1)
                  0.20    0.22   20.46 ^ _153_/X (sky130_fd_sc_hd__dlymetal6s2s_1)
     5    0.02                           _139_ (net)
                  0.20    0.00   20.46 ^ _170_/A (sky130_fd_sc_hd__dlymetal6s2s_1)
                  0.24    0.28   20.74 ^ _170_/X (sky130_fd_sc_hd__dlymetal6s2s_1)
     5    0.02                           _057_ (net)
                  0.24    0.00   20.74 ^ _180_/A (sky130_fd_sc_hd__clkbuf_1)
                  0.05    0.13   20.87 ^ _180_/X (sky130_fd_sc_hd__clkbuf_1)
     1    0.00                           _061_ (net)
                  0.05    0.00   20.87 ^ _181_/A (sky130_fd_sc_hd__clkbuf_1)
                  0.06    0.10   20.97 ^ _181_/X (sky130_fd_sc_hd__clkbuf_1)
     1    0.00                           _022_ (net)
                  0.06    0.00   20.97 ^ _295_/RESET_B (sky130_fd_sc_hd__dfrtp_2)
                                 20.97   data arrival time

                        100.00  100.00   clock clk (rise edge)
                          0.00  100.00   clock source latency
                  0.14    0.09  100.09 ^ clk (in)
     1    0.02                           clk (net)
                  0.14    0.00  100.09 ^ clkbuf_0_clk/A (sky130_fd_sc_hd__clkbuf_16)
                  0.03    0.14  100.23 ^ clkbuf_0_clk/X (sky130_fd_sc_hd__clkbuf_16)
     2    0.01                           clknet_0_clk (net)
                  0.03    0.00  100.23 ^ clkbuf_1_0_0_clk/A (sky130_fd_sc_hd__clkbuf_2)
                  0.21    0.20  100.44 ^ clkbuf_1_0_0_clk/X (sky130_fd_sc_hd__clkbuf_2)
    10    0.04                           clknet_1_0_0_clk (net)
                  0.21    0.00  100.44 ^ _295_/CLK (sky130_fd_sc_hd__dfrtp_2)
                         -0.25  100.19   clock uncertainty
                          0.00  100.19   clock reconvergence pessimism
                          0.27  100.45   library recovery time
                                100.45   data required time
-----------------------------------------------------------------------------
                                100.45   data required time
                                -20.97   data arrival time
-----------------------------------------------------------------------------
                                 79.48   slack (MET)


Startpoint: reset (input port clocked by clk)
Endpoint: ready (output port clocked by clk)
Path Group: clk
Path Type: max

Fanout     Cap    Slew   Delay    Time   Description
-----------------------------------------------------------------------------
                          0.00    0.00   clock clk (rise edge)
                          0.00    0.00   clock network delay (propagated)
                         20.00   20.00 v input external delay
                  0.02    0.01   20.01 v reset (in)
     1    0.00                           reset (net)
                  0.02    0.00   20.01 v input1/A (sky130_fd_sc_hd__clkbuf_2)
                  0.08    0.14   20.16 v input1/X (sky130_fd_sc_hd__clkbuf_2)
     2    0.02                           net1 (net)
                  0.08    0.00   20.16 v _271_/A (sky130_fd_sc_hd__nor2_1)
                  0.11    0.14   20.30 ^ _271_/Y (sky130_fd_sc_hd__nor2_1)
     1    0.00                           net19 (net)
                  0.11    0.00   20.30 ^ output19/A (sky130_fd_sc_hd__buf_2)
                  0.17    0.23   20.54 ^ output19/X (sky130_fd_sc_hd__buf_2)
     1    0.03                           ready (net)
                  0.17    0.00   20.54 ^ ready (out)
                                 20.54   data arrival time

                        100.00  100.00   clock clk (rise edge)
                          0.00  100.00   clock network delay (propagated)
                         -0.25   99.75   clock uncertainty
                          0.00   99.75   clock reconvergence pessimism
                        -20.00   79.75   output external delay
                                 79.75   data required time
-----------------------------------------------------------------------------
                                 79.75   data required time
                                -20.54   data arrival time
-----------------------------------------------------------------------------
                                 59.21   slack (MET)


Startpoint: word1[1] (input port clocked by clk)
Endpoint: _287_ (rising edge-triggered flip-flop clocked by clk)
Path Group: clk
Path Type: max

Fanout     Cap    Slew   Delay    Time   Description
-----------------------------------------------------------------------------
                          0.00    0.00   clock clk (rise edge)
                          0.00    0.00   clock network delay (propagated)
                         20.00   20.00 v input external delay
                  0.01    0.01   20.01 v word1[1] (in)
     1    0.00                           word1[1] (net)
                  0.01    0.00   20.01 v input8/A (sky130_fd_sc_hd__dlymetal6s2s_1)
                  0.09    0.18   20.18 v input8/X (sky130_fd_sc_hd__dlymetal6s2s_1)
     2    0.01                           net8 (net)
                  0.09    0.00   20.19 v _142_/A (sky130_fd_sc_hd__or4_1)
                  0.10    0.58   20.76 v _142_/X (sky130_fd_sc_hd__or4_1)
     1    0.01                           _131_ (net)
                  0.10    0.00   20.76 v _143_/B1 (sky130_fd_sc_hd__o41a_1)
                  0.10    0.17   20.94 v _143_/X (sky130_fd_sc_hd__o41a_1)
     2    0.01                           _132_ (net)
                  0.10    0.00   20.94 v _144_/C (sky130_fd_sc_hd__and3_1)
                  0.04    0.22   21.16 v _144_/X (sky130_fd_sc_hd__and3_1)
     1    0.00                           _133_ (net)
                  0.04    0.00   21.16 v _145_/A (sky130_fd_sc_hd__clkbuf_1)
                  0.07    0.13   21.28 v _145_/X (sky130_fd_sc_hd__clkbuf_1)
     4    0.01                           _006_ (net)
                  0.07    0.00   21.28 v _282_/A0 (sky130_fd_sc_hd__mux2_1)
                  0.07    0.32   21.60 v _282_/X (sky130_fd_sc_hd__mux2_1)
     1    0.01                           _009_ (net)
                  0.07    0.00   21.60 v _192_/A (sky130_fd_sc_hd__inv_2)
                  0.03    0.06   21.66 ^ _192_/Y (sky130_fd_sc_hd__inv_2)
     1    0.00                           _066_ (net)
                  0.03    0.00   21.66 ^ _193_/B1 (sky130_fd_sc_hd__a31o_1)
                  0.18    0.19   21.85 ^ _193_/X (sky130_fd_sc_hd__a31o_1)
     3    0.02                           _067_ (net)
                  0.18    0.00   21.85 ^ _225_/A (sky130_fd_sc_hd__inv_2)
                  0.06    0.09   21.94 v _225_/Y (sky130_fd_sc_hd__inv_2)
     3    0.01                           _099_ (net)
                  0.06    0.00   21.94 v _226_/B1 (sky130_fd_sc_hd__a41o_1)
                  0.11    0.29   22.23 v _226_/X (sky130_fd_sc_hd__a41o_1)
     3    0.02                           _100_ (net)
                  0.11    0.00   22.23 v _233_/A (sky130_fd_sc_hd__inv_2)
                  0.05    0.09   22.32 ^ _233_/Y (sky130_fd_sc_hd__inv_2)
     2    0.01                           _105_ (net)
                  0.05    0.00   22.32 ^ _234_/A (sky130_fd_sc_hd__clkbuf_2)
                  0.13    0.17   22.50 ^ _234_/X (sky130_fd_sc_hd__clkbuf_2)
     5    0.02                           _106_ (net)
                  0.13    0.00   22.50 ^ _258_/B2 (sky130_fd_sc_hd__a32o_1)
                  0.05    0.15   22.64 ^ _258_/X (sky130_fd_sc_hd__a32o_1)
     1    0.00                           _034_ (net)
                  0.05    0.00   22.64 ^ _287_/D (sky130_fd_sc_hd__dfrtp_4)
                                 22.64   data arrival time

                        100.00  100.00   clock clk (rise edge)
                          0.00  100.00   clock source latency
                  0.14    0.09  100.09 ^ clk (in)
     1    0.02                           clk (net)
                  0.14    0.00  100.09 ^ clkbuf_0_clk/A (sky130_fd_sc_hd__clkbuf_16)
                  0.03    0.14  100.23 ^ clkbuf_0_clk/X (sky130_fd_sc_hd__clkbuf_16)
     2    0.01                           clknet_0_clk (net)
                  0.03    0.00  100.23 ^ clkbuf_1_1_0_clk/A (sky130_fd_sc_hd__clkbuf_2)
                  0.19    0.20  100.43 ^ clkbuf_1_1_0_clk/X (sky130_fd_sc_hd__clkbuf_2)
    11    0.04                           clknet_1_1_0_clk (net)
                  0.19    0.00  100.43 ^ _287_/CLK (sky130_fd_sc_hd__dfrtp_4)
                         -0.25  100.18   clock uncertainty
                          0.00  100.18   clock reconvergence pessimism
                         -0.04  100.14   library setup time
                                100.14   data required time
-----------------------------------------------------------------------------
                                100.14   data required time
                                -22.64   data arrival time
-----------------------------------------------------------------------------
                                 77.49   slack (MET)


Startpoint: word1[1] (input port clocked by clk)
Endpoint: _289_ (rising edge-triggered flip-flop clocked by clk)
Path Group: clk
Path Type: max

Fanout     Cap    Slew   Delay    Time   Description
-----------------------------------------------------------------------------
                          0.00    0.00   clock clk (rise edge)
                          0.00    0.00   clock network delay (propagated)
                         20.00   20.00 v input external delay
                  0.01    0.01   20.01 v word1[1] (in)
     1    0.00                           word1[1] (net)
                  0.01    0.00   20.01 v input8/A (sky130_fd_sc_hd__dlymetal6s2s_1)
                  0.09    0.18   20.18 v input8/X (sky130_fd_sc_hd__dlymetal6s2s_1)
     2    0.01                           net8 (net)
                  0.09    0.00   20.19 v _142_/A (sky130_fd_sc_hd__or4_1)
                  0.10    0.58   20.76 v _142_/X (sky130_fd_sc_hd__or4_1)
     1    0.01                           _131_ (net)
                  0.10    0.00   20.76 v _143_/B1 (sky130_fd_sc_hd__o41a_1)
                  0.10    0.17   20.94 v _143_/X (sky130_fd_sc_hd__o41a_1)
     2    0.01                           _132_ (net)
                  0.10    0.00   20.94 v _144_/C (sky130_fd_sc_hd__and3_1)
                  0.04    0.22   21.16 v _144_/X (sky130_fd_sc_hd__and3_1)
     1    0.00                           _133_ (net)
                  0.04    0.00   21.16 v _145_/A (sky130_fd_sc_hd__clkbuf_1)
                  0.07    0.13   21.28 v _145_/X (sky130_fd_sc_hd__clkbuf_1)
     4    0.01                           _006_ (net)
                  0.07    0.00   21.28 v _282_/A0 (sky130_fd_sc_hd__mux2_1)
                  0.07    0.32   21.60 v _282_/X (sky130_fd_sc_hd__mux2_1)
     1    0.01                           _009_ (net)
                  0.07    0.00   21.60 v _192_/A (sky130_fd_sc_hd__inv_2)
                  0.03    0.06   21.66 ^ _192_/Y (sky130_fd_sc_hd__inv_2)
     1    0.00                           _066_ (net)
                  0.03    0.00   21.66 ^ _193_/B1 (sky130_fd_sc_hd__a31o_1)
                  0.18    0.19   21.85 ^ _193_/X (sky130_fd_sc_hd__a31o_1)
     3    0.02                           _067_ (net)
                  0.18    0.00   21.85 ^ _225_/A (sky130_fd_sc_hd__inv_2)
                  0.06    0.09   21.94 v _225_/Y (sky130_fd_sc_hd__inv_2)
     3    0.01                           _099_ (net)
                  0.06    0.00   21.94 v _226_/B1 (sky130_fd_sc_hd__a41o_1)
                  0.11    0.29   22.23 v _226_/X (sky130_fd_sc_hd__a41o_1)
     3    0.02                           _100_ (net)
                  0.11    0.00   22.23 v _233_/A (sky130_fd_sc_hd__inv_2)
                  0.05    0.09   22.32 ^ _233_/Y (sky130_fd_sc_hd__inv_2)
     2    0.01                           _105_ (net)
                  0.05    0.00   22.32 ^ _234_/A (sky130_fd_sc_hd__clkbuf_2)
                  0.13    0.17   22.50 ^ _234_/X (sky130_fd_sc_hd__clkbuf_2)
     5    0.02                           _106_ (net)
                  0.13    0.00   22.50 ^ _246_/B2 (sky130_fd_sc_hd__a32o_1)
                  0.05    0.14   22.64 ^ _246_/X (sky130_fd_sc_hd__a32o_1)
     1    0.00                           _036_ (net)
                  0.05    0.00   22.64 ^ _289_/D (sky130_fd_sc_hd__dfrtp_4)
                                 22.64   data arrival time

                        100.00  100.00   clock clk (rise edge)
                          0.00  100.00   clock source latency
                  0.14    0.09  100.09 ^ clk (in)
     1    0.02                           clk (net)
                  0.14    0.00  100.09 ^ clkbuf_0_clk/A (sky130_fd_sc_hd__clkbuf_16)
                  0.03    0.14  100.23 ^ clkbuf_0_clk/X (sky130_fd_sc_hd__clkbuf_16)
     2    0.01                           clknet_0_clk (net)
                  0.03    0.00  100.23 ^ clkbuf_1_1_0_clk/A (sky130_fd_sc_hd__clkbuf_2)
                  0.19    0.20  100.43 ^ clkbuf_1_1_0_clk/X (sky130_fd_sc_hd__clkbuf_2)
    11    0.04                           clknet_1_1_0_clk (net)
                  0.19    0.00  100.43 ^ _289_/CLK (sky130_fd_sc_hd__dfrtp_4)
                         -0.25  100.18   clock uncertainty
                          0.00  100.18   clock reconvergence pessimism
                         -0.04  100.14   library setup time
                                100.14   data required time
-----------------------------------------------------------------------------
                                100.14   data required time
                                -22.64   data arrival time
-----------------------------------------------------------------------------
                                 77.50   slack (MET)


Startpoint: word1[1] (input port clocked by clk)
Endpoint: _290_ (rising edge-triggered flip-flop clocked by clk)
Path Group: clk
Path Type: max

Fanout     Cap    Slew   Delay    Time   Description
-----------------------------------------------------------------------------
                          0.00    0.00   clock clk (rise edge)
                          0.00    0.00   clock network delay (propagated)
                         20.00   20.00 v input external delay
                  0.01    0.01   20.01 v word1[1] (in)
     1    0.00                           word1[1] (net)
                  0.01    0.00   20.01 v input8/A (sky130_fd_sc_hd__dlymetal6s2s_1)
                  0.09    0.18   20.18 v input8/X (sky130_fd_sc_hd__dlymetal6s2s_1)
     2    0.01                           net8 (net)
                  0.09    0.00   20.19 v _142_/A (sky130_fd_sc_hd__or4_1)
                  0.10    0.58   20.76 v _142_/X (sky130_fd_sc_hd__or4_1)
     1    0.01                           _131_ (net)
                  0.10    0.00   20.76 v _143_/B1 (sky130_fd_sc_hd__o41a_1)
                  0.10    0.17   20.94 v _143_/X (sky130_fd_sc_hd__o41a_1)
     2    0.01                           _132_ (net)
                  0.10    0.00   20.94 v _144_/C (sky130_fd_sc_hd__and3_1)
                  0.04    0.22   21.16 v _144_/X (sky130_fd_sc_hd__and3_1)
     1    0.00                           _133_ (net)
                  0.04    0.00   21.16 v _145_/A (sky130_fd_sc_hd__clkbuf_1)
                  0.07    0.13   21.28 v _145_/X (sky130_fd_sc_hd__clkbuf_1)
     4    0.01                           _006_ (net)
                  0.07    0.00   21.28 v _282_/A0 (sky130_fd_sc_hd__mux2_1)
                  0.07    0.32   21.60 v _282_/X (sky130_fd_sc_hd__mux2_1)
     1    0.01                           _009_ (net)
                  0.07    0.00   21.60 v _192_/A (sky130_fd_sc_hd__inv_2)
                  0.03    0.06   21.66 ^ _192_/Y (sky130_fd_sc_hd__inv_2)
     1    0.00                           _066_ (net)
                  0.03    0.00   21.66 ^ _193_/B1 (sky130_fd_sc_hd__a31o_1)
                  0.18    0.19   21.85 ^ _193_/X (sky130_fd_sc_hd__a31o_1)
     3    0.02                           _067_ (net)
                  0.18    0.00   21.85 ^ _225_/A (sky130_fd_sc_hd__inv_2)
                  0.06    0.09   21.94 v _225_/Y (sky130_fd_sc_hd__inv_2)
     3    0.01                           _099_ (net)
                  0.06    0.00   21.94 v _226_/B1 (sky130_fd_sc_hd__a41o_1)
                  0.11    0.29   22.23 v _226_/X (sky130_fd_sc_hd__a41o_1)
     3    0.02                           _100_ (net)
                  0.11    0.00   22.23 v _233_/A (sky130_fd_sc_hd__inv_2)
                  0.05    0.09   22.32 ^ _233_/Y (sky130_fd_sc_hd__inv_2)
     2    0.01                           _105_ (net)
                  0.05    0.00   22.32 ^ _234_/A (sky130_fd_sc_hd__clkbuf_2)
                  0.13    0.17   22.50 ^ _234_/X (sky130_fd_sc_hd__clkbuf_2)
     5    0.02                           _106_ (net)
                  0.13    0.00   22.50 ^ _242_/B2 (sky130_fd_sc_hd__a32o_1)
                  0.05    0.14   22.63 ^ _242_/X (sky130_fd_sc_hd__a32o_1)
     1    0.00                           _037_ (net)
                  0.05    0.00   22.63 ^ _290_/D (sky130_fd_sc_hd__dfrtp_2)
                                 22.63   data arrival time

                        100.00  100.00   clock clk (rise edge)
                          0.00  100.00   clock source latency
                  0.14    0.09  100.09 ^ clk (in)
     1    0.02                           clk (net)
                  0.14    0.00  100.09 ^ clkbuf_0_clk/A (sky130_fd_sc_hd__clkbuf_16)
                  0.03    0.14  100.23 ^ clkbuf_0_clk/X (sky130_fd_sc_hd__clkbuf_16)
     2    0.01                           clknet_0_clk (net)
                  0.03    0.00  100.23 ^ clkbuf_1_1_0_clk/A (sky130_fd_sc_hd__clkbuf_2)
                  0.19    0.20  100.43 ^ clkbuf_1_1_0_clk/X (sky130_fd_sc_hd__clkbuf_2)
    11    0.04                           clknet_1_1_0_clk (net)
                  0.19    0.00  100.43 ^ _290_/CLK (sky130_fd_sc_hd__dfrtp_2)
                         -0.25  100.18   clock uncertainty
                          0.00  100.18   clock reconvergence pessimism
                         -0.04  100.14   library setup time
                                100.14   data required time
-----------------------------------------------------------------------------
                                100.14   data required time
                                -22.63   data arrival time
-----------------------------------------------------------------------------
                                 77.50   slack (MET)


Startpoint: word1[1] (input port clocked by clk)
Endpoint: _291_ (rising edge-triggered flip-flop clocked by clk)
Path Group: clk
Path Type: max

Fanout     Cap    Slew   Delay    Time   Description
-----------------------------------------------------------------------------
                          0.00    0.00   clock clk (rise edge)
                          0.00    0.00   clock network delay (propagated)
                         20.00   20.00 v input external delay
                  0.01    0.01   20.01 v word1[1] (in)
     1    0.00                           word1[1] (net)
                  0.01    0.00   20.01 v input8/A (sky130_fd_sc_hd__dlymetal6s2s_1)
                  0.09    0.18   20.18 v input8/X (sky130_fd_sc_hd__dlymetal6s2s_1)
     2    0.01                           net8 (net)
                  0.09    0.00   20.19 v _142_/A (sky130_fd_sc_hd__or4_1)
                  0.10    0.58   20.76 v _142_/X (sky130_fd_sc_hd__or4_1)
     1    0.01                           _131_ (net)
                  0.10    0.00   20.76 v _143_/B1 (sky130_fd_sc_hd__o41a_1)
                  0.10    0.17   20.94 v _143_/X (sky130_fd_sc_hd__o41a_1)
     2    0.01                           _132_ (net)
                  0.10    0.00   20.94 v _144_/C (sky130_fd_sc_hd__and3_1)
                  0.04    0.22   21.16 v _144_/X (sky130_fd_sc_hd__and3_1)
     1    0.00                           _133_ (net)
                  0.04    0.00   21.16 v _145_/A (sky130_fd_sc_hd__clkbuf_1)
                  0.07    0.13   21.28 v _145_/X (sky130_fd_sc_hd__clkbuf_1)
     4    0.01                           _006_ (net)
                  0.07    0.00   21.28 v _282_/A0 (sky130_fd_sc_hd__mux2_1)
                  0.07    0.32   21.60 v _282_/X (sky130_fd_sc_hd__mux2_1)
     1    0.01                           _009_ (net)
                  0.07    0.00   21.60 v _192_/A (sky130_fd_sc_hd__inv_2)
                  0.03    0.06   21.66 ^ _192_/Y (sky130_fd_sc_hd__inv_2)
     1    0.00                           _066_ (net)
                  0.03    0.00   21.66 ^ _193_/B1 (sky130_fd_sc_hd__a31o_1)
                  0.18    0.19   21.85 ^ _193_/X (sky130_fd_sc_hd__a31o_1)
     3    0.02                           _067_ (net)
                  0.18    0.00   21.85 ^ _225_/A (sky130_fd_sc_hd__inv_2)
                  0.06    0.09   21.94 v _225_/Y (sky130_fd_sc_hd__inv_2)
     3    0.01                           _099_ (net)
                  0.06    0.00   21.94 v _226_/B1 (sky130_fd_sc_hd__a41o_1)
                  0.11    0.29   22.23 v _226_/X (sky130_fd_sc_hd__a41o_1)
     3    0.02                           _100_ (net)
                  0.11    0.00   22.23 v _233_/A (sky130_fd_sc_hd__inv_2)
                  0.05    0.09   22.32 ^ _233_/Y (sky130_fd_sc_hd__inv_2)
     2    0.01                           _105_ (net)
                  0.05    0.00   22.32 ^ _234_/A (sky130_fd_sc_hd__clkbuf_2)
                  0.13    0.17   22.50 ^ _234_/X (sky130_fd_sc_hd__clkbuf_2)
     5    0.02                           _106_ (net)
                  0.13    0.00   22.50 ^ _235_/B2 (sky130_fd_sc_hd__a32o_1)
                  0.05    0.14   22.64 ^ _235_/X (sky130_fd_sc_hd__a32o_1)
     1    0.00                           _038_ (net)
                  0.05    0.00   22.64 ^ _291_/D (sky130_fd_sc_hd__dfrtp_1)
                                 22.64   data arrival time

                        100.00  100.00   clock clk (rise edge)
                          0.00  100.00   clock source latency
                  0.14    0.09  100.09 ^ clk (in)
     1    0.02                           clk (net)
                  0.14    0.00  100.09 ^ clkbuf_0_clk/A (sky130_fd_sc_hd__clkbuf_16)
                  0.03    0.14  100.23 ^ clkbuf_0_clk/X (sky130_fd_sc_hd__clkbuf_16)
     2    0.01                           clknet_0_clk (net)
                  0.03    0.00  100.23 ^ clkbuf_1_1_0_clk/A (sky130_fd_sc_hd__clkbuf_2)
                  0.19    0.20  100.43 ^ clkbuf_1_1_0_clk/X (sky130_fd_sc_hd__clkbuf_2)
    11    0.04                           clknet_1_1_0_clk (net)
                  0.19    0.00  100.43 ^ _291_/CLK (sky130_fd_sc_hd__dfrtp_1)
                         -0.25  100.18   clock uncertainty
                          0.00  100.18   clock reconvergence pessimism
                         -0.04  100.14   library setup time
                                100.14   data required time
-----------------------------------------------------------------------------
                                100.14   data required time
                                -22.64   data arrival time
-----------------------------------------------------------------------------
                                 77.50   slack (MET)


