
===========================================================================
report_checks -path_delay min (Hold)
============================================================================
Startpoint: reset (input port clocked by clk)
Endpoint: _303_ (removal check against rising-edge clock clk)
Path Group: **async_default**
Path Type: min

Fanout     Cap    Slew   Delay    Time   Description
-----------------------------------------------------------------------------
                          0.00    0.00   clock clk (rise edge)
                          0.00    0.00   clock network delay (propagated)
                         20.00   20.00 v input external delay
                  0.02    0.01   20.01 v reset (in)
     1    0.00                           reset (net)
                  0.02    0.00   20.01 v input1/A (sky130_fd_sc_hd__clkbuf_2)
                  0.08    0.13   20.14 v input1/X (sky130_fd_sc_hd__clkbuf_2)
     2    0.02                           net1 (net)
                  0.08    0.00   20.14 v _141_/A (sky130_fd_sc_hd__inv_2)
                  0.06    0.08   20.22 ^ _141_/Y (sky130_fd_sc_hd__inv_2)
     4    0.01                           _130_ (net)
                  0.06    0.00   20.22 ^ _153_/A (sky130_fd_sc_hd__dlymetal6s2s_1)
                  0.20    0.20   20.42 ^ _153_/X (sky130_fd_sc_hd__dlymetal6s2s_1)
     5    0.02                           _139_ (net)
                  0.20    0.00   20.42 ^ _154_/A (sky130_fd_sc_hd__clkbuf_2)
                  0.11    0.19   20.61 ^ _154_/X (sky130_fd_sc_hd__clkbuf_2)
     5    0.02                           _030_ (net)
                  0.11    0.00   20.61 ^ _303_/RESET_B (sky130_fd_sc_hd__dfrtp_1)
                                 20.61   data arrival time

                          0.00    0.00   clock clk (rise edge)
                          0.00    0.00   clock source latency
                  0.14    0.10    0.10 ^ clk (in)
     1    0.02                           clk (net)
                  0.14    0.00    0.10 ^ clkbuf_0_clk/A (sky130_fd_sc_hd__clkbuf_16)
                  0.03    0.16    0.26 ^ clkbuf_0_clk/X (sky130_fd_sc_hd__clkbuf_16)
     2    0.01                           clknet_0_clk (net)
                  0.03    0.00    0.26 ^ clkbuf_1_0_0_clk/A (sky130_fd_sc_hd__clkbuf_2)
                  0.21    0.22    0.48 ^ clkbuf_1_0_0_clk/X (sky130_fd_sc_hd__clkbuf_2)
    10    0.04                           clknet_1_0_0_clk (net)
                  0.21    0.00    0.48 ^ _303_/CLK (sky130_fd_sc_hd__dfrtp_1)
                          0.25    0.73   clock uncertainty
                          0.00    0.73   clock reconvergence pessimism
                          0.38    1.11   library removal time
                                  1.11   data required time
-----------------------------------------------------------------------------
                                  1.11   data required time
                                -20.61   data arrival time
-----------------------------------------------------------------------------
                                 19.50   slack (MET)


Startpoint: reset (input port clocked by clk)
Endpoint: _304_ (removal check against rising-edge clock clk)
Path Group: **async_default**
Path Type: min

Fanout     Cap    Slew   Delay    Time   Description
-----------------------------------------------------------------------------
                          0.00    0.00   clock clk (rise edge)
                          0.00    0.00   clock network delay (propagated)
                         20.00   20.00 v input external delay
                  0.02    0.01   20.01 v reset (in)
     1    0.00                           reset (net)
                  0.02    0.00   20.01 v input1/A (sky130_fd_sc_hd__clkbuf_2)
                  0.08    0.13   20.14 v input1/X (sky130_fd_sc_hd__clkbuf_2)
     2    0.02                           net1 (net)
                  0.08    0.00   20.14 v _141_/A (sky130_fd_sc_hd__inv_2)
                  0.06    0.08   20.22 ^ _141_/Y (sky130_fd_sc_hd__inv_2)
     4    0.01                           _130_ (net)
                  0.06    0.00   20.22 ^ _153_/A (sky130_fd_sc_hd__dlymetal6s2s_1)
                  0.20    0.20   20.42 ^ _153_/X (sky130_fd_sc_hd__dlymetal6s2s_1)
     5    0.02                           _139_ (net)
                  0.20    0.00   20.42 ^ _274_/A (sky130_fd_sc_hd__clkbuf_1)
                  0.04    0.11   20.53 ^ _274_/X (sky130_fd_sc_hd__clkbuf_1)
     1    0.00                           _129_ (net)
                  0.04    0.00   20.53 ^ _275_/A (sky130_fd_sc_hd__clkbuf_1)
                  0.06    0.09   20.61 ^ _275_/X (sky130_fd_sc_hd__clkbuf_1)
     1    0.00                           _031_ (net)
                  0.06    0.00   20.61 ^ _304_/RESET_B (sky130_fd_sc_hd__dfrtp_1)
                                 20.61   data arrival time

                          0.00    0.00   clock clk (rise edge)
                          0.00    0.00   clock source latency
                  0.14    0.10    0.10 ^ clk (in)
     1    0.02                           clk (net)
                  0.14    0.00    0.10 ^ clkbuf_0_clk/A (sky130_fd_sc_hd__clkbuf_16)
                  0.03    0.16    0.26 ^ clkbuf_0_clk/X (sky130_fd_sc_hd__clkbuf_16)
     2    0.01                           clknet_0_clk (net)
                  0.03    0.00    0.26 ^ clkbuf_1_0_0_clk/A (sky130_fd_sc_hd__clkbuf_2)
                  0.21    0.22    0.48 ^ clkbuf_1_0_0_clk/X (sky130_fd_sc_hd__clkbuf_2)
    10    0.04                           clknet_1_0_0_clk (net)
                  0.21    0.00    0.48 ^ _304_/CLK (sky130_fd_sc_hd__dfrtp_1)
                          0.25    0.73   clock uncertainty
                          0.00    0.73   clock reconvergence pessimism
                          0.37    1.10   library removal time
                                  1.10   data required time
-----------------------------------------------------------------------------
                                  1.10   data required time
                                -20.61   data arrival time
-----------------------------------------------------------------------------
                                 19.51   slack (MET)


Startpoint: reset (input port clocked by clk)
Endpoint: _301_ (removal check against rising-edge clock clk)
Path Group: **async_default**
Path Type: min

Fanout     Cap    Slew   Delay    Time   Description
-----------------------------------------------------------------------------
                          0.00    0.00   clock clk (rise edge)
                          0.00    0.00   clock network delay (propagated)
                         20.00   20.00 v input external delay
                  0.02    0.01   20.01 v reset (in)
     1    0.00                           reset (net)
                  0.02    0.00   20.01 v input1/A (sky130_fd_sc_hd__clkbuf_2)
                  0.08    0.13   20.14 v input1/X (sky130_fd_sc_hd__clkbuf_2)
     2    0.02                           net1 (net)
                  0.08    0.00   20.14 v _141_/A (sky130_fd_sc_hd__inv_2)
                  0.06    0.08   20.22 ^ _141_/Y (sky130_fd_sc_hd__inv_2)
     4    0.01                           _130_ (net)
                  0.06    0.00   20.22 ^ _153_/A (sky130_fd_sc_hd__dlymetal6s2s_1)
                  0.20    0.20   20.42 ^ _153_/X (sky130_fd_sc_hd__dlymetal6s2s_1)
     5    0.02                           _139_ (net)
                  0.20    0.00   20.42 ^ _154_/A (sky130_fd_sc_hd__clkbuf_2)
                  0.11    0.19   20.61 ^ _154_/X (sky130_fd_sc_hd__clkbuf_2)
     5    0.02                           _030_ (net)
                  0.11    0.00   20.61 ^ _161_/A (sky130_fd_sc_hd__clkbuf_1)
                  0.04    0.09   20.70 ^ _161_/X (sky130_fd_sc_hd__clkbuf_1)
     1    0.00                           _054_ (net)
                  0.04    0.00   20.70 ^ _162_/A (sky130_fd_sc_hd__clkbuf_1)
                  0.06    0.09   20.79 ^ _162_/X (sky130_fd_sc_hd__clkbuf_1)
     1    0.00                           _028_ (net)
                  0.06    0.00   20.79 ^ _301_/RESET_B (sky130_fd_sc_hd__dfrtp_1)
                                 20.79   data arrival time

                          0.00    0.00   clock clk (rise edge)
                          0.00    0.00   clock source latency
                  0.14    0.10    0.10 ^ clk (in)
     1    0.02                           clk (net)
                  0.14    0.00    0.10 ^ clkbuf_0_clk/A (sky130_fd_sc_hd__clkbuf_16)
                  0.03    0.16    0.26 ^ clkbuf_0_clk/X (sky130_fd_sc_hd__clkbuf_16)
     2    0.01                           clknet_0_clk (net)
                  0.03    0.00    0.26 ^ clkbuf_1_0_0_clk/A (sky130_fd_sc_hd__clkbuf_2)
                  0.21    0.22    0.48 ^ clkbuf_1_0_0_clk/X (sky130_fd_sc_hd__clkbuf_2)
    10    0.04                           clknet_1_0_0_clk (net)
                  0.21    0.00    0.48 ^ _301_/CLK (sky130_fd_sc_hd__dfrtp_1)
                          0.25    0.73   clock uncertainty
                          0.00    0.73   clock reconvergence pessimism
                          0.37    1.10   library removal time
                                  1.10   data required time
-----------------------------------------------------------------------------
                                  1.10   data required time
                                -20.79   data arrival time
-----------------------------------------------------------------------------
                                 19.69   slack (MET)


Startpoint: reset (input port clocked by clk)
Endpoint: _302_ (removal check against rising-edge clock clk)
Path Group: **async_default**
Path Type: min

Fanout     Cap    Slew   Delay    Time   Description
-----------------------------------------------------------------------------
                          0.00    0.00   clock clk (rise edge)
                          0.00    0.00   clock network delay (propagated)
                         20.00   20.00 v input external delay
                  0.02    0.01   20.01 v reset (in)
     1    0.00                           reset (net)
                  0.02    0.00   20.01 v input1/A (sky130_fd_sc_hd__clkbuf_2)
                  0.08    0.13   20.14 v input1/X (sky130_fd_sc_hd__clkbuf_2)
     2    0.02                           net1 (net)
                  0.08    0.00   20.14 v _141_/A (sky130_fd_sc_hd__inv_2)
                  0.06    0.08   20.22 ^ _141_/Y (sky130_fd_sc_hd__inv_2)
     4    0.01                           _130_ (net)
                  0.06    0.00   20.22 ^ _153_/A (sky130_fd_sc_hd__dlymetal6s2s_1)
                  0.20    0.20   20.42 ^ _153_/X (sky130_fd_sc_hd__dlymetal6s2s_1)
     5    0.02                           _139_ (net)
                  0.20    0.00   20.42 ^ _154_/A (sky130_fd_sc_hd__clkbuf_2)
                  0.11    0.19   20.61 ^ _154_/X (sky130_fd_sc_hd__clkbuf_2)
     5    0.02                           _030_ (net)
                  0.11    0.00   20.61 ^ _158_/A (sky130_fd_sc_hd__clkbuf_1)
                  0.04    0.09   20.70 ^ _158_/X (sky130_fd_sc_hd__clkbuf_1)
     1    0.00                           _053_ (net)
                  0.04    0.00   20.70 ^ _159_/A (sky130_fd_sc_hd__clkbuf_1)
                  0.06    0.09   20.79 ^ _159_/X (sky130_fd_sc_hd__clkbuf_1)
     1    0.00                           _029_ (net)
                  0.06    0.00   20.79 ^ _302_/RESET_B (sky130_fd_sc_hd__dfrtp_1)
                                 20.79   data arrival time

                          0.00    0.00   clock clk (rise edge)
                          0.00    0.00   clock source latency
                  0.14    0.10    0.10 ^ clk (in)
     1    0.02                           clk (net)
                  0.14    0.00    0.10 ^ clkbuf_0_clk/A (sky130_fd_sc_hd__clkbuf_16)
                  0.03    0.16    0.26 ^ clkbuf_0_clk/X (sky130_fd_sc_hd__clkbuf_16)
     2    0.01                           clknet_0_clk (net)
                  0.03    0.00    0.26 ^ clkbuf_1_0_0_clk/A (sky130_fd_sc_hd__clkbuf_2)
                  0.21    0.22    0.48 ^ clkbuf_1_0_0_clk/X (sky130_fd_sc_hd__clkbuf_2)
    10    0.04                           clknet_1_0_0_clk (net)
                  0.21    0.00    0.48 ^ _302_/CLK (sky130_fd_sc_hd__dfrtp_1)
                          0.25    0.73   clock uncertainty
                          0.00    0.73   clock reconvergence pessimism
                          0.37    1.10   library removal time
                                  1.10   data required time
-----------------------------------------------------------------------------
                                  1.10   data required time
                                -20.79   data arrival time
-----------------------------------------------------------------------------
                                 19.69   slack (MET)


Startpoint: reset (input port clocked by clk)
Endpoint: _300_ (removal check against rising-edge clock clk)
Path Group: **async_default**
Path Type: min

Fanout     Cap    Slew   Delay    Time   Description
-----------------------------------------------------------------------------
                          0.00    0.00   clock clk (rise edge)
                          0.00    0.00   clock network delay (propagated)
                         20.00   20.00 v input external delay
                  0.02    0.01   20.01 v reset (in)
     1    0.00                           reset (net)
                  0.02    0.00   20.01 v input1/A (sky130_fd_sc_hd__clkbuf_2)
                  0.08    0.13   20.14 v input1/X (sky130_fd_sc_hd__clkbuf_2)
     2    0.02                           net1 (net)
                  0.08    0.00   20.14 v _141_/A (sky130_fd_sc_hd__inv_2)
                  0.06    0.08   20.22 ^ _141_/Y (sky130_fd_sc_hd__inv_2)
     4    0.01                           _130_ (net)
                  0.06    0.00   20.22 ^ _153_/A (sky130_fd_sc_hd__dlymetal6s2s_1)
                  0.20    0.20   20.42 ^ _153_/X (sky130_fd_sc_hd__dlymetal6s2s_1)
     5    0.02                           _139_ (net)
                  0.20    0.00   20.42 ^ _154_/A (sky130_fd_sc_hd__clkbuf_2)
                  0.11    0.19   20.61 ^ _154_/X (sky130_fd_sc_hd__clkbuf_2)
     5    0.02                           _030_ (net)
                  0.11    0.00   20.61 ^ _164_/A (sky130_fd_sc_hd__clkbuf_1)
                  0.05    0.09   20.70 ^ _164_/X (sky130_fd_sc_hd__clkbuf_1)
     1    0.00                           _055_ (net)
                  0.05    0.00   20.70 ^ _165_/A (sky130_fd_sc_hd__clkbuf_1)
                  0.06    0.09   20.79 ^ _165_/X (sky130_fd_sc_hd__clkbuf_1)
     1    0.00                           _027_ (net)
                  0.06    0.00   20.79 ^ _300_/RESET_B (sky130_fd_sc_hd__dfrtp_1)
                                 20.79   data arrival time

                          0.00    0.00   clock clk (rise edge)
                          0.00    0.00   clock source latency
                  0.14    0.10    0.10 ^ clk (in)
     1    0.02                           clk (net)
                  0.14    0.00    0.10 ^ clkbuf_0_clk/A (sky130_fd_sc_hd__clkbuf_16)
                  0.03    0.16    0.26 ^ clkbuf_0_clk/X (sky130_fd_sc_hd__clkbuf_16)
     2    0.01                           clknet_0_clk (net)
                  0.03    0.00    0.26 ^ clkbuf_1_0_0_clk/A (sky130_fd_sc_hd__clkbuf_2)
                  0.21    0.22    0.48 ^ clkbuf_1_0_0_clk/X (sky130_fd_sc_hd__clkbuf_2)
    10    0.04                           clknet_1_0_0_clk (net)
                  0.21    0.00    0.48 ^ _300_/CLK (sky130_fd_sc_hd__dfrtp_1)
                          0.25    0.73   clock uncertainty
                          0.00    0.73   clock reconvergence pessimism
                          0.37    1.10   library removal time
                                  1.10   data required time
-----------------------------------------------------------------------------
                                  1.10   data required time
                                -20.79   data arrival time
-----------------------------------------------------------------------------
                                 19.69   slack (MET)


Startpoint: _303_ (rising edge-triggered flip-flop clocked by clk)
Endpoint: _303_ (rising edge-triggered flip-flop clocked by clk)
Path Group: clk
Path Type: min

Fanout     Cap    Slew   Delay    Time   Description
-----------------------------------------------------------------------------
                          0.00    0.00   clock clk (rise edge)
                          0.00    0.00   clock source latency
                  0.14    0.09    0.09 ^ clk (in)
     1    0.02                           clk (net)
                  0.14    0.00    0.09 ^ clkbuf_0_clk/A (sky130_fd_sc_hd__clkbuf_16)
                  0.03    0.14    0.23 ^ clkbuf_0_clk/X (sky130_fd_sc_hd__clkbuf_16)
     2    0.01                           clknet_0_clk (net)
                  0.03    0.00    0.23 ^ clkbuf_1_0_0_clk/A (sky130_fd_sc_hd__clkbuf_2)
                  0.21    0.20    0.44 ^ clkbuf_1_0_0_clk/X (sky130_fd_sc_hd__clkbuf_2)
    10    0.04                           clknet_1_0_0_clk (net)
                  0.21    0.00    0.44 ^ _303_/CLK (sky130_fd_sc_hd__dfrtp_1)
                  0.09    0.39    0.82 ^ _303_/Q (sky130_fd_sc_hd__dfrtp_1)
     3    0.01                           datapath_module0.multiplier[2] (net)
                  0.09    0.00    0.82 ^ _157_/B1 (sky130_fd_sc_hd__a22o_1)
                  0.04    0.12    0.94 ^ _157_/X (sky130_fd_sc_hd__a22o_1)
     1    0.00                           _050_ (net)
                  0.04    0.00    0.94 ^ _303_/D (sky130_fd_sc_hd__dfrtp_1)
                                  0.94   data arrival time

                          0.00    0.00   clock clk (rise edge)
                          0.00    0.00   clock source latency
                  0.14    0.10    0.10 ^ clk (in)
     1    0.02                           clk (net)
                  0.14    0.00    0.10 ^ clkbuf_0_clk/A (sky130_fd_sc_hd__clkbuf_16)
                  0.03    0.16    0.26 ^ clkbuf_0_clk/X (sky130_fd_sc_hd__clkbuf_16)
     2    0.01                           clknet_0_clk (net)
                  0.03    0.00    0.26 ^ clkbuf_1_0_0_clk/A (sky130_fd_sc_hd__clkbuf_2)
                  0.21    0.22    0.48 ^ clkbuf_1_0_0_clk/X (sky130_fd_sc_hd__clkbuf_2)
    10    0.04                           clknet_1_0_0_clk (net)
                  0.21    0.00    0.48 ^ _303_/CLK (sky130_fd_sc_hd__dfrtp_1)
                          0.25    0.73   clock uncertainty
                         -0.05    0.69   clock reconvergence pessimism
                         -0.01    0.67   library hold time
                                  0.67   data required time
-----------------------------------------------------------------------------
                                  0.67   data required time
                                 -0.94   data arrival time
-----------------------------------------------------------------------------
                                  0.27   slack (MET)


Startpoint: _301_ (rising edge-triggered flip-flop clocked by clk)
Endpoint: _301_ (rising edge-triggered flip-flop clocked by clk)
Path Group: clk
Path Type: min

Fanout     Cap    Slew   Delay    Time   Description
-----------------------------------------------------------------------------
                          0.00    0.00   clock clk (rise edge)
                          0.00    0.00   clock source latency
                  0.14    0.09    0.09 ^ clk (in)
     1    0.02                           clk (net)
                  0.14    0.00    0.09 ^ clkbuf_0_clk/A (sky130_fd_sc_hd__clkbuf_16)
                  0.03    0.14    0.23 ^ clkbuf_0_clk/X (sky130_fd_sc_hd__clkbuf_16)
     2    0.01                           clknet_0_clk (net)
                  0.03    0.00    0.23 ^ clkbuf_1_0_0_clk/A (sky130_fd_sc_hd__clkbuf_2)
                  0.21    0.20    0.44 ^ clkbuf_1_0_0_clk/X (sky130_fd_sc_hd__clkbuf_2)
    10    0.04                           clknet_1_0_0_clk (net)
                  0.21    0.00    0.44 ^ _301_/CLK (sky130_fd_sc_hd__dfrtp_1)
                  0.09    0.38    0.82 ^ _301_/Q (sky130_fd_sc_hd__dfrtp_1)
     3    0.01                           control_module0.m0 (net)
                  0.09    0.00    0.82 ^ _163_/B1 (sky130_fd_sc_hd__a22o_1)
                  0.06    0.13    0.95 ^ _163_/X (sky130_fd_sc_hd__a22o_1)
     1    0.00                           _048_ (net)
                  0.06    0.00    0.95 ^ _301_/D (sky130_fd_sc_hd__dfrtp_1)
                                  0.95   data arrival time

                          0.00    0.00   clock clk (rise edge)
                          0.00    0.00   clock source latency
                  0.14    0.10    0.10 ^ clk (in)
     1    0.02                           clk (net)
                  0.14    0.00    0.10 ^ clkbuf_0_clk/A (sky130_fd_sc_hd__clkbuf_16)
                  0.03    0.16    0.26 ^ clkbuf_0_clk/X (sky130_fd_sc_hd__clkbuf_16)
     2    0.01                           clknet_0_clk (net)
                  0.03    0.00    0.26 ^ clkbuf_1_0_0_clk/A (sky130_fd_sc_hd__clkbuf_2)
                  0.21    0.22    0.48 ^ clkbuf_1_0_0_clk/X (sky130_fd_sc_hd__clkbuf_2)
    10    0.04                           clknet_1_0_0_clk (net)
                  0.21    0.00    0.48 ^ _301_/CLK (sky130_fd_sc_hd__dfrtp_1)
                          0.25    0.73   clock uncertainty
                         -0.05    0.69   clock reconvergence pessimism
                         -0.01    0.67   library hold time
                                  0.67   data required time
-----------------------------------------------------------------------------
                                  0.67   data required time
                                 -0.95   data arrival time
-----------------------------------------------------------------------------
                                  0.28   slack (MET)


Startpoint: _302_ (rising edge-triggered flip-flop clocked by clk)
Endpoint: _302_ (rising edge-triggered flip-flop clocked by clk)
Path Group: clk
Path Type: min

Fanout     Cap    Slew   Delay    Time   Description
-----------------------------------------------------------------------------
                          0.00    0.00   clock clk (rise edge)
                          0.00    0.00   clock source latency
                  0.14    0.09    0.09 ^ clk (in)
     1    0.02                           clk (net)
                  0.14    0.00    0.09 ^ clkbuf_0_clk/A (sky130_fd_sc_hd__clkbuf_16)
                  0.03    0.14    0.23 ^ clkbuf_0_clk/X (sky130_fd_sc_hd__clkbuf_16)
     2    0.01                           clknet_0_clk (net)
                  0.03    0.00    0.23 ^ clkbuf_1_0_0_clk/A (sky130_fd_sc_hd__clkbuf_2)
                  0.21    0.20    0.44 ^ clkbuf_1_0_0_clk/X (sky130_fd_sc_hd__clkbuf_2)
    10    0.04                           clknet_1_0_0_clk (net)
                  0.21    0.00    0.44 ^ _302_/CLK (sky130_fd_sc_hd__dfrtp_1)
                  0.10    0.40    0.83 ^ _302_/Q (sky130_fd_sc_hd__dfrtp_1)
     3    0.01                           datapath_module0.multiplier[1] (net)
                  0.10    0.00    0.84 ^ _160_/B1 (sky130_fd_sc_hd__a22o_1)
                  0.04    0.12    0.96 ^ _160_/X (sky130_fd_sc_hd__a22o_1)
     1    0.00                           _049_ (net)
                  0.04    0.00    0.96 ^ _302_/D (sky130_fd_sc_hd__dfrtp_1)
                                  0.96   data arrival time

                          0.00    0.00   clock clk (rise edge)
                          0.00    0.00   clock source latency
                  0.14    0.10    0.10 ^ clk (in)
     1    0.02                           clk (net)
                  0.14    0.00    0.10 ^ clkbuf_0_clk/A (sky130_fd_sc_hd__clkbuf_16)
                  0.03    0.16    0.26 ^ clkbuf_0_clk/X (sky130_fd_sc_hd__clkbuf_16)
     2    0.01                           clknet_0_clk (net)
                  0.03    0.00    0.26 ^ clkbuf_1_0_0_clk/A (sky130_fd_sc_hd__clkbuf_2)
                  0.21    0.22    0.48 ^ clkbuf_1_0_0_clk/X (sky130_fd_sc_hd__clkbuf_2)
    10    0.04                           clknet_1_0_0_clk (net)
                  0.21    0.00    0.48 ^ _302_/CLK (sky130_fd_sc_hd__dfrtp_1)
                          0.25    0.73   clock uncertainty
                         -0.05    0.69   clock reconvergence pessimism
                         -0.01    0.68   library hold time
                                  0.68   data required time
-----------------------------------------------------------------------------
                                  0.68   data required time
                                 -0.96   data arrival time
-----------------------------------------------------------------------------
                                  0.28   slack (MET)


Startpoint: _304_ (rising edge-triggered flip-flop clocked by clk)
Endpoint: _304_ (rising edge-triggered flip-flop clocked by clk)
Path Group: clk
Path Type: min

Fanout     Cap    Slew   Delay    Time   Description
-----------------------------------------------------------------------------
                          0.00    0.00   clock clk (rise edge)
                          0.00    0.00   clock source latency
                  0.14    0.09    0.09 ^ clk (in)
     1    0.02                           clk (net)
                  0.14    0.00    0.09 ^ clkbuf_0_clk/A (sky130_fd_sc_hd__clkbuf_16)
                  0.03    0.14    0.23 ^ clkbuf_0_clk/X (sky130_fd_sc_hd__clkbuf_16)
     2    0.01                           clknet_0_clk (net)
                  0.03    0.00    0.23 ^ clkbuf_1_0_0_clk/A (sky130_fd_sc_hd__clkbuf_2)
                  0.21    0.20    0.44 ^ clkbuf_1_0_0_clk/X (sky130_fd_sc_hd__clkbuf_2)
    10    0.04                           clknet_1_0_0_clk (net)
                  0.21    0.00    0.44 ^ _304_/CLK (sky130_fd_sc_hd__dfrtp_1)
                  0.10    0.40    0.83 ^ _304_/Q (sky130_fd_sc_hd__dfrtp_1)
     3    0.01                           datapath_module0.multiplier[3] (net)
                  0.10    0.00    0.83 ^ _152_/A1 (sky130_fd_sc_hd__a22o_1)
                  0.04    0.13    0.97 ^ _152_/X (sky130_fd_sc_hd__a22o_1)
     1    0.00                           _051_ (net)
                  0.04    0.00    0.97 ^ _304_/D (sky130_fd_sc_hd__dfrtp_1)
                                  0.97   data arrival time

                          0.00    0.00   clock clk (rise edge)
                          0.00    0.00   clock source latency
                  0.14    0.10    0.10 ^ clk (in)
     1    0.02                           clk (net)
                  0.14    0.00    0.10 ^ clkbuf_0_clk/A (sky130_fd_sc_hd__clkbuf_16)
                  0.03    0.16    0.26 ^ clkbuf_0_clk/X (sky130_fd_sc_hd__clkbuf_16)
     2    0.01                           clknet_0_clk (net)
                  0.03    0.00    0.26 ^ clkbuf_1_0_0_clk/A (sky130_fd_sc_hd__clkbuf_2)
                  0.21    0.22    0.48 ^ clkbuf_1_0_0_clk/X (sky130_fd_sc_hd__clkbuf_2)
    10    0.04                           clknet_1_0_0_clk (net)
                  0.21    0.00    0.48 ^ _304_/CLK (sky130_fd_sc_hd__dfrtp_1)
                          0.25    0.73   clock uncertainty
                         -0.05    0.69   clock reconvergence pessimism
                         -0.01    0.67   library hold time
                                  0.67   data required time
-----------------------------------------------------------------------------
                                  0.67   data required time
                                 -0.97   data arrival time
-----------------------------------------------------------------------------
                                  0.29   slack (MET)


Startpoint: _298_ (rising edge-triggered flip-flop clocked by clk)
Endpoint: _299_ (rising edge-triggered flip-flop clocked by clk)
Path Group: clk
Path Type: min

Fanout     Cap    Slew   Delay    Time   Description
-----------------------------------------------------------------------------
                          0.00    0.00   clock clk (rise edge)
                          0.00    0.00   clock source latency
                  0.14    0.09    0.09 ^ clk (in)
     1    0.02                           clk (net)
                  0.14    0.00    0.09 ^ clkbuf_0_clk/A (sky130_fd_sc_hd__clkbuf_16)
                  0.03    0.14    0.23 ^ clkbuf_0_clk/X (sky130_fd_sc_hd__clkbuf_16)
     2    0.01                           clknet_0_clk (net)
                  0.03    0.00    0.23 ^ clkbuf_1_1_0_clk/A (sky130_fd_sc_hd__clkbuf_2)
                  0.19    0.20    0.43 ^ clkbuf_1_1_0_clk/X (sky130_fd_sc_hd__clkbuf_2)
    11    0.04                           clknet_1_1_0_clk (net)
                  0.19    0.00    0.43 ^ _298_/CLK (sky130_fd_sc_hd__dfrtp_1)
                  0.16    0.44    0.87 ^ _298_/Q (sky130_fd_sc_hd__dfrtp_1)
     6    0.02                           datapath_module0.multiplicand[5] (net)
                  0.16    0.00    0.87 ^ _169_/B1 (sky130_fd_sc_hd__a22o_1)
                  0.04    0.14    1.00 ^ _169_/X (sky130_fd_sc_hd__a22o_1)
     1    0.00                           _046_ (net)
                  0.04    0.00    1.00 ^ _299_/D (sky130_fd_sc_hd__dfrtp_1)
                                  1.00   data arrival time

                          0.00    0.00   clock clk (rise edge)
                          0.00    0.00   clock source latency
                  0.14    0.10    0.10 ^ clk (in)
     1    0.02                           clk (net)
                  0.14    0.00    0.10 ^ clkbuf_0_clk/A (sky130_fd_sc_hd__clkbuf_16)
                  0.03    0.16    0.26 ^ clkbuf_0_clk/X (sky130_fd_sc_hd__clkbuf_16)
     2    0.01                           clknet_0_clk (net)
                  0.03    0.00    0.26 ^ clkbuf_1_0_0_clk/A (sky130_fd_sc_hd__clkbuf_2)
                  0.21    0.22    0.48 ^ clkbuf_1_0_0_clk/X (sky130_fd_sc_hd__clkbuf_2)
    10    0.04                           clknet_1_0_0_clk (net)
                  0.21    0.00    0.48 ^ _299_/CLK (sky130_fd_sc_hd__dfrtp_1)
                          0.25    0.73   clock uncertainty
                         -0.02    0.71   clock reconvergence pessimism
                         -0.01    0.70   library hold time
                                  0.70   data required time
-----------------------------------------------------------------------------
                                  0.70   data required time
                                 -1.00   data arrival time
-----------------------------------------------------------------------------
                                  0.31   slack (MET)


