
===========================================================================
report_checks -path_delay min (Hold)
============================================================================
Startpoint: rst (input port clocked by clk)
Endpoint: _15811_ (removal check against rising-edge clock clk)
Path Group: **async_default**
Path Type: min

Fanout     Cap    Slew   Delay    Time   Description
-----------------------------------------------------------------------------
                          0.00    0.00   clock clk (rise edge)
                          0.00    0.00   clock network delay (propagated)
                         20.00   20.00 ^ input external delay
                  0.09    0.05   20.05 ^ rst (in)
     1    0.01                           rst (net)
                  0.09    0.00   20.05 ^ input18/A (sky130_fd_sc_hd__buf_12)
                  0.29    0.26   20.31 ^ input18/X (sky130_fd_sc_hd__buf_12)
    69    0.25                           net18 (net)
                  0.29    0.00   20.31 ^ _15811_/RESET_B (sky130_fd_sc_hd__dfrtp_1)
                                 20.31   data arrival time

                          0.00    0.00   clock clk (rise edge)
                          0.00    0.00   clock source latency
                  0.07    0.05    0.05 ^ clk (in)
     1    0.01                           clk (net)
                  0.07    0.00    0.05 ^ clkbuf_0_clk/A (sky130_fd_sc_hd__clkbuf_16)
                  0.03    0.13    0.18 ^ clkbuf_0_clk/X (sky130_fd_sc_hd__clkbuf_16)
     2    0.00                           clknet_0_clk (net)
                  0.03    0.00    0.18 ^ clkbuf_1_0_0_clk/A (sky130_fd_sc_hd__clkbuf_2)
                  0.04    0.10    0.29 ^ clkbuf_1_0_0_clk/X (sky130_fd_sc_hd__clkbuf_2)
     2    0.00                           clknet_1_0_0_clk (net)
                  0.04    0.00    0.29 ^ clkbuf_2_1_0_clk/A (sky130_fd_sc_hd__clkbuf_2)
                  0.04    0.10    0.39 ^ clkbuf_2_1_0_clk/X (sky130_fd_sc_hd__clkbuf_2)
     2    0.00                           clknet_2_1_0_clk (net)
                  0.04    0.00    0.39 ^ clkbuf_3_2_0_clk/A (sky130_fd_sc_hd__clkbuf_2)
                  0.04    0.10    0.49 ^ clkbuf_3_2_0_clk/X (sky130_fd_sc_hd__clkbuf_2)
     2    0.00                           clknet_3_2_0_clk (net)
                  0.04    0.00    0.49 ^ clkbuf_4_5_0_clk/A (sky130_fd_sc_hd__clkbuf_2)
                  0.04    0.10    0.60 ^ clkbuf_4_5_0_clk/X (sky130_fd_sc_hd__clkbuf_2)
     2    0.00                           clknet_4_5_0_clk (net)
                  0.04    0.00    0.60 ^ clkbuf_5_10_0_clk/A (sky130_fd_sc_hd__clkbuf_2)
                  0.30    0.31    0.91 ^ clkbuf_5_10_0_clk/X (sky130_fd_sc_hd__clkbuf_2)
     7    0.06                           clknet_5_10_0_clk (net)
                  0.30    0.00    0.91 ^ clkbuf_leaf_177_clk/A (sky130_fd_sc_hd__clkbuf_16)
                  0.05    0.23    1.13 ^ clkbuf_leaf_177_clk/X (sky130_fd_sc_hd__clkbuf_16)
    11    0.02                           clknet_leaf_177_clk (net)
                  0.05    0.00    1.13 ^ _15811_/CLK (sky130_fd_sc_hd__dfrtp_1)
                          0.25    1.38   clock uncertainty
                          0.00    1.38   clock reconvergence pessimism
                          0.39    1.77   library removal time
                                  1.77   data required time
-----------------------------------------------------------------------------
                                  1.77   data required time
                                -20.31   data arrival time
-----------------------------------------------------------------------------
                                 18.54   slack (MET)


Startpoint: rst (input port clocked by clk)
Endpoint: _15771_ (removal check against rising-edge clock clk)
Path Group: **async_default**
Path Type: min

Fanout     Cap    Slew   Delay    Time   Description
-----------------------------------------------------------------------------
                          0.00    0.00   clock clk (rise edge)
                          0.00    0.00   clock network delay (propagated)
                         20.00   20.00 ^ input external delay
                  0.09    0.05   20.05 ^ rst (in)
     1    0.01                           rst (net)
                  0.09    0.00   20.05 ^ input18/A (sky130_fd_sc_hd__buf_12)
                  0.29    0.26   20.31 ^ input18/X (sky130_fd_sc_hd__buf_12)
    69    0.25                           net18 (net)
                  0.29    0.00   20.31 ^ _15771_/RESET_B (sky130_fd_sc_hd__dfrtp_4)
                                 20.31   data arrival time

                          0.00    0.00   clock clk (rise edge)
                          0.00    0.00   clock source latency
                  0.07    0.05    0.05 ^ clk (in)
     1    0.01                           clk (net)
                  0.07    0.00    0.05 ^ clkbuf_0_clk/A (sky130_fd_sc_hd__clkbuf_16)
                  0.03    0.13    0.18 ^ clkbuf_0_clk/X (sky130_fd_sc_hd__clkbuf_16)
     2    0.00                           clknet_0_clk (net)
                  0.03    0.00    0.18 ^ clkbuf_1_0_0_clk/A (sky130_fd_sc_hd__clkbuf_2)
                  0.04    0.10    0.29 ^ clkbuf_1_0_0_clk/X (sky130_fd_sc_hd__clkbuf_2)
     2    0.00                           clknet_1_0_0_clk (net)
                  0.04    0.00    0.29 ^ clkbuf_2_1_0_clk/A (sky130_fd_sc_hd__clkbuf_2)
                  0.04    0.10    0.39 ^ clkbuf_2_1_0_clk/X (sky130_fd_sc_hd__clkbuf_2)
     2    0.00                           clknet_2_1_0_clk (net)
                  0.04    0.00    0.39 ^ clkbuf_3_2_0_clk/A (sky130_fd_sc_hd__clkbuf_2)
                  0.04    0.10    0.49 ^ clkbuf_3_2_0_clk/X (sky130_fd_sc_hd__clkbuf_2)
     2    0.00                           clknet_3_2_0_clk (net)
                  0.04    0.00    0.49 ^ clkbuf_4_5_0_clk/A (sky130_fd_sc_hd__clkbuf_2)
                  0.04    0.10    0.60 ^ clkbuf_4_5_0_clk/X (sky130_fd_sc_hd__clkbuf_2)
     2    0.00                           clknet_4_5_0_clk (net)
                  0.04    0.00    0.60 ^ clkbuf_5_10_0_clk/A (sky130_fd_sc_hd__clkbuf_2)
                  0.30    0.31    0.91 ^ clkbuf_5_10_0_clk/X (sky130_fd_sc_hd__clkbuf_2)
     7    0.06                           clknet_5_10_0_clk (net)
                  0.30    0.00    0.91 ^ clkbuf_leaf_180_clk/A (sky130_fd_sc_hd__clkbuf_16)
                  0.05    0.23    1.13 ^ clkbuf_leaf_180_clk/X (sky130_fd_sc_hd__clkbuf_16)
    11    0.02                           clknet_leaf_180_clk (net)
                  0.05    0.00    1.13 ^ _15771_/CLK (sky130_fd_sc_hd__dfrtp_4)
                          0.25    1.38   clock uncertainty
                          0.00    1.38   clock reconvergence pessimism
                          0.39    1.77   library removal time
                                  1.77   data required time
-----------------------------------------------------------------------------
                                  1.77   data required time
                                -20.31   data arrival time
-----------------------------------------------------------------------------
                                 18.54   slack (MET)


Startpoint: rst (input port clocked by clk)
Endpoint: _15772_ (removal check against rising-edge clock clk)
Path Group: **async_default**
Path Type: min

Fanout     Cap    Slew   Delay    Time   Description
-----------------------------------------------------------------------------
                          0.00    0.00   clock clk (rise edge)
                          0.00    0.00   clock network delay (propagated)
                         20.00   20.00 ^ input external delay
                  0.09    0.05   20.05 ^ rst (in)
     1    0.01                           rst (net)
                  0.09    0.00   20.05 ^ input18/A (sky130_fd_sc_hd__buf_12)
                  0.29    0.26   20.31 ^ input18/X (sky130_fd_sc_hd__buf_12)
    69    0.25                           net18 (net)
                  0.29    0.00   20.31 ^ _15772_/RESET_B (sky130_fd_sc_hd__dfrtp_4)
                                 20.31   data arrival time

                          0.00    0.00   clock clk (rise edge)
                          0.00    0.00   clock source latency
                  0.07    0.05    0.05 ^ clk (in)
     1    0.01                           clk (net)
                  0.07    0.00    0.05 ^ clkbuf_0_clk/A (sky130_fd_sc_hd__clkbuf_16)
                  0.03    0.13    0.18 ^ clkbuf_0_clk/X (sky130_fd_sc_hd__clkbuf_16)
     2    0.00                           clknet_0_clk (net)
                  0.03    0.00    0.18 ^ clkbuf_1_0_0_clk/A (sky130_fd_sc_hd__clkbuf_2)
                  0.04    0.10    0.29 ^ clkbuf_1_0_0_clk/X (sky130_fd_sc_hd__clkbuf_2)
     2    0.00                           clknet_1_0_0_clk (net)
                  0.04    0.00    0.29 ^ clkbuf_2_1_0_clk/A (sky130_fd_sc_hd__clkbuf_2)
                  0.04    0.10    0.39 ^ clkbuf_2_1_0_clk/X (sky130_fd_sc_hd__clkbuf_2)
     2    0.00                           clknet_2_1_0_clk (net)
                  0.04    0.00    0.39 ^ clkbuf_3_2_0_clk/A (sky130_fd_sc_hd__clkbuf_2)
                  0.04    0.10    0.49 ^ clkbuf_3_2_0_clk/X (sky130_fd_sc_hd__clkbuf_2)
     2    0.00                           clknet_3_2_0_clk (net)
                  0.04    0.00    0.49 ^ clkbuf_4_5_0_clk/A (sky130_fd_sc_hd__clkbuf_2)
                  0.04    0.10    0.60 ^ clkbuf_4_5_0_clk/X (sky130_fd_sc_hd__clkbuf_2)
     2    0.00                           clknet_4_5_0_clk (net)
                  0.04    0.00    0.60 ^ clkbuf_5_10_0_clk/A (sky130_fd_sc_hd__clkbuf_2)
                  0.30    0.31    0.91 ^ clkbuf_5_10_0_clk/X (sky130_fd_sc_hd__clkbuf_2)
     7    0.06                           clknet_5_10_0_clk (net)
                  0.30    0.00    0.91 ^ clkbuf_leaf_180_clk/A (sky130_fd_sc_hd__clkbuf_16)
                  0.05    0.23    1.13 ^ clkbuf_leaf_180_clk/X (sky130_fd_sc_hd__clkbuf_16)
    11    0.02                           clknet_leaf_180_clk (net)
                  0.05    0.00    1.13 ^ _15772_/CLK (sky130_fd_sc_hd__dfrtp_4)
                          0.25    1.38   clock uncertainty
                          0.00    1.38   clock reconvergence pessimism
                          0.39    1.77   library removal time
                                  1.77   data required time
-----------------------------------------------------------------------------
                                  1.77   data required time
                                -20.31   data arrival time
-----------------------------------------------------------------------------
                                 18.54   slack (MET)


Startpoint: rst (input port clocked by clk)
Endpoint: _15775_ (removal check against rising-edge clock clk)
Path Group: **async_default**
Path Type: min

Fanout     Cap    Slew   Delay    Time   Description
-----------------------------------------------------------------------------
                          0.00    0.00   clock clk (rise edge)
                          0.00    0.00   clock network delay (propagated)
                         20.00   20.00 ^ input external delay
                  0.09    0.05   20.05 ^ rst (in)
     1    0.01                           rst (net)
                  0.09    0.00   20.05 ^ input18/A (sky130_fd_sc_hd__buf_12)
                  0.29    0.26   20.31 ^ input18/X (sky130_fd_sc_hd__buf_12)
    69    0.25                           net18 (net)
                  0.29    0.00   20.31 ^ _15775_/RESET_B (sky130_fd_sc_hd__dfrtp_4)
                                 20.31   data arrival time

                          0.00    0.00   clock clk (rise edge)
                          0.00    0.00   clock source latency
                  0.07    0.05    0.05 ^ clk (in)
     1    0.01                           clk (net)
                  0.07    0.00    0.05 ^ clkbuf_0_clk/A (sky130_fd_sc_hd__clkbuf_16)
                  0.03    0.13    0.18 ^ clkbuf_0_clk/X (sky130_fd_sc_hd__clkbuf_16)
     2    0.00                           clknet_0_clk (net)
                  0.03    0.00    0.18 ^ clkbuf_1_0_0_clk/A (sky130_fd_sc_hd__clkbuf_2)
                  0.04    0.10    0.29 ^ clkbuf_1_0_0_clk/X (sky130_fd_sc_hd__clkbuf_2)
     2    0.00                           clknet_1_0_0_clk (net)
                  0.04    0.00    0.29 ^ clkbuf_2_1_0_clk/A (sky130_fd_sc_hd__clkbuf_2)
                  0.04    0.10    0.39 ^ clkbuf_2_1_0_clk/X (sky130_fd_sc_hd__clkbuf_2)
     2    0.00                           clknet_2_1_0_clk (net)
                  0.04    0.00    0.39 ^ clkbuf_3_2_0_clk/A (sky130_fd_sc_hd__clkbuf_2)
                  0.04    0.10    0.49 ^ clkbuf_3_2_0_clk/X (sky130_fd_sc_hd__clkbuf_2)
     2    0.00                           clknet_3_2_0_clk (net)
                  0.04    0.00    0.49 ^ clkbuf_4_5_0_clk/A (sky130_fd_sc_hd__clkbuf_2)
                  0.04    0.10    0.60 ^ clkbuf_4_5_0_clk/X (sky130_fd_sc_hd__clkbuf_2)
     2    0.00                           clknet_4_5_0_clk (net)
                  0.04    0.00    0.60 ^ clkbuf_5_10_0_clk/A (sky130_fd_sc_hd__clkbuf_2)
                  0.30    0.31    0.91 ^ clkbuf_5_10_0_clk/X (sky130_fd_sc_hd__clkbuf_2)
     7    0.06                           clknet_5_10_0_clk (net)
                  0.30    0.00    0.91 ^ clkbuf_leaf_180_clk/A (sky130_fd_sc_hd__clkbuf_16)
                  0.05    0.23    1.13 ^ clkbuf_leaf_180_clk/X (sky130_fd_sc_hd__clkbuf_16)
    11    0.02                           clknet_leaf_180_clk (net)
                  0.05    0.00    1.13 ^ _15775_/CLK (sky130_fd_sc_hd__dfrtp_4)
                          0.25    1.38   clock uncertainty
                          0.00    1.38   clock reconvergence pessimism
                          0.39    1.77   library removal time
                                  1.77   data required time
-----------------------------------------------------------------------------
                                  1.77   data required time
                                -20.31   data arrival time
-----------------------------------------------------------------------------
                                 18.54   slack (MET)


Startpoint: rst (input port clocked by clk)
Endpoint: _15806_ (removal check against rising-edge clock clk)
Path Group: **async_default**
Path Type: min

Fanout     Cap    Slew   Delay    Time   Description
-----------------------------------------------------------------------------
                          0.00    0.00   clock clk (rise edge)
                          0.00    0.00   clock network delay (propagated)
                         20.00   20.00 ^ input external delay
                  0.09    0.05   20.05 ^ rst (in)
     1    0.01                           rst (net)
                  0.09    0.00   20.05 ^ input18/A (sky130_fd_sc_hd__buf_12)
                  0.29    0.26   20.31 ^ input18/X (sky130_fd_sc_hd__buf_12)
    69    0.25                           net18 (net)
                  0.29    0.00   20.31 ^ _15806_/RESET_B (sky130_fd_sc_hd__dfrtp_1)
                                 20.31   data arrival time

                          0.00    0.00   clock clk (rise edge)
                          0.00    0.00   clock source latency
                  0.07    0.05    0.05 ^ clk (in)
     1    0.01                           clk (net)
                  0.07    0.00    0.05 ^ clkbuf_0_clk/A (sky130_fd_sc_hd__clkbuf_16)
                  0.03    0.13    0.18 ^ clkbuf_0_clk/X (sky130_fd_sc_hd__clkbuf_16)
     2    0.00                           clknet_0_clk (net)
                  0.03    0.00    0.18 ^ clkbuf_1_0_0_clk/A (sky130_fd_sc_hd__clkbuf_2)
                  0.04    0.10    0.29 ^ clkbuf_1_0_0_clk/X (sky130_fd_sc_hd__clkbuf_2)
     2    0.00                           clknet_1_0_0_clk (net)
                  0.04    0.00    0.29 ^ clkbuf_2_1_0_clk/A (sky130_fd_sc_hd__clkbuf_2)
                  0.04    0.10    0.39 ^ clkbuf_2_1_0_clk/X (sky130_fd_sc_hd__clkbuf_2)
     2    0.00                           clknet_2_1_0_clk (net)
                  0.04    0.00    0.39 ^ clkbuf_3_2_0_clk/A (sky130_fd_sc_hd__clkbuf_2)
                  0.04    0.10    0.49 ^ clkbuf_3_2_0_clk/X (sky130_fd_sc_hd__clkbuf_2)
     2    0.00                           clknet_3_2_0_clk (net)
                  0.04    0.00    0.49 ^ clkbuf_4_5_0_clk/A (sky130_fd_sc_hd__clkbuf_2)
                  0.04    0.10    0.60 ^ clkbuf_4_5_0_clk/X (sky130_fd_sc_hd__clkbuf_2)
     2    0.00                           clknet_4_5_0_clk (net)
                  0.04    0.00    0.60 ^ clkbuf_5_10_0_clk/A (sky130_fd_sc_hd__clkbuf_2)
                  0.30    0.31    0.91 ^ clkbuf_5_10_0_clk/X (sky130_fd_sc_hd__clkbuf_2)
     7    0.06                           clknet_5_10_0_clk (net)
                  0.30    0.00    0.91 ^ clkbuf_leaf_180_clk/A (sky130_fd_sc_hd__clkbuf_16)
                  0.05    0.23    1.13 ^ clkbuf_leaf_180_clk/X (sky130_fd_sc_hd__clkbuf_16)
    11    0.02                           clknet_leaf_180_clk (net)
                  0.05    0.00    1.13 ^ _15806_/CLK (sky130_fd_sc_hd__dfrtp_1)
                          0.25    1.38   clock uncertainty
                          0.00    1.38   clock reconvergence pessimism
                          0.39    1.77   library removal time
                                  1.77   data required time
-----------------------------------------------------------------------------
                                  1.77   data required time
                                -20.31   data arrival time
-----------------------------------------------------------------------------
                                 18.54   slack (MET)


Startpoint: _14225_ (rising edge-triggered flip-flop clocked by clk)
Endpoint: _14225_ (rising edge-triggered flip-flop clocked by clk)
Path Group: clk
Path Type: min

Fanout     Cap    Slew   Delay    Time   Description
-----------------------------------------------------------------------------
                          0.00    0.00   clock clk (rise edge)
                          0.00    0.00   clock source latency
                  0.07    0.04    0.04 ^ clk (in)
     1    0.01                           clk (net)
                  0.07    0.00    0.04 ^ clkbuf_0_clk/A (sky130_fd_sc_hd__clkbuf_16)
                  0.03    0.11    0.15 ^ clkbuf_0_clk/X (sky130_fd_sc_hd__clkbuf_16)
     2    0.00                           clknet_0_clk (net)
                  0.03    0.00    0.15 ^ clkbuf_1_0_0_clk/A (sky130_fd_sc_hd__clkbuf_2)
                  0.04    0.08    0.23 ^ clkbuf_1_0_0_clk/X (sky130_fd_sc_hd__clkbuf_2)
     2    0.00                           clknet_1_0_0_clk (net)
                  0.04    0.00    0.23 ^ clkbuf_2_1_0_clk/A (sky130_fd_sc_hd__clkbuf_2)
                  0.04    0.09    0.32 ^ clkbuf_2_1_0_clk/X (sky130_fd_sc_hd__clkbuf_2)
     2    0.00                           clknet_2_1_0_clk (net)
                  0.04    0.00    0.32 ^ clkbuf_3_2_0_clk/A (sky130_fd_sc_hd__clkbuf_2)
                  0.04    0.09    0.40 ^ clkbuf_3_2_0_clk/X (sky130_fd_sc_hd__clkbuf_2)
     2    0.00                           clknet_3_2_0_clk (net)
                  0.04    0.00    0.40 ^ clkbuf_4_5_0_clk/A (sky130_fd_sc_hd__clkbuf_2)
                  0.04    0.09    0.49 ^ clkbuf_4_5_0_clk/X (sky130_fd_sc_hd__clkbuf_2)
     2    0.00                           clknet_4_5_0_clk (net)
                  0.04    0.00    0.49 ^ clkbuf_5_11_0_clk/A (sky130_fd_sc_hd__clkbuf_2)
                  0.26    0.23    0.72 ^ clkbuf_5_11_0_clk/X (sky130_fd_sc_hd__clkbuf_2)
     6    0.05                           clknet_5_11_0_clk (net)
                  0.26    0.00    0.72 ^ clkbuf_leaf_171_clk/A (sky130_fd_sc_hd__clkbuf_16)
                  0.03    0.16    0.88 ^ clkbuf_leaf_171_clk/X (sky130_fd_sc_hd__clkbuf_16)
     3    0.01                           clknet_leaf_171_clk (net)
                  0.03    0.00    0.88 ^ _14225_/CLK (sky130_fd_sc_hd__dfxtp_1)
                  0.05    0.27    1.15 ^ _14225_/Q (sky130_fd_sc_hd__dfxtp_1)
     2    0.00                           M2_MEM.memory[129][3] (net)
                  0.05    0.00    1.15 ^ _09703_/A1 (sky130_fd_sc_hd__o22a_1)
                  0.03    0.11    1.26 ^ _09703_/X (sky130_fd_sc_hd__o22a_1)
     1    0.00                           _03596_ (net)
                  0.03    0.00    1.26 ^ _14225_/D (sky130_fd_sc_hd__dfxtp_1)
                                  1.26   data arrival time

                          0.00    0.00   clock clk (rise edge)
                          0.00    0.00   clock source latency
                  0.07    0.05    0.05 ^ clk (in)
     1    0.01                           clk (net)
                  0.07    0.00    0.05 ^ clkbuf_0_clk/A (sky130_fd_sc_hd__clkbuf_16)
                  0.03    0.13    0.18 ^ clkbuf_0_clk/X (sky130_fd_sc_hd__clkbuf_16)
     2    0.00                           clknet_0_clk (net)
                  0.03    0.00    0.18 ^ clkbuf_1_0_0_clk/A (sky130_fd_sc_hd__clkbuf_2)
                  0.04    0.10    0.29 ^ clkbuf_1_0_0_clk/X (sky130_fd_sc_hd__clkbuf_2)
     2    0.00                           clknet_1_0_0_clk (net)
                  0.04    0.00    0.29 ^ clkbuf_2_1_0_clk/A (sky130_fd_sc_hd__clkbuf_2)
                  0.04    0.10    0.39 ^ clkbuf_2_1_0_clk/X (sky130_fd_sc_hd__clkbuf_2)
     2    0.00                           clknet_2_1_0_clk (net)
                  0.04    0.00    0.39 ^ clkbuf_3_2_0_clk/A (sky130_fd_sc_hd__clkbuf_2)
                  0.04    0.10    0.49 ^ clkbuf_3_2_0_clk/X (sky130_fd_sc_hd__clkbuf_2)
     2    0.00                           clknet_3_2_0_clk (net)
                  0.04    0.00    0.49 ^ clkbuf_4_5_0_clk/A (sky130_fd_sc_hd__clkbuf_2)
                  0.04    0.10    0.60 ^ clkbuf_4_5_0_clk/X (sky130_fd_sc_hd__clkbuf_2)
     2    0.00                           clknet_4_5_0_clk (net)
                  0.04    0.00    0.60 ^ clkbuf_5_11_0_clk/A (sky130_fd_sc_hd__clkbuf_2)
                  0.26    0.28    0.88 ^ clkbuf_5_11_0_clk/X (sky130_fd_sc_hd__clkbuf_2)
     6    0.05                           clknet_5_11_0_clk (net)
                  0.26    0.00    0.88 ^ clkbuf_leaf_171_clk/A (sky130_fd_sc_hd__clkbuf_16)
                  0.03    0.20    1.08 ^ clkbuf_leaf_171_clk/X (sky130_fd_sc_hd__clkbuf_16)
     3    0.01                           clknet_leaf_171_clk (net)
                  0.03    0.00    1.08 ^ _14225_/CLK (sky130_fd_sc_hd__dfxtp_1)
                          0.25    1.33   clock uncertainty
                         -0.20    1.13   clock reconvergence pessimism
                         -0.03    1.10   library hold time
                                  1.10   data required time
-----------------------------------------------------------------------------
                                  1.10   data required time
                                 -1.26   data arrival time
-----------------------------------------------------------------------------
                                  0.16   slack (MET)


Startpoint: _15269_ (rising edge-triggered flip-flop clocked by clk)
Endpoint: _15269_ (rising edge-triggered flip-flop clocked by clk)
Path Group: clk
Path Type: min

Fanout     Cap    Slew   Delay    Time   Description
-----------------------------------------------------------------------------
                          0.00    0.00   clock clk (rise edge)
                          0.00    0.00   clock source latency
                  0.07    0.04    0.04 ^ clk (in)
     1    0.01                           clk (net)
                  0.07    0.00    0.04 ^ clkbuf_0_clk/A (sky130_fd_sc_hd__clkbuf_16)
                  0.03    0.11    0.15 ^ clkbuf_0_clk/X (sky130_fd_sc_hd__clkbuf_16)
     2    0.00                           clknet_0_clk (net)
                  0.03    0.00    0.15 ^ clkbuf_1_0_0_clk/A (sky130_fd_sc_hd__clkbuf_2)
                  0.04    0.08    0.23 ^ clkbuf_1_0_0_clk/X (sky130_fd_sc_hd__clkbuf_2)
     2    0.00                           clknet_1_0_0_clk (net)
                  0.04    0.00    0.23 ^ clkbuf_2_0_0_clk/A (sky130_fd_sc_hd__clkbuf_2)
                  0.04    0.09    0.32 ^ clkbuf_2_0_0_clk/X (sky130_fd_sc_hd__clkbuf_2)
     2    0.00                           clknet_2_0_0_clk (net)
                  0.04    0.00    0.32 ^ clkbuf_3_1_0_clk/A (sky130_fd_sc_hd__clkbuf_2)
                  0.04    0.09    0.40 ^ clkbuf_3_1_0_clk/X (sky130_fd_sc_hd__clkbuf_2)
     2    0.00                           clknet_3_1_0_clk (net)
                  0.04    0.00    0.40 ^ clkbuf_4_3_0_clk/A (sky130_fd_sc_hd__clkbuf_2)
                  0.04    0.09    0.49 ^ clkbuf_4_3_0_clk/X (sky130_fd_sc_hd__clkbuf_2)
     2    0.00                           clknet_4_3_0_clk (net)
                  0.04    0.00    0.49 ^ clkbuf_5_6_0_clk/A (sky130_fd_sc_hd__clkbuf_2)
                  0.26    0.23    0.72 ^ clkbuf_5_6_0_clk/X (sky130_fd_sc_hd__clkbuf_2)
     6    0.05                           clknet_5_6_0_clk (net)
                  0.26    0.00    0.72 ^ clkbuf_leaf_206_clk/A (sky130_fd_sc_hd__clkbuf_16)
                  0.03    0.16    0.88 ^ clkbuf_leaf_206_clk/X (sky130_fd_sc_hd__clkbuf_16)
     3    0.01                           clknet_leaf_206_clk (net)
                  0.03    0.00    0.88 ^ _15269_/CLK (sky130_fd_sc_hd__dfxtp_1)
                  0.05    0.27    1.15 ^ _15269_/Q (sky130_fd_sc_hd__dfxtp_1)
     2    0.00                           M2_MEM.memory[93][7] (net)
                  0.05    0.00    1.15 ^ _08040_/A1 (sky130_fd_sc_hd__o22a_1)
                  0.03    0.11    1.26 ^ _08040_/X (sky130_fd_sc_hd__o22a_1)
     1    0.00                           _04640_ (net)
                  0.03    0.00    1.26 ^ _15269_/D (sky130_fd_sc_hd__dfxtp_1)
                                  1.26   data arrival time

                          0.00    0.00   clock clk (rise edge)
                          0.00    0.00   clock source latency
                  0.07    0.05    0.05 ^ clk (in)
     1    0.01                           clk (net)
                  0.07    0.00    0.05 ^ clkbuf_0_clk/A (sky130_fd_sc_hd__clkbuf_16)
                  0.03    0.13    0.18 ^ clkbuf_0_clk/X (sky130_fd_sc_hd__clkbuf_16)
     2    0.00                           clknet_0_clk (net)
                  0.03    0.00    0.18 ^ clkbuf_1_0_0_clk/A (sky130_fd_sc_hd__clkbuf_2)
                  0.04    0.10    0.29 ^ clkbuf_1_0_0_clk/X (sky130_fd_sc_hd__clkbuf_2)
     2    0.00                           clknet_1_0_0_clk (net)
                  0.04    0.00    0.29 ^ clkbuf_2_0_0_clk/A (sky130_fd_sc_hd__clkbuf_2)
                  0.04    0.10    0.39 ^ clkbuf_2_0_0_clk/X (sky130_fd_sc_hd__clkbuf_2)
     2    0.00                           clknet_2_0_0_clk (net)
                  0.04    0.00    0.39 ^ clkbuf_3_1_0_clk/A (sky130_fd_sc_hd__clkbuf_2)
                  0.04    0.10    0.49 ^ clkbuf_3_1_0_clk/X (sky130_fd_sc_hd__clkbuf_2)
     2    0.00                           clknet_3_1_0_clk (net)
                  0.04    0.00    0.49 ^ clkbuf_4_3_0_clk/A (sky130_fd_sc_hd__clkbuf_2)
                  0.04    0.10    0.60 ^ clkbuf_4_3_0_clk/X (sky130_fd_sc_hd__clkbuf_2)
     2    0.00                           clknet_4_3_0_clk (net)
                  0.04    0.00    0.60 ^ clkbuf_5_6_0_clk/A (sky130_fd_sc_hd__clkbuf_2)
                  0.26    0.28    0.88 ^ clkbuf_5_6_0_clk/X (sky130_fd_sc_hd__clkbuf_2)
     6    0.05                           clknet_5_6_0_clk (net)
                  0.26    0.00    0.88 ^ clkbuf_leaf_206_clk/A (sky130_fd_sc_hd__clkbuf_16)
                  0.03    0.20    1.08 ^ clkbuf_leaf_206_clk/X (sky130_fd_sc_hd__clkbuf_16)
     3    0.01                           clknet_leaf_206_clk (net)
                  0.03    0.00    1.08 ^ _15269_/CLK (sky130_fd_sc_hd__dfxtp_1)
                          0.25    1.33   clock uncertainty
                         -0.20    1.13   clock reconvergence pessimism
                         -0.03    1.10   library hold time
                                  1.10   data required time
-----------------------------------------------------------------------------
                                  1.10   data required time
                                 -1.26   data arrival time
-----------------------------------------------------------------------------
                                  0.16   slack (MET)


Startpoint: _15410_ (rising edge-triggered flip-flop clocked by clk)
Endpoint: _15410_ (rising edge-triggered flip-flop clocked by clk)
Path Group: clk
Path Type: min

Fanout     Cap    Slew   Delay    Time   Description
-----------------------------------------------------------------------------
                          0.00    0.00   clock clk (rise edge)
                          0.00    0.00   clock source latency
                  0.07    0.04    0.04 ^ clk (in)
     1    0.01                           clk (net)
                  0.07    0.00    0.04 ^ clkbuf_0_clk/A (sky130_fd_sc_hd__clkbuf_16)
                  0.03    0.11    0.15 ^ clkbuf_0_clk/X (sky130_fd_sc_hd__clkbuf_16)
     2    0.00                           clknet_0_clk (net)
                  0.03    0.00    0.15 ^ clkbuf_1_0_0_clk/A (sky130_fd_sc_hd__clkbuf_2)
                  0.04    0.08    0.23 ^ clkbuf_1_0_0_clk/X (sky130_fd_sc_hd__clkbuf_2)
     2    0.00                           clknet_1_0_0_clk (net)
                  0.04    0.00    0.23 ^ clkbuf_2_0_0_clk/A (sky130_fd_sc_hd__clkbuf_2)
                  0.04    0.09    0.32 ^ clkbuf_2_0_0_clk/X (sky130_fd_sc_hd__clkbuf_2)
     2    0.00                           clknet_2_0_0_clk (net)
                  0.04    0.00    0.32 ^ clkbuf_3_0_0_clk/A (sky130_fd_sc_hd__clkbuf_2)
                  0.04    0.09    0.40 ^ clkbuf_3_0_0_clk/X (sky130_fd_sc_hd__clkbuf_2)
     2    0.00                           clknet_3_0_0_clk (net)
                  0.04    0.00    0.40 ^ clkbuf_4_0_0_clk/A (sky130_fd_sc_hd__clkbuf_2)
                  0.04    0.09    0.49 ^ clkbuf_4_0_0_clk/X (sky130_fd_sc_hd__clkbuf_2)
     2    0.00                           clknet_4_0_0_clk (net)
                  0.04    0.00    0.49 ^ clkbuf_5_0_0_clk/A (sky130_fd_sc_hd__clkbuf_2)
                  0.22    0.20    0.69 ^ clkbuf_5_0_0_clk/X (sky130_fd_sc_hd__clkbuf_2)
     5    0.04                           clknet_5_0_0_clk (net)
                  0.22    0.00    0.69 ^ clkbuf_leaf_229_clk/A (sky130_fd_sc_hd__clkbuf_16)
                  0.03    0.15    0.85 ^ clkbuf_leaf_229_clk/X (sky130_fd_sc_hd__clkbuf_16)
     4    0.01                           clknet_leaf_229_clk (net)
                  0.03    0.00    0.85 ^ _15410_/CLK (sky130_fd_sc_hd__dfxtp_1)
                  0.05    0.27    1.12 ^ _15410_/Q (sky130_fd_sc_hd__dfxtp_1)
     2    0.00                           M2_MEM.memory[77][4] (net)
                  0.05    0.00    1.12 ^ _07793_/A1 (sky130_fd_sc_hd__o22a_1)
                  0.03    0.11    1.23 ^ _07793_/X (sky130_fd_sc_hd__o22a_1)
     1    0.00                           _04781_ (net)
                  0.03    0.00    1.23 ^ _15410_/D (sky130_fd_sc_hd__dfxtp_1)
                                  1.23   data arrival time

                          0.00    0.00   clock clk (rise edge)
                          0.00    0.00   clock source latency
                  0.07    0.05    0.05 ^ clk (in)
     1    0.01                           clk (net)
                  0.07    0.00    0.05 ^ clkbuf_0_clk/A (sky130_fd_sc_hd__clkbuf_16)
                  0.03    0.13    0.18 ^ clkbuf_0_clk/X (sky130_fd_sc_hd__clkbuf_16)
     2    0.00                           clknet_0_clk (net)
                  0.03    0.00    0.18 ^ clkbuf_1_0_0_clk/A (sky130_fd_sc_hd__clkbuf_2)
                  0.04    0.10    0.29 ^ clkbuf_1_0_0_clk/X (sky130_fd_sc_hd__clkbuf_2)
     2    0.00                           clknet_1_0_0_clk (net)
                  0.04    0.00    0.29 ^ clkbuf_2_0_0_clk/A (sky130_fd_sc_hd__clkbuf_2)
                  0.04    0.10    0.39 ^ clkbuf_2_0_0_clk/X (sky130_fd_sc_hd__clkbuf_2)
     2    0.00                           clknet_2_0_0_clk (net)
                  0.04    0.00    0.39 ^ clkbuf_3_0_0_clk/A (sky130_fd_sc_hd__clkbuf_2)
                  0.04    0.10    0.49 ^ clkbuf_3_0_0_clk/X (sky130_fd_sc_hd__clkbuf_2)
     2    0.00                           clknet_3_0_0_clk (net)
                  0.04    0.00    0.49 ^ clkbuf_4_0_0_clk/A (sky130_fd_sc_hd__clkbuf_2)
                  0.04    0.10    0.60 ^ clkbuf_4_0_0_clk/X (sky130_fd_sc_hd__clkbuf_2)
     2    0.00                           clknet_4_0_0_clk (net)
                  0.04    0.00    0.60 ^ clkbuf_5_0_0_clk/A (sky130_fd_sc_hd__clkbuf_2)
                  0.22    0.25    0.85 ^ clkbuf_5_0_0_clk/X (sky130_fd_sc_hd__clkbuf_2)
     5    0.04                           clknet_5_0_0_clk (net)
                  0.22    0.00    0.85 ^ clkbuf_leaf_229_clk/A (sky130_fd_sc_hd__clkbuf_16)
                  0.03    0.19    1.03 ^ clkbuf_leaf_229_clk/X (sky130_fd_sc_hd__clkbuf_16)
     4    0.01                           clknet_leaf_229_clk (net)
                  0.03    0.00    1.03 ^ _15410_/CLK (sky130_fd_sc_hd__dfxtp_1)
                          0.25    1.28   clock uncertainty
                         -0.19    1.10   clock reconvergence pessimism
                         -0.03    1.07   library hold time
                                  1.07   data required time
-----------------------------------------------------------------------------
                                  1.07   data required time
                                 -1.23   data arrival time
-----------------------------------------------------------------------------
                                  0.16   slack (MET)


Startpoint: _15412_ (rising edge-triggered flip-flop clocked by clk)
Endpoint: _15412_ (rising edge-triggered flip-flop clocked by clk)
Path Group: clk
Path Type: min

Fanout     Cap    Slew   Delay    Time   Description
-----------------------------------------------------------------------------
                          0.00    0.00   clock clk (rise edge)
                          0.00    0.00   clock source latency
                  0.07    0.04    0.04 ^ clk (in)
     1    0.01                           clk (net)
                  0.07    0.00    0.04 ^ clkbuf_0_clk/A (sky130_fd_sc_hd__clkbuf_16)
                  0.03    0.11    0.15 ^ clkbuf_0_clk/X (sky130_fd_sc_hd__clkbuf_16)
     2    0.00                           clknet_0_clk (net)
                  0.03    0.00    0.15 ^ clkbuf_1_0_0_clk/A (sky130_fd_sc_hd__clkbuf_2)
                  0.04    0.08    0.23 ^ clkbuf_1_0_0_clk/X (sky130_fd_sc_hd__clkbuf_2)
     2    0.00                           clknet_1_0_0_clk (net)
                  0.04    0.00    0.23 ^ clkbuf_2_0_0_clk/A (sky130_fd_sc_hd__clkbuf_2)
                  0.04    0.09    0.32 ^ clkbuf_2_0_0_clk/X (sky130_fd_sc_hd__clkbuf_2)
     2    0.00                           clknet_2_0_0_clk (net)
                  0.04    0.00    0.32 ^ clkbuf_3_0_0_clk/A (sky130_fd_sc_hd__clkbuf_2)
                  0.04    0.09    0.40 ^ clkbuf_3_0_0_clk/X (sky130_fd_sc_hd__clkbuf_2)
     2    0.00                           clknet_3_0_0_clk (net)
                  0.04    0.00    0.40 ^ clkbuf_4_0_0_clk/A (sky130_fd_sc_hd__clkbuf_2)
                  0.04    0.09    0.49 ^ clkbuf_4_0_0_clk/X (sky130_fd_sc_hd__clkbuf_2)
     2    0.00                           clknet_4_0_0_clk (net)
                  0.04    0.00    0.49 ^ clkbuf_5_0_0_clk/A (sky130_fd_sc_hd__clkbuf_2)
                  0.22    0.20    0.69 ^ clkbuf_5_0_0_clk/X (sky130_fd_sc_hd__clkbuf_2)
     5    0.04                           clknet_5_0_0_clk (net)
                  0.22    0.00    0.69 ^ clkbuf_leaf_229_clk/A (sky130_fd_sc_hd__clkbuf_16)
                  0.03    0.15    0.85 ^ clkbuf_leaf_229_clk/X (sky130_fd_sc_hd__clkbuf_16)
     4    0.01                           clknet_leaf_229_clk (net)
                  0.03    0.00    0.85 ^ _15412_/CLK (sky130_fd_sc_hd__dfxtp_1)
                  0.05    0.27    1.12 ^ _15412_/Q (sky130_fd_sc_hd__dfxtp_1)
     2    0.00                           M2_MEM.memory[77][6] (net)
                  0.05    0.00    1.12 ^ _07791_/A1 (sky130_fd_sc_hd__o22a_1)
                  0.03    0.11    1.23 ^ _07791_/X (sky130_fd_sc_hd__o22a_1)
     1    0.00                           _04783_ (net)
                  0.03    0.00    1.23 ^ _15412_/D (sky130_fd_sc_hd__dfxtp_1)
                                  1.23   data arrival time

                          0.00    0.00   clock clk (rise edge)
                          0.00    0.00   clock source latency
                  0.07    0.05    0.05 ^ clk (in)
     1    0.01                           clk (net)
                  0.07    0.00    0.05 ^ clkbuf_0_clk/A (sky130_fd_sc_hd__clkbuf_16)
                  0.03    0.13    0.18 ^ clkbuf_0_clk/X (sky130_fd_sc_hd__clkbuf_16)
     2    0.00                           clknet_0_clk (net)
                  0.03    0.00    0.18 ^ clkbuf_1_0_0_clk/A (sky130_fd_sc_hd__clkbuf_2)
                  0.04    0.10    0.29 ^ clkbuf_1_0_0_clk/X (sky130_fd_sc_hd__clkbuf_2)
     2    0.00                           clknet_1_0_0_clk (net)
                  0.04    0.00    0.29 ^ clkbuf_2_0_0_clk/A (sky130_fd_sc_hd__clkbuf_2)
                  0.04    0.10    0.39 ^ clkbuf_2_0_0_clk/X (sky130_fd_sc_hd__clkbuf_2)
     2    0.00                           clknet_2_0_0_clk (net)
                  0.04    0.00    0.39 ^ clkbuf_3_0_0_clk/A (sky130_fd_sc_hd__clkbuf_2)
                  0.04    0.10    0.49 ^ clkbuf_3_0_0_clk/X (sky130_fd_sc_hd__clkbuf_2)
     2    0.00                           clknet_3_0_0_clk (net)
                  0.04    0.00    0.49 ^ clkbuf_4_0_0_clk/A (sky130_fd_sc_hd__clkbuf_2)
                  0.04    0.10    0.60 ^ clkbuf_4_0_0_clk/X (sky130_fd_sc_hd__clkbuf_2)
     2    0.00                           clknet_4_0_0_clk (net)
                  0.04    0.00    0.60 ^ clkbuf_5_0_0_clk/A (sky130_fd_sc_hd__clkbuf_2)
                  0.22    0.25    0.85 ^ clkbuf_5_0_0_clk/X (sky130_fd_sc_hd__clkbuf_2)
     5    0.04                           clknet_5_0_0_clk (net)
                  0.22    0.00    0.85 ^ clkbuf_leaf_229_clk/A (sky130_fd_sc_hd__clkbuf_16)
                  0.03    0.19    1.03 ^ clkbuf_leaf_229_clk/X (sky130_fd_sc_hd__clkbuf_16)
     4    0.01                           clknet_leaf_229_clk (net)
                  0.03    0.00    1.03 ^ _15412_/CLK (sky130_fd_sc_hd__dfxtp_1)
                          0.25    1.28   clock uncertainty
                         -0.19    1.10   clock reconvergence pessimism
                         -0.03    1.07   library hold time
                                  1.07   data required time
-----------------------------------------------------------------------------
                                  1.07   data required time
                                 -1.23   data arrival time
-----------------------------------------------------------------------------
                                  0.16   slack (MET)


Startpoint: _15288_ (rising edge-triggered flip-flop clocked by clk)
Endpoint: _15288_ (rising edge-triggered flip-flop clocked by clk)
Path Group: clk
Path Type: min

Fanout     Cap    Slew   Delay    Time   Description
-----------------------------------------------------------------------------
                          0.00    0.00   clock clk (rise edge)
                          0.00    0.00   clock source latency
                  0.07    0.04    0.04 ^ clk (in)
     1    0.01                           clk (net)
                  0.07    0.00    0.04 ^ clkbuf_0_clk/A (sky130_fd_sc_hd__clkbuf_16)
                  0.03    0.11    0.15 ^ clkbuf_0_clk/X (sky130_fd_sc_hd__clkbuf_16)
     2    0.00                           clknet_0_clk (net)
                  0.03    0.00    0.15 ^ clkbuf_1_0_0_clk/A (sky130_fd_sc_hd__clkbuf_2)
                  0.04    0.08    0.23 ^ clkbuf_1_0_0_clk/X (sky130_fd_sc_hd__clkbuf_2)
     2    0.00                           clknet_1_0_0_clk (net)
                  0.04    0.00    0.23 ^ clkbuf_2_0_0_clk/A (sky130_fd_sc_hd__clkbuf_2)
                  0.04    0.09    0.32 ^ clkbuf_2_0_0_clk/X (sky130_fd_sc_hd__clkbuf_2)
     2    0.00                           clknet_2_0_0_clk (net)
                  0.04    0.00    0.32 ^ clkbuf_3_1_0_clk/A (sky130_fd_sc_hd__clkbuf_2)
                  0.04    0.09    0.40 ^ clkbuf_3_1_0_clk/X (sky130_fd_sc_hd__clkbuf_2)
     2    0.00                           clknet_3_1_0_clk (net)
                  0.04    0.00    0.40 ^ clkbuf_4_3_0_clk/A (sky130_fd_sc_hd__clkbuf_2)
                  0.04    0.09    0.49 ^ clkbuf_4_3_0_clk/X (sky130_fd_sc_hd__clkbuf_2)
     2    0.00                           clknet_4_3_0_clk (net)
                  0.04    0.00    0.49 ^ clkbuf_5_6_0_clk/A (sky130_fd_sc_hd__clkbuf_2)
                  0.26    0.23    0.72 ^ clkbuf_5_6_0_clk/X (sky130_fd_sc_hd__clkbuf_2)
     6    0.05                           clknet_5_6_0_clk (net)
                  0.26    0.00    0.72 ^ clkbuf_leaf_206_clk/A (sky130_fd_sc_hd__clkbuf_16)
                  0.03    0.16    0.88 ^ clkbuf_leaf_206_clk/X (sky130_fd_sc_hd__clkbuf_16)
     3    0.01                           clknet_leaf_206_clk (net)
                  0.03    0.00    0.88 ^ _15288_/CLK (sky130_fd_sc_hd__dfxtp_1)
                  0.05    0.27    1.15 ^ _15288_/Q (sky130_fd_sc_hd__dfxtp_1)
     2    0.00                           M2_MEM.memory[90][2] (net)
                  0.05    0.00    1.15 ^ _08003_/A1 (sky130_fd_sc_hd__o22a_1)
                  0.03    0.11    1.26 ^ _08003_/X (sky130_fd_sc_hd__o22a_1)
     1    0.00                           _04659_ (net)
                  0.03    0.00    1.26 ^ _15288_/D (sky130_fd_sc_hd__dfxtp_1)
                                  1.26   data arrival time

                          0.00    0.00   clock clk (rise edge)
                          0.00    0.00   clock source latency
                  0.07    0.05    0.05 ^ clk (in)
     1    0.01                           clk (net)
                  0.07    0.00    0.05 ^ clkbuf_0_clk/A (sky130_fd_sc_hd__clkbuf_16)
                  0.03    0.13    0.18 ^ clkbuf_0_clk/X (sky130_fd_sc_hd__clkbuf_16)
     2    0.00                           clknet_0_clk (net)
                  0.03    0.00    0.18 ^ clkbuf_1_0_0_clk/A (sky130_fd_sc_hd__clkbuf_2)
                  0.04    0.10    0.29 ^ clkbuf_1_0_0_clk/X (sky130_fd_sc_hd__clkbuf_2)
     2    0.00                           clknet_1_0_0_clk (net)
                  0.04    0.00    0.29 ^ clkbuf_2_0_0_clk/A (sky130_fd_sc_hd__clkbuf_2)
                  0.04    0.10    0.39 ^ clkbuf_2_0_0_clk/X (sky130_fd_sc_hd__clkbuf_2)
     2    0.00                           clknet_2_0_0_clk (net)
                  0.04    0.00    0.39 ^ clkbuf_3_1_0_clk/A (sky130_fd_sc_hd__clkbuf_2)
                  0.04    0.10    0.49 ^ clkbuf_3_1_0_clk/X (sky130_fd_sc_hd__clkbuf_2)
     2    0.00                           clknet_3_1_0_clk (net)
                  0.04    0.00    0.49 ^ clkbuf_4_3_0_clk/A (sky130_fd_sc_hd__clkbuf_2)
                  0.04    0.10    0.60 ^ clkbuf_4_3_0_clk/X (sky130_fd_sc_hd__clkbuf_2)
     2    0.00                           clknet_4_3_0_clk (net)
                  0.04    0.00    0.60 ^ clkbuf_5_6_0_clk/A (sky130_fd_sc_hd__clkbuf_2)
                  0.26    0.28    0.88 ^ clkbuf_5_6_0_clk/X (sky130_fd_sc_hd__clkbuf_2)
     6    0.05                           clknet_5_6_0_clk (net)
                  0.26    0.00    0.88 ^ clkbuf_leaf_206_clk/A (sky130_fd_sc_hd__clkbuf_16)
                  0.03    0.20    1.08 ^ clkbuf_leaf_206_clk/X (sky130_fd_sc_hd__clkbuf_16)
     3    0.01                           clknet_leaf_206_clk (net)
                  0.03    0.00    1.08 ^ _15288_/CLK (sky130_fd_sc_hd__dfxtp_1)
                          0.25    1.33   clock uncertainty
                         -0.20    1.13   clock reconvergence pessimism
                         -0.03    1.10   library hold time
                                  1.10   data required time
-----------------------------------------------------------------------------
                                  1.10   data required time
                                 -1.26   data arrival time
-----------------------------------------------------------------------------
                                  0.17   slack (MET)


