Instance name,  X location,  Y location,  Voltage 
PHY_48, 5.4, 78.88, 1.8
PHY_49, 70.2, 78.88, 1.8
PHY_44, 5.4, 73.44, 1.8
PHY_46, 5.4, 73.44, 1.8
PHY_45, 70.2, 73.44, 1.8
PHY_47, 70.2, 73.44, 1.8
PHY_40, 5.4, 68, 1.8
PHY_42, 5.4, 68, 1.8
PHY_41, 70.2, 68, 1.8
PHY_43, 70.2, 68, 1.8
PHY_36, 5.4, 62.56, 1.8
PHY_38, 5.4, 62.56, 1.8
PHY_37, 70.2, 62.56, 1.8
PHY_39, 70.2, 62.56, 1.8
PHY_32, 5.4, 57.12, 1.8
PHY_34, 5.4, 57.12, 1.8
PHY_33, 70.2, 57.12, 1.8
PHY_35, 70.2, 57.12, 1.8
PHY_28, 5.4, 51.68, 1.8
PHY_30, 5.4, 51.68, 1.8
PHY_29, 70.2, 51.68, 1.8
PHY_31, 70.2, 51.68, 1.8
PHY_24, 5.4, 46.24, 1.8
PHY_26, 5.4, 46.24, 1.8
PHY_25, 70.2, 46.24, 1.8
PHY_27, 70.2, 46.24, 1.8
PHY_20, 5.4, 40.8, 1.8
PHY_22, 5.4, 40.8, 1.8
PHY_21, 70.2, 40.8, 1.8
PHY_23, 70.2, 40.8, 1.8
PHY_16, 5.4, 35.36, 1.8
PHY_18, 5.4, 35.36, 1.8
PHY_17, 70.2, 35.36, 1.8
PHY_19, 70.2, 35.36, 1.8
PHY_12, 5.4, 29.92, 1.8
PHY_14, 5.4, 29.92, 1.8
PHY_13, 70.2, 29.92, 1.8
PHY_15, 70.2, 29.92, 1.8
PHY_10, 5.4, 24.48, 1.8
PHY_8, 5.4, 24.48, 1.8
PHY_11, 70.2, 24.48, 1.8
PHY_9, 70.2, 24.48, 1.8
PHY_4, 5.4, 19.04, 1.8
PHY_6, 5.4, 19.04, 1.8
PHY_5, 70.2, 19.04, 1.8
PHY_7, 70.2, 19.04, 1.8
PHY_0, 5.4, 13.6, 1.8
PHY_2, 5.4, 13.6, 1.8
_141_, 5.4, 13.6, 1.8
_142_, 5.4, 13.6, 1.8
_143_, 5.4, 13.6, 1.8
_144_, 5.4, 13.6, 1.8
_145_, 5.4, 13.6, 1.8
_146_, 5.4, 13.6, 1.8
_147_, 5.4, 13.6, 1.8
_148_, 5.4, 13.6, 1.8
_149_, 5.4, 13.6, 1.8
_150_, 5.4, 13.6, 1.8
_151_, 5.4, 13.6, 1.8
_152_, 5.4, 13.6, 1.8
_153_, 5.4, 13.6, 1.8
_154_, 5.4, 13.6, 1.8
_155_, 5.4, 13.6, 1.8
_156_, 5.4, 13.6, 1.8
_157_, 5.4, 13.6, 1.8
_158_, 5.4, 13.6, 1.8
_159_, 5.4, 13.6, 1.8
_160_, 5.4, 13.6, 1.8
_161_, 5.4, 13.6, 1.8
_162_, 5.4, 13.6, 1.8
_163_, 5.4, 13.6, 1.8
_164_, 5.4, 13.6, 1.8
_165_, 5.4, 13.6, 1.8
_166_, 5.4, 13.6, 1.8
_167_, 5.4, 13.6, 1.8
_168_, 5.4, 13.6, 1.8
_169_, 5.4, 13.6, 1.8
_170_, 5.4, 13.6, 1.8
_171_, 5.4, 13.6, 1.8
_172_, 5.4, 13.6, 1.8
_173_, 5.4, 13.6, 1.8
_174_, 5.4, 13.6, 1.8
_175_, 5.4, 13.6, 1.8
_176_, 5.4, 13.6, 1.8
_177_, 5.4, 13.6, 1.8
_178_, 5.4, 13.6, 1.8
_179_, 5.4, 13.6, 1.8
_180_, 5.4, 13.6, 1.8
_181_, 5.4, 13.6, 1.8
_182_, 5.4, 13.6, 1.8
_183_, 5.4, 13.6, 1.8
_184_, 5.4, 13.6, 1.8
_185_, 5.4, 13.6, 1.8
_186_, 5.4, 13.6, 1.8
_187_, 5.4, 13.6, 1.8
_188_, 5.4, 13.6, 1.8
_189_, 5.4, 13.6, 1.8
_190_, 5.4, 13.6, 1.8
_191_, 5.4, 13.6, 1.8
_192_, 5.4, 13.6, 1.8
_193_, 5.4, 13.6, 1.8
_194_, 5.4, 13.6, 1.8
_195_, 5.4, 13.6, 1.8
_196_, 5.4, 13.6, 1.8
_197_, 5.4, 13.6, 1.8
_198_, 5.4, 13.6, 1.8
_199_, 5.4, 13.6, 1.8
_200_, 5.4, 13.6, 1.8
_201_, 5.4, 13.6, 1.8
_202_, 5.4, 13.6, 1.8
_203_, 5.4, 13.6, 1.8
_204_, 5.4, 13.6, 1.8
_205_, 5.4, 13.6, 1.8
_206_, 5.4, 13.6, 1.8
_207_, 5.4, 13.6, 1.8
_208_, 5.4, 13.6, 1.8
_209_, 5.4, 13.6, 1.8
_210_, 5.4, 13.6, 1.8
_211_, 5.4, 13.6, 1.8
_212_, 5.4, 13.6, 1.8
_213_, 5.4, 13.6, 1.8
_214_, 5.4, 13.6, 1.8
_215_, 5.4, 13.6, 1.8
_216_, 5.4, 13.6, 1.8
_217_, 5.4, 13.6, 1.8
_218_, 5.4, 13.6, 1.8
_219_, 5.4, 13.6, 1.8
_220_, 5.4, 13.6, 1.8
_221_, 5.4, 13.6, 1.8
_222_, 5.4, 13.6, 1.8
_223_, 5.4, 13.6, 1.8
_224_, 5.4, 13.6, 1.8
_225_, 5.4, 13.6, 1.8
_226_, 5.4, 13.6, 1.8
_227_, 5.4, 13.6, 1.8
_228_, 5.4, 13.6, 1.8
_229_, 5.4, 13.6, 1.8
_230_, 5.4, 13.6, 1.8
_231_, 5.4, 13.6, 1.8
_232_, 5.4, 13.6, 1.8
_233_, 5.4, 13.6, 1.8
_234_, 5.4, 13.6, 1.8
_235_, 5.4, 13.6, 1.8
_236_, 5.4, 13.6, 1.8
_237_, 5.4, 13.6, 1.8
_238_, 5.4, 13.6, 1.8
_239_, 5.4, 13.6, 1.8
_240_, 5.4, 13.6, 1.8
_241_, 5.4, 13.6, 1.8
_242_, 5.4, 13.6, 1.8
_243_, 5.4, 13.6, 1.8
_244_, 5.4, 13.6, 1.8
_245_, 5.4, 13.6, 1.8
_246_, 5.4, 13.6, 1.8
_247_, 5.4, 13.6, 1.8
_248_, 5.4, 13.6, 1.8
_249_, 5.4, 13.6, 1.8
_250_, 5.4, 13.6, 1.8
_251_, 5.4, 13.6, 1.8
_252_, 5.4, 13.6, 1.8
_253_, 5.4, 13.6, 1.8
_254_, 5.4, 13.6, 1.8
_255_, 5.4, 13.6, 1.8
_256_, 5.4, 13.6, 1.8
_257_, 5.4, 13.6, 1.8
_258_, 5.4, 13.6, 1.8
_259_, 5.4, 13.6, 1.8
_260_, 5.4, 13.6, 1.8
_261_, 5.4, 13.6, 1.8
_262_, 5.4, 13.6, 1.8
_263_, 5.4, 13.6, 1.8
_264_, 5.4, 13.6, 1.8
_265_, 5.4, 13.6, 1.8
_266_, 5.4, 13.6, 1.8
_267_, 5.4, 13.6, 1.8
_268_, 5.4, 13.6, 1.8
_269_, 5.4, 13.6, 1.8
_270_, 5.4, 13.6, 1.8
_271_, 5.4, 13.6, 1.8
_272_, 5.4, 13.6, 1.8
_273_, 5.4, 13.6, 1.8
_274_, 5.4, 13.6, 1.8
_275_, 5.4, 13.6, 1.8
_276_, 5.4, 13.6, 1.8
_277_, 5.4, 13.6, 1.8
_278_, 5.4, 13.6, 1.8
_279_, 5.4, 13.6, 1.8
_280_, 5.4, 13.6, 1.8
_281_, 5.4, 13.6, 1.8
_282_, 5.4, 13.6, 1.8
_283_, 5.4, 13.6, 1.8
_284_, 5.4, 13.6, 1.8
_285_, 5.4, 13.6, 1.8
_286_, 5.4, 13.6, 1.8
_287_, 5.4, 13.6, 1.8
_288_, 5.4, 13.6, 1.8
_289_, 5.4, 13.6, 1.8
_290_, 5.4, 13.6, 1.8
_291_, 5.4, 13.6, 1.8
_292_, 5.4, 13.6, 1.8
_293_, 5.4, 13.6, 1.8
_294_, 5.4, 13.6, 1.8
_295_, 5.4, 13.6, 1.8
_296_, 5.4, 13.6, 1.8
_297_, 5.4, 13.6, 1.8
_298_, 5.4, 13.6, 1.8
_299_, 5.4, 13.6, 1.8
_300_, 5.4, 13.6, 1.8
_301_, 5.4, 13.6, 1.8
_302_, 5.4, 13.6, 1.8
_303_, 5.4, 13.6, 1.8
_304_, 5.4, 13.6, 1.8
PHY_1, 70.2, 13.6, 1.8
PHY_3, 70.2, 13.6, 1.8

