
29. Printing statistics.

=== asmd_multiplier ===

   Number of wires:                162
   Number of wire bits:            175
   Number of public wires:          21
   Number of public wire bits:      34
   Number of memories:               0
   Number of memory bits:            0
   Number of processes:              0
   Number of cells:                164
     sky130_fd_sc_hd__a221oi_2       1
     sky130_fd_sc_hd__a22o_2        14
     sky130_fd_sc_hd__a31o_2         3
     sky130_fd_sc_hd__a32o_2         8
     sky130_fd_sc_hd__a41o_2         1
     sky130_fd_sc_hd__and2_2         1
     sky130_fd_sc_hd__and3_2         1
     sky130_fd_sc_hd__buf_1         55
     sky130_fd_sc_hd__dfrtp_2       21
     sky130_fd_sc_hd__inv_2         20
     sky130_fd_sc_hd__mux2_1         8
     sky130_fd_sc_hd__nand2_2        5
     sky130_fd_sc_hd__nor2_2         1
     sky130_fd_sc_hd__o21ai_2        5
     sky130_fd_sc_hd__o221a_2        1
     sky130_fd_sc_hd__o22a_2         3
     sky130_fd_sc_hd__o22ai_2        1
     sky130_fd_sc_hd__o2bb2a_2       2
     sky130_fd_sc_hd__o32a_2         1
     sky130_fd_sc_hd__o41a_2         1
     sky130_fd_sc_hd__or2_2          8
     sky130_fd_sc_hd__or3_2          1
     sky130_fd_sc_hd__or4_2          1
     sky130_fd_sc_hd__or4b_2         1

   Chip area for module '\asmd_multiplier': 1478.918400

