Startpoint: reset (input port clocked by clk)
Endpoint: _303_ (removal check against rising-edge clock clk)
Path Group: **async_default**
Path Type: min

Fanout     Cap    Slew   Delay    Time   Description
-----------------------------------------------------------------------------
                          0.00    0.00   clock clk (rise edge)
                          0.00    0.00   clock network delay (propagated)
                         20.00   20.00 v input external delay
                  0.02    0.01   20.01 v reset (in)
     1    0.00                           reset (net)
                  0.02    0.00   20.01 v input1/A (sky130_fd_sc_hd__buf_2)
                  0.07    0.15   20.16 v input1/X (sky130_fd_sc_hd__buf_2)
     2    0.03                           net1 (net)
                  0.07    0.00   20.16 v _141_/A (sky130_fd_sc_hd__inv_2)
                  0.06    0.07   20.24 ^ _141_/Y (sky130_fd_sc_hd__inv_2)
     4    0.01                           _130_ (net)
                  0.06    0.00   20.24 ^ _153_/A (sky130_fd_sc_hd__dlymetal6s2s_1)
                  0.18    0.18   20.42 ^ _153_/X (sky130_fd_sc_hd__dlymetal6s2s_1)
     5    0.02                           _139_ (net)
                  0.18    0.00   20.42 ^ _154_/A (sky130_fd_sc_hd__clkbuf_2)
                  0.11    0.18   20.60 ^ _154_/X (sky130_fd_sc_hd__clkbuf_2)
     5    0.02                           _030_ (net)
                  0.11    0.00   20.60 ^ _303_/RESET_B (sky130_fd_sc_hd__dfrtp_1)
                                 20.60   data arrival time

                          0.00    0.00   clock clk (rise edge)
                          0.66    0.66   clock network delay (propagated)
                          0.25    0.91   clock uncertainty
                          0.00    0.91   clock reconvergence pessimism
                                  0.91 ^ _303_/CLK (sky130_fd_sc_hd__dfrtp_1)
                          0.39    1.29   library removal time
                                  1.29   data required time
-----------------------------------------------------------------------------
                                  1.29   data required time
                                -20.60   data arrival time
-----------------------------------------------------------------------------
                                 19.31   slack (MET)


Startpoint: _301_ (rising edge-triggered flip-flop clocked by clk)
Endpoint: _301_ (rising edge-triggered flip-flop clocked by clk)
Path Group: clk
Path Type: min

Fanout     Cap    Slew   Delay    Time   Description
-----------------------------------------------------------------------------
                          0.00    0.00   clock clk (rise edge)
                          0.59    0.59   clock network delay (propagated)
                  0.23    0.00    0.59 ^ _301_/CLK (sky130_fd_sc_hd__dfrtp_1)
                  0.10    0.40    0.99 ^ _301_/Q (sky130_fd_sc_hd__dfrtp_1)
     3    0.01                           control_module0.m0 (net)
                  0.10    0.00    0.99 ^ _163_/B1 (sky130_fd_sc_hd__a22o_1)
                  0.04    0.12    1.11 ^ _163_/X (sky130_fd_sc_hd__a22o_1)
     1    0.00                           _048_ (net)
                  0.04    0.00    1.11 ^ _301_/D (sky130_fd_sc_hd__dfrtp_1)
                                  1.11   data arrival time

                          0.00    0.00   clock clk (rise edge)
                          0.65    0.65   clock network delay (propagated)
                          0.25    0.90   clock uncertainty
                         -0.06    0.84   clock reconvergence pessimism
                                  0.84 ^ _301_/CLK (sky130_fd_sc_hd__dfrtp_1)
                         -0.01    0.83   library hold time
                                  0.83   data required time
-----------------------------------------------------------------------------
                                  0.83   data required time
                                 -1.11   data arrival time
-----------------------------------------------------------------------------
                                  0.28   slack (MET)


Startpoint: reset (input port clocked by clk)
Endpoint: _295_ (recovery check against rising-edge clock clk)
Path Group: **async_default**
Path Type: max

Fanout     Cap    Slew   Delay    Time   Description
-----------------------------------------------------------------------------
                          0.00    0.00   clock clk (rise edge)
                          0.00    0.00   clock network delay (propagated)
                         20.00   20.00 v input external delay
                  0.02    0.01   20.01 v reset (in)
     1    0.00                           reset (net)
                  0.02    0.00   20.01 v input1/A (sky130_fd_sc_hd__buf_2)
                  0.07    0.16   20.18 v input1/X (sky130_fd_sc_hd__buf_2)
     2    0.03                           net1 (net)
                  0.07    0.00   20.18 v _141_/A (sky130_fd_sc_hd__inv_2)
                  0.06    0.08   20.26 ^ _141_/Y (sky130_fd_sc_hd__inv_2)
     4    0.01                           _130_ (net)
                  0.06    0.00   20.26 ^ _153_/A (sky130_fd_sc_hd__dlymetal6s2s_1)
                  0.18    0.20   20.46 ^ _153_/X (sky130_fd_sc_hd__dlymetal6s2s_1)
     5    0.02                           _139_ (net)
                  0.18    0.00   20.46 ^ _170_/A (sky130_fd_sc_hd__dlymetal6s2s_1)
                  0.18    0.23   20.69 ^ _170_/X (sky130_fd_sc_hd__dlymetal6s2s_1)
     5    0.02                           _057_ (net)
                  0.18    0.00   20.69 ^ _180_/A (sky130_fd_sc_hd__clkbuf_1)
                  0.06    0.13   20.82 ^ _180_/X (sky130_fd_sc_hd__clkbuf_1)
     1    0.00                           _061_ (net)
                  0.06    0.00   20.82 ^ _181_/A (sky130_fd_sc_hd__clkbuf_1)
                  0.07    0.10   20.93 ^ _181_/X (sky130_fd_sc_hd__clkbuf_1)
     1    0.00                           _022_ (net)
                  0.07    0.00   20.93 ^ _295_/RESET_B (sky130_fd_sc_hd__dfrtp_1)
                                 20.93   data arrival time

                        100.00  100.00   clock clk (rise edge)
                          0.56  100.56   clock network delay (propagated)
                         -0.25  100.31   clock uncertainty
                          0.00  100.31   clock reconvergence pessimism
                                100.31 ^ _295_/CLK (sky130_fd_sc_hd__dfrtp_1)
                          0.26  100.57   library recovery time
                                100.57   data required time
-----------------------------------------------------------------------------
                                100.57   data required time
                                -20.93   data arrival time
-----------------------------------------------------------------------------
                                 79.65   slack (MET)


Startpoint: reset (input port clocked by clk)
Endpoint: ready (output port clocked by clk)
Path Group: clk
Path Type: max

Fanout     Cap    Slew   Delay    Time   Description
-----------------------------------------------------------------------------
                          0.00    0.00   clock clk (rise edge)
                          0.00    0.00   clock network delay (propagated)
                         20.00   20.00 v input external delay
                  0.02    0.01   20.01 v reset (in)
     1    0.00                           reset (net)
                  0.02    0.00   20.01 v input1/A (sky130_fd_sc_hd__buf_2)
                  0.07    0.16   20.18 v input1/X (sky130_fd_sc_hd__buf_2)
     2    0.03                           net1 (net)
                  0.07    0.00   20.18 v _271_/A (sky130_fd_sc_hd__nor2_2)
                  0.21    0.23   20.41 ^ _271_/Y (sky130_fd_sc_hd__nor2_2)
     1    0.02                           net19 (net)
                  0.21    0.00   20.41 ^ output19/A (sky130_fd_sc_hd__buf_2)
                  0.18    0.27   20.68 ^ output19/X (sky130_fd_sc_hd__buf_2)
     1    0.03                           ready (net)
                  0.18    0.00   20.68 ^ ready (out)
                                 20.68   data arrival time

                        100.00  100.00   clock clk (rise edge)
                          0.00  100.00   clock network delay (propagated)
                         -0.25   99.75   clock uncertainty
                          0.00   99.75   clock reconvergence pessimism
                        -20.00   79.75   output external delay
                                 79.75   data required time
-----------------------------------------------------------------------------
                                 79.75   data required time
                                -20.68   data arrival time
-----------------------------------------------------------------------------
                                 59.07   slack (MET)


