Startpoint: reset (input port clocked by clk)
Endpoint: _303_ (removal check against rising-edge clock clk)
Path Group: **async_default**
Path Type: min

Fanout     Cap    Slew   Delay    Time   Description
-----------------------------------------------------------------------------
                  0.15    0.00    0.00   clock clk (rise edge)
                          0.00    0.00   clock network delay (ideal)
                         20.00   20.00 v input external delay
                  0.08    0.06   20.06 v reset (in)
     2    0.02                           reset (net)
                  0.08    0.00   20.06 v _141_/A (sky130_fd_sc_hd__inv_2)
                  0.05    0.07   20.13 ^ _141_/Y (sky130_fd_sc_hd__inv_2)
     4    0.01                           _130_ (net)
                  0.05    0.00   20.13 ^ _153_/A (sky130_fd_sc_hd__buf_1)
                  0.23    0.21   20.33 ^ _153_/X (sky130_fd_sc_hd__buf_1)
     5    0.02                           _139_ (net)
                  0.23    0.00   20.33 ^ _154_/A (sky130_fd_sc_hd__buf_1)
                  0.18    0.21   20.54 ^ _154_/X (sky130_fd_sc_hd__buf_1)
     5    0.02                           _030_ (net)
                  0.18    0.00   20.54 ^ _303_/RESET_B (sky130_fd_sc_hd__dfrtp_2)
                                 20.54   data arrival time

                  0.15    0.00    0.00   clock clk (rise edge)
                          0.00    0.00   clock network delay (ideal)
                          0.25    0.25   clock uncertainty
                          0.00    0.25   clock reconvergence pessimism
                                  0.25 ^ _303_/CLK (sky130_fd_sc_hd__dfrtp_2)
                          0.49    0.74   library removal time
                                  0.74   data required time
-----------------------------------------------------------------------------
                                  0.74   data required time
                                -20.54   data arrival time
-----------------------------------------------------------------------------
                                 19.80   slack (MET)


Startpoint: _302_ (rising edge-triggered flip-flop clocked by clk)
Endpoint: _302_ (rising edge-triggered flip-flop clocked by clk)
Path Group: clk
Path Type: min

Fanout     Cap    Slew   Delay    Time   Description
-----------------------------------------------------------------------------
                  0.15    0.00    0.00   clock clk (rise edge)
                          0.00    0.00   clock network delay (ideal)
                  0.15    0.00    0.00 ^ _302_/CLK (sky130_fd_sc_hd__dfrtp_2)
                  0.06    0.46    0.46 ^ _302_/Q (sky130_fd_sc_hd__dfrtp_2)
     3    0.01                           datapath_module0.multiplier[1] (net)
                  0.06    0.00    0.46 ^ _160_/B1 (sky130_fd_sc_hd__a22o_2)
                  0.04    0.12    0.58 ^ _160_/X (sky130_fd_sc_hd__a22o_2)
     1    0.00                           _049_ (net)
                  0.04    0.00    0.58 ^ _302_/D (sky130_fd_sc_hd__dfrtp_2)
                                  0.58   data arrival time

                  0.15    0.00    0.00   clock clk (rise edge)
                          0.00    0.00   clock network delay (ideal)
                          0.25    0.25   clock uncertainty
                          0.00    0.25   clock reconvergence pessimism
                                  0.25 ^ _302_/CLK (sky130_fd_sc_hd__dfrtp_2)
                          0.03    0.28   library hold time
                                  0.28   data required time
-----------------------------------------------------------------------------
                                  0.28   data required time
                                 -0.58   data arrival time
-----------------------------------------------------------------------------
                                  0.30   slack (MET)


Startpoint: reset (input port clocked by clk)
Endpoint: _293_ (recovery check against rising-edge clock clk)
Path Group: **async_default**
Path Type: max

Fanout     Cap    Slew   Delay    Time   Description
-----------------------------------------------------------------------------
                  0.15    0.00    0.00   clock clk (rise edge)
                          0.00    0.00   clock network delay (ideal)
                         20.00   20.00 v input external delay
                  0.08    0.06   20.06 v reset (in)
     2    0.02                           reset (net)
                  0.08    0.00   20.06 v _141_/A (sky130_fd_sc_hd__inv_2)
                  0.05    0.08   20.14 ^ _141_/Y (sky130_fd_sc_hd__inv_2)
     4    0.01                           _130_ (net)
                  0.05    0.00   20.14 ^ _153_/A (sky130_fd_sc_hd__buf_1)
                  0.23    0.23   20.37 ^ _153_/X (sky130_fd_sc_hd__buf_1)
     5    0.02                           _139_ (net)
                  0.23    0.00   20.37 ^ _186_/A (sky130_fd_sc_hd__buf_1)
                  0.22    0.26   20.63 ^ _186_/X (sky130_fd_sc_hd__buf_1)
     5    0.02                           _063_ (net)
                  0.22    0.00   20.63 ^ _187_/A (sky130_fd_sc_hd__buf_1)
                  0.05    0.12   20.75 ^ _187_/X (sky130_fd_sc_hd__buf_1)
     1    0.00                           _064_ (net)
                  0.05    0.00   20.75 ^ _188_/A (sky130_fd_sc_hd__buf_1)
                  0.06    0.10   20.85 ^ _188_/X (sky130_fd_sc_hd__buf_1)
     1    0.00                           _020_ (net)
                  0.06    0.00   20.85 ^ _293_/RESET_B (sky130_fd_sc_hd__dfrtp_2)
                                 20.85   data arrival time

                  0.15  100.00  100.00   clock clk (rise edge)
                          0.00  100.00   clock network delay (ideal)
                         -0.25   99.75   clock uncertainty
                          0.00   99.75   clock reconvergence pessimism
                                 99.75 ^ _293_/CLK (sky130_fd_sc_hd__dfrtp_2)
                          0.36  100.11   library recovery time
                                100.11   data required time
-----------------------------------------------------------------------------
                                100.11   data required time
                                -20.85   data arrival time
-----------------------------------------------------------------------------
                                 79.27   slack (MET)


Startpoint: reset (input port clocked by clk)
Endpoint: ready (output port clocked by clk)
Path Group: clk
Path Type: max

Fanout     Cap    Slew   Delay    Time   Description
-----------------------------------------------------------------------------
                  0.15    0.00    0.00   clock clk (rise edge)
                          0.00    0.00   clock network delay (ideal)
                         20.00   20.00 v input external delay
                  0.08    0.06   20.06 v reset (in)
     2    0.02                           reset (net)
                  0.08    0.00   20.06 v _271_/A (sky130_fd_sc_hd__nor2_2)
                  0.43    0.40   20.46 ^ _271_/Y (sky130_fd_sc_hd__nor2_2)
     1    0.03                           ready (net)
                  0.43    0.00   20.46 ^ ready (out)
                                 20.46   data arrival time

                  0.15  100.00  100.00   clock clk (rise edge)
                          0.00  100.00   clock network delay (ideal)
                         -0.25   99.75   clock uncertainty
                          0.00   99.75   clock reconvergence pessimism
                        -20.00   79.75   output external delay
                                 79.75   data required time
-----------------------------------------------------------------------------
                                 79.75   data required time
                                -20.46   data arrival time
-----------------------------------------------------------------------------
                                 59.29   slack (MET)


