
===========================================================================
report_checks -path_delay max (Setup)
============================================================================
Startpoint: reset (input port clocked by clk)
Endpoint: _284_ (recovery check against rising-edge clock clk)
Path Group: **async_default**
Path Type: max

Fanout     Cap    Slew   Delay    Time   Description
-----------------------------------------------------------------------------
                  0.15    0.00    0.00   clock clk (rise edge)
                          0.00    0.00   clock network delay (ideal)
                         20.00   20.00 v input external delay
                  0.01    0.01   20.01 v reset (in)
     1    0.00                           reset (net)
                  0.01    0.00   20.01 v input1/A (sky130_fd_sc_hd__dlymetal6s2s_1)
                  0.05    0.14   20.15 v input1/X (sky130_fd_sc_hd__dlymetal6s2s_1)
     2    0.01                           net1 (net)
                  0.05    0.00   20.15 v _141_/A (sky130_fd_sc_hd__inv_2)
                  0.05    0.07   20.22 ^ _141_/Y (sky130_fd_sc_hd__inv_2)
     4    0.01                           _130_ (net)
                  0.05    0.00   20.22 ^ _153_/A (sky130_fd_sc_hd__clkbuf_2)
                  0.06    0.12   20.34 ^ _153_/X (sky130_fd_sc_hd__clkbuf_2)
     5    0.01                           _139_ (net)
                  0.06    0.00   20.34 ^ _247_/A (sky130_fd_sc_hd__dlymetal6s2s_1)
                  0.14    0.16   20.51 ^ _247_/X (sky130_fd_sc_hd__dlymetal6s2s_1)
     5    0.01                           _114_ (net)
                  0.14    0.00   20.51 ^ _267_/A (sky130_fd_sc_hd__clkbuf_1)
                  0.04    0.10   20.61 ^ _267_/X (sky130_fd_sc_hd__clkbuf_1)
     1    0.00                           _126_ (net)
                  0.04    0.00   20.61 ^ _268_/A (sky130_fd_sc_hd__clkbuf_1)
                  0.06    0.09   20.70 ^ _268_/X (sky130_fd_sc_hd__clkbuf_1)
     1    0.00                           _011_ (net)
                  0.06    0.00   20.70 ^ _284_/RESET_B (sky130_fd_sc_hd__dfrtp_4)
                                 20.70   data arrival time

                  0.15  100.00  100.00   clock clk (rise edge)
                          0.00  100.00   clock network delay (ideal)
                         -0.25   99.75   clock uncertainty
                          0.00   99.75   clock reconvergence pessimism
                                 99.75 ^ _284_/CLK (sky130_fd_sc_hd__dfrtp_4)
                          0.25  100.00   library recovery time
                                100.00   data required time
-----------------------------------------------------------------------------
                                100.00   data required time
                                -20.70   data arrival time
-----------------------------------------------------------------------------
                                 79.30   slack (MET)


Startpoint: reset (input port clocked by clk)
Endpoint: _287_ (recovery check against rising-edge clock clk)
Path Group: **async_default**
Path Type: max

Fanout     Cap    Slew   Delay    Time   Description
-----------------------------------------------------------------------------
                  0.15    0.00    0.00   clock clk (rise edge)
                          0.00    0.00   clock network delay (ideal)
                         20.00   20.00 v input external delay
                  0.01    0.01   20.01 v reset (in)
     1    0.00                           reset (net)
                  0.01    0.00   20.01 v input1/A (sky130_fd_sc_hd__dlymetal6s2s_1)
                  0.05    0.14   20.15 v input1/X (sky130_fd_sc_hd__dlymetal6s2s_1)
     2    0.01                           net1 (net)
                  0.05    0.00   20.15 v _141_/A (sky130_fd_sc_hd__inv_2)
                  0.05    0.07   20.22 ^ _141_/Y (sky130_fd_sc_hd__inv_2)
     4    0.01                           _130_ (net)
                  0.05    0.00   20.22 ^ _153_/A (sky130_fd_sc_hd__clkbuf_2)
                  0.06    0.12   20.34 ^ _153_/X (sky130_fd_sc_hd__clkbuf_2)
     5    0.01                           _139_ (net)
                  0.06    0.00   20.34 ^ _247_/A (sky130_fd_sc_hd__dlymetal6s2s_1)
                  0.14    0.16   20.51 ^ _247_/X (sky130_fd_sc_hd__dlymetal6s2s_1)
     5    0.01                           _114_ (net)
                  0.14    0.00   20.51 ^ _255_/A (sky130_fd_sc_hd__clkbuf_1)
                  0.04    0.10   20.61 ^ _255_/X (sky130_fd_sc_hd__clkbuf_1)
     1    0.00                           _120_ (net)
                  0.04    0.00   20.61 ^ _256_/A (sky130_fd_sc_hd__clkbuf_1)
                  0.06    0.09   20.70 ^ _256_/X (sky130_fd_sc_hd__clkbuf_1)
     1    0.00                           _014_ (net)
                  0.06    0.00   20.70 ^ _287_/RESET_B (sky130_fd_sc_hd__dfrtp_4)
                                 20.70   data arrival time

                  0.15  100.00  100.00   clock clk (rise edge)
                          0.00  100.00   clock network delay (ideal)
                         -0.25   99.75   clock uncertainty
                          0.00   99.75   clock reconvergence pessimism
                                 99.75 ^ _287_/CLK (sky130_fd_sc_hd__dfrtp_4)
                          0.25  100.00   library recovery time
                                100.00   data required time
-----------------------------------------------------------------------------
                                100.00   data required time
                                -20.70   data arrival time
-----------------------------------------------------------------------------
                                 79.30   slack (MET)


Startpoint: reset (input port clocked by clk)
Endpoint: _297_ (recovery check against rising-edge clock clk)
Path Group: **async_default**
Path Type: max

Fanout     Cap    Slew   Delay    Time   Description
-----------------------------------------------------------------------------
                  0.15    0.00    0.00   clock clk (rise edge)
                          0.00    0.00   clock network delay (ideal)
                         20.00   20.00 v input external delay
                  0.01    0.01   20.01 v reset (in)
     1    0.00                           reset (net)
                  0.01    0.00   20.01 v input1/A (sky130_fd_sc_hd__dlymetal6s2s_1)
                  0.05    0.14   20.15 v input1/X (sky130_fd_sc_hd__dlymetal6s2s_1)
     2    0.01                           net1 (net)
                  0.05    0.00   20.15 v _141_/A (sky130_fd_sc_hd__inv_2)
                  0.05    0.07   20.22 ^ _141_/Y (sky130_fd_sc_hd__inv_2)
     4    0.01                           _130_ (net)
                  0.05    0.00   20.22 ^ _153_/A (sky130_fd_sc_hd__clkbuf_2)
                  0.06    0.12   20.34 ^ _153_/X (sky130_fd_sc_hd__clkbuf_2)
     5    0.01                           _139_ (net)
                  0.06    0.00   20.34 ^ _170_/A (sky130_fd_sc_hd__dlymetal6s2s_1)
                  0.14    0.16   20.51 ^ _170_/X (sky130_fd_sc_hd__dlymetal6s2s_1)
     5    0.01                           _057_ (net)
                  0.14    0.00   20.51 ^ _174_/A (sky130_fd_sc_hd__clkbuf_1)
                  0.04    0.10   20.61 ^ _174_/X (sky130_fd_sc_hd__clkbuf_1)
     1    0.00                           _059_ (net)
                  0.04    0.00   20.61 ^ _175_/A (sky130_fd_sc_hd__clkbuf_1)
                  0.06    0.09   20.70 ^ _175_/X (sky130_fd_sc_hd__clkbuf_1)
     1    0.00                           _024_ (net)
                  0.06    0.00   20.70 ^ _297_/RESET_B (sky130_fd_sc_hd__dfrtp_4)
                                 20.70   data arrival time

                  0.15  100.00  100.00   clock clk (rise edge)
                          0.00  100.00   clock network delay (ideal)
                         -0.25   99.75   clock uncertainty
                          0.00   99.75   clock reconvergence pessimism
                                 99.75 ^ _297_/CLK (sky130_fd_sc_hd__dfrtp_4)
                          0.25  100.00   library recovery time
                                100.00   data required time
-----------------------------------------------------------------------------
                                100.00   data required time
                                -20.70   data arrival time
-----------------------------------------------------------------------------
                                 79.30   slack (MET)


Startpoint: reset (input port clocked by clk)
Endpoint: _299_ (recovery check against rising-edge clock clk)
Path Group: **async_default**
Path Type: max

Fanout     Cap    Slew   Delay    Time   Description
-----------------------------------------------------------------------------
                  0.15    0.00    0.00   clock clk (rise edge)
                          0.00    0.00   clock network delay (ideal)
                         20.00   20.00 v input external delay
                  0.01    0.01   20.01 v reset (in)
     1    0.00                           reset (net)
                  0.01    0.00   20.01 v input1/A (sky130_fd_sc_hd__dlymetal6s2s_1)
                  0.05    0.14   20.15 v input1/X (sky130_fd_sc_hd__dlymetal6s2s_1)
     2    0.01                           net1 (net)
                  0.05    0.00   20.15 v _141_/A (sky130_fd_sc_hd__inv_2)
                  0.05    0.07   20.22 ^ _141_/Y (sky130_fd_sc_hd__inv_2)
     4    0.01                           _130_ (net)
                  0.05    0.00   20.22 ^ _153_/A (sky130_fd_sc_hd__clkbuf_2)
                  0.06    0.12   20.34 ^ _153_/X (sky130_fd_sc_hd__clkbuf_2)
     5    0.01                           _139_ (net)
                  0.06    0.00   20.34 ^ _154_/A (sky130_fd_sc_hd__dlymetal6s2s_1)
                  0.15    0.17   20.52 ^ _154_/X (sky130_fd_sc_hd__dlymetal6s2s_1)
     5    0.01                           _030_ (net)
                  0.15    0.00   20.52 ^ _167_/A (sky130_fd_sc_hd__clkbuf_1)
                  0.04    0.11   20.62 ^ _167_/X (sky130_fd_sc_hd__clkbuf_1)
     1    0.00                           _056_ (net)
                  0.04    0.00   20.62 ^ _168_/A (sky130_fd_sc_hd__clkbuf_1)
                  0.06    0.09   20.71 ^ _168_/X (sky130_fd_sc_hd__clkbuf_1)
     1    0.00                           _026_ (net)
                  0.06    0.00   20.71 ^ _299_/RESET_B (sky130_fd_sc_hd__dfrtp_1)
                                 20.71   data arrival time

                  0.15  100.00  100.00   clock clk (rise edge)
                          0.00  100.00   clock network delay (ideal)
                         -0.25   99.75   clock uncertainty
                          0.00   99.75   clock reconvergence pessimism
                                 99.75 ^ _299_/CLK (sky130_fd_sc_hd__dfrtp_1)
                          0.26  100.01   library recovery time
                                100.01   data required time
-----------------------------------------------------------------------------
                                100.01   data required time
                                -20.71   data arrival time
-----------------------------------------------------------------------------
                                 79.30   slack (MET)


Startpoint: reset (input port clocked by clk)
Endpoint: _300_ (recovery check against rising-edge clock clk)
Path Group: **async_default**
Path Type: max

Fanout     Cap    Slew   Delay    Time   Description
-----------------------------------------------------------------------------
                  0.15    0.00    0.00   clock clk (rise edge)
                          0.00    0.00   clock network delay (ideal)
                         20.00   20.00 v input external delay
                  0.01    0.01   20.01 v reset (in)
     1    0.00                           reset (net)
                  0.01    0.00   20.01 v input1/A (sky130_fd_sc_hd__dlymetal6s2s_1)
                  0.05    0.14   20.15 v input1/X (sky130_fd_sc_hd__dlymetal6s2s_1)
     2    0.01                           net1 (net)
                  0.05    0.00   20.15 v _141_/A (sky130_fd_sc_hd__inv_2)
                  0.05    0.07   20.22 ^ _141_/Y (sky130_fd_sc_hd__inv_2)
     4    0.01                           _130_ (net)
                  0.05    0.00   20.22 ^ _153_/A (sky130_fd_sc_hd__clkbuf_2)
                  0.06    0.12   20.34 ^ _153_/X (sky130_fd_sc_hd__clkbuf_2)
     5    0.01                           _139_ (net)
                  0.06    0.00   20.34 ^ _154_/A (sky130_fd_sc_hd__dlymetal6s2s_1)
                  0.15    0.17   20.52 ^ _154_/X (sky130_fd_sc_hd__dlymetal6s2s_1)
     5    0.01                           _030_ (net)
                  0.15    0.00   20.52 ^ _164_/A (sky130_fd_sc_hd__clkbuf_1)
                  0.04    0.11   20.62 ^ _164_/X (sky130_fd_sc_hd__clkbuf_1)
     1    0.00                           _055_ (net)
                  0.04    0.00   20.62 ^ _165_/A (sky130_fd_sc_hd__clkbuf_1)
                  0.06    0.09   20.71 ^ _165_/X (sky130_fd_sc_hd__clkbuf_1)
     1    0.00                           _027_ (net)
                  0.06    0.00   20.71 ^ _300_/RESET_B (sky130_fd_sc_hd__dfrtp_1)
                                 20.71   data arrival time

                  0.15  100.00  100.00   clock clk (rise edge)
                          0.00  100.00   clock network delay (ideal)
                         -0.25   99.75   clock uncertainty
                          0.00   99.75   clock reconvergence pessimism
                                 99.75 ^ _300_/CLK (sky130_fd_sc_hd__dfrtp_1)
                          0.26  100.01   library recovery time
                                100.01   data required time
-----------------------------------------------------------------------------
                                100.01   data required time
                                -20.71   data arrival time
-----------------------------------------------------------------------------
                                 79.30   slack (MET)


Startpoint: reset (input port clocked by clk)
Endpoint: ready (output port clocked by clk)
Path Group: clk
Path Type: max

Fanout     Cap    Slew   Delay    Time   Description
-----------------------------------------------------------------------------
                  0.15    0.00    0.00   clock clk (rise edge)
                          0.00    0.00   clock network delay (ideal)
                         20.00   20.00 v input external delay
                  0.01    0.01   20.01 v reset (in)
     1    0.00                           reset (net)
                  0.01    0.00   20.01 v input1/A (sky130_fd_sc_hd__dlymetal6s2s_1)
                  0.05    0.14   20.15 v input1/X (sky130_fd_sc_hd__dlymetal6s2s_1)
     2    0.01                           net1 (net)
                  0.05    0.00   20.15 v _271_/A (sky130_fd_sc_hd__nor2_1)
                  0.07    0.09   20.24 ^ _271_/Y (sky130_fd_sc_hd__nor2_1)
     1    0.00                           net19 (net)
                  0.07    0.00   20.24 ^ output19/A (sky130_fd_sc_hd__buf_2)
                  0.17    0.21   20.46 ^ output19/X (sky130_fd_sc_hd__buf_2)
     1    0.03                           ready (net)
                  0.17    0.00   20.46 ^ ready (out)
                                 20.46   data arrival time

                  0.15  100.00  100.00   clock clk (rise edge)
                          0.00  100.00   clock network delay (ideal)
                         -0.25   99.75   clock uncertainty
                          0.00   99.75   clock reconvergence pessimism
                        -20.00   79.75   output external delay
                                 79.75   data required time
-----------------------------------------------------------------------------
                                 79.75   data required time
                                -20.46   data arrival time
-----------------------------------------------------------------------------
                                 59.29   slack (MET)


Startpoint: word1[1] (input port clocked by clk)
Endpoint: _287_ (rising edge-triggered flip-flop clocked by clk)
Path Group: clk
Path Type: max

Fanout     Cap    Slew   Delay    Time   Description
-----------------------------------------------------------------------------
                  0.15    0.00    0.00   clock clk (rise edge)
                          0.00    0.00   clock network delay (ideal)
                         20.00   20.00 v input external delay
                  0.01    0.01   20.01 v word1[1] (in)
     1    0.00                           word1[1] (net)
                  0.01    0.00   20.01 v input8/A (sky130_fd_sc_hd__dlymetal6s2s_1)
                  0.04    0.13   20.13 v input8/X (sky130_fd_sc_hd__dlymetal6s2s_1)
     2    0.00                           net8 (net)
                  0.04    0.00   20.13 v _142_/A (sky130_fd_sc_hd__or4_1)
                  0.08    0.53   20.66 v _142_/X (sky130_fd_sc_hd__or4_1)
     1    0.00                           _131_ (net)
                  0.08    0.00   20.66 v _143_/B1 (sky130_fd_sc_hd__o41a_1)
                  0.08    0.14   20.80 v _143_/X (sky130_fd_sc_hd__o41a_1)
     2    0.01                           _132_ (net)
                  0.08    0.00   20.80 v _144_/C (sky130_fd_sc_hd__and3_1)
                  0.03    0.19   21.00 v _144_/X (sky130_fd_sc_hd__and3_1)
     1    0.00                           _133_ (net)
                  0.03    0.00   21.00 v _145_/A (sky130_fd_sc_hd__clkbuf_1)
                  0.04    0.10   21.10 v _145_/X (sky130_fd_sc_hd__clkbuf_1)
     4    0.01                           _006_ (net)
                  0.04    0.00   21.10 v _282_/A0 (sky130_fd_sc_hd__mux2_1)
                  0.06    0.30   21.40 v _282_/X (sky130_fd_sc_hd__mux2_1)
     1    0.00                           _009_ (net)
                  0.06    0.00   21.40 v _192_/A (sky130_fd_sc_hd__inv_2)
                  0.03    0.05   21.45 ^ _192_/Y (sky130_fd_sc_hd__inv_2)
     1    0.00                           _066_ (net)
                  0.03    0.00   21.45 ^ _193_/B1 (sky130_fd_sc_hd__a31o_1)
                  0.11    0.13   21.58 ^ _193_/X (sky130_fd_sc_hd__a31o_1)
     3    0.01                           _067_ (net)
                  0.11    0.00   21.58 ^ _225_/A (sky130_fd_sc_hd__inv_2)
                  0.03    0.05   21.63 v _225_/Y (sky130_fd_sc_hd__inv_2)
     3    0.01                           _099_ (net)
                  0.03    0.00   21.63 v _226_/B1 (sky130_fd_sc_hd__a41o_1)
                  0.07    0.24   21.87 v _226_/X (sky130_fd_sc_hd__a41o_1)
     3    0.01                           _100_ (net)
                  0.07    0.00   21.87 v _233_/A (sky130_fd_sc_hd__inv_2)
                  0.03    0.06   21.93 ^ _233_/Y (sky130_fd_sc_hd__inv_2)
     2    0.00                           _105_ (net)
                  0.03    0.00   21.93 ^ _234_/A (sky130_fd_sc_hd__clkbuf_2)
                  0.08    0.13   22.05 ^ _234_/X (sky130_fd_sc_hd__clkbuf_2)
     5    0.01                           _106_ (net)
                  0.08    0.00   22.05 ^ _258_/B2 (sky130_fd_sc_hd__a32o_1)
                  0.05    0.12   22.18 ^ _258_/X (sky130_fd_sc_hd__a32o_1)
     1    0.00                           _034_ (net)
                  0.05    0.00   22.18 ^ _287_/D (sky130_fd_sc_hd__dfrtp_4)
                                 22.18   data arrival time

                  0.15  100.00  100.00   clock clk (rise edge)
                          0.00  100.00   clock network delay (ideal)
                         -0.25   99.75   clock uncertainty
                          0.00   99.75   clock reconvergence pessimism
                                 99.75 ^ _287_/CLK (sky130_fd_sc_hd__dfrtp_4)
                         -0.05   99.70   library setup time
                                 99.70   data required time
-----------------------------------------------------------------------------
                                 99.70   data required time
                                -22.18   data arrival time
-----------------------------------------------------------------------------
                                 77.53   slack (MET)


Startpoint: word1[1] (input port clocked by clk)
Endpoint: _289_ (rising edge-triggered flip-flop clocked by clk)
Path Group: clk
Path Type: max

Fanout     Cap    Slew   Delay    Time   Description
-----------------------------------------------------------------------------
                  0.15    0.00    0.00   clock clk (rise edge)
                          0.00    0.00   clock network delay (ideal)
                         20.00   20.00 v input external delay
                  0.01    0.01   20.01 v word1[1] (in)
     1    0.00                           word1[1] (net)
                  0.01    0.00   20.01 v input8/A (sky130_fd_sc_hd__dlymetal6s2s_1)
                  0.04    0.13   20.13 v input8/X (sky130_fd_sc_hd__dlymetal6s2s_1)
     2    0.00                           net8 (net)
                  0.04    0.00   20.13 v _142_/A (sky130_fd_sc_hd__or4_1)
                  0.08    0.53   20.66 v _142_/X (sky130_fd_sc_hd__or4_1)
     1    0.00                           _131_ (net)
                  0.08    0.00   20.66 v _143_/B1 (sky130_fd_sc_hd__o41a_1)
                  0.08    0.14   20.80 v _143_/X (sky130_fd_sc_hd__o41a_1)
     2    0.01                           _132_ (net)
                  0.08    0.00   20.80 v _144_/C (sky130_fd_sc_hd__and3_1)
                  0.03    0.19   21.00 v _144_/X (sky130_fd_sc_hd__and3_1)
     1    0.00                           _133_ (net)
                  0.03    0.00   21.00 v _145_/A (sky130_fd_sc_hd__clkbuf_1)
                  0.04    0.10   21.10 v _145_/X (sky130_fd_sc_hd__clkbuf_1)
     4    0.01                           _006_ (net)
                  0.04    0.00   21.10 v _282_/A0 (sky130_fd_sc_hd__mux2_1)
                  0.06    0.30   21.40 v _282_/X (sky130_fd_sc_hd__mux2_1)
     1    0.00                           _009_ (net)
                  0.06    0.00   21.40 v _192_/A (sky130_fd_sc_hd__inv_2)
                  0.03    0.05   21.45 ^ _192_/Y (sky130_fd_sc_hd__inv_2)
     1    0.00                           _066_ (net)
                  0.03    0.00   21.45 ^ _193_/B1 (sky130_fd_sc_hd__a31o_1)
                  0.11    0.13   21.58 ^ _193_/X (sky130_fd_sc_hd__a31o_1)
     3    0.01                           _067_ (net)
                  0.11    0.00   21.58 ^ _225_/A (sky130_fd_sc_hd__inv_2)
                  0.03    0.05   21.63 v _225_/Y (sky130_fd_sc_hd__inv_2)
     3    0.01                           _099_ (net)
                  0.03    0.00   21.63 v _226_/B1 (sky130_fd_sc_hd__a41o_1)
                  0.07    0.24   21.87 v _226_/X (sky130_fd_sc_hd__a41o_1)
     3    0.01                           _100_ (net)
                  0.07    0.00   21.87 v _233_/A (sky130_fd_sc_hd__inv_2)
                  0.03    0.06   21.93 ^ _233_/Y (sky130_fd_sc_hd__inv_2)
     2    0.00                           _105_ (net)
                  0.03    0.00   21.93 ^ _234_/A (sky130_fd_sc_hd__clkbuf_2)
                  0.08    0.13   22.05 ^ _234_/X (sky130_fd_sc_hd__clkbuf_2)
     5    0.01                           _106_ (net)
                  0.08    0.00   22.05 ^ _246_/B2 (sky130_fd_sc_hd__a32o_1)
                  0.05    0.12   22.18 ^ _246_/X (sky130_fd_sc_hd__a32o_1)
     1    0.00                           _036_ (net)
                  0.05    0.00   22.18 ^ _289_/D (sky130_fd_sc_hd__dfrtp_4)
                                 22.18   data arrival time

                  0.15  100.00  100.00   clock clk (rise edge)
                          0.00  100.00   clock network delay (ideal)
                         -0.25   99.75   clock uncertainty
                          0.00   99.75   clock reconvergence pessimism
                                 99.75 ^ _289_/CLK (sky130_fd_sc_hd__dfrtp_4)
                         -0.05   99.70   library setup time
                                 99.70   data required time
-----------------------------------------------------------------------------
                                 99.70   data required time
                                -22.18   data arrival time
-----------------------------------------------------------------------------
                                 77.53   slack (MET)


Startpoint: word1[1] (input port clocked by clk)
Endpoint: _288_ (rising edge-triggered flip-flop clocked by clk)
Path Group: clk
Path Type: max

Fanout     Cap    Slew   Delay    Time   Description
-----------------------------------------------------------------------------
                  0.15    0.00    0.00   clock clk (rise edge)
                          0.00    0.00   clock network delay (ideal)
                         20.00   20.00 v input external delay
                  0.01    0.01   20.01 v word1[1] (in)
     1    0.00                           word1[1] (net)
                  0.01    0.00   20.01 v input8/A (sky130_fd_sc_hd__dlymetal6s2s_1)
                  0.04    0.13   20.13 v input8/X (sky130_fd_sc_hd__dlymetal6s2s_1)
     2    0.00                           net8 (net)
                  0.04    0.00   20.13 v _142_/A (sky130_fd_sc_hd__or4_1)
                  0.08    0.53   20.66 v _142_/X (sky130_fd_sc_hd__or4_1)
     1    0.00                           _131_ (net)
                  0.08    0.00   20.66 v _143_/B1 (sky130_fd_sc_hd__o41a_1)
                  0.08    0.14   20.80 v _143_/X (sky130_fd_sc_hd__o41a_1)
     2    0.01                           _132_ (net)
                  0.08    0.00   20.80 v _144_/C (sky130_fd_sc_hd__and3_1)
                  0.03    0.19   21.00 v _144_/X (sky130_fd_sc_hd__and3_1)
     1    0.00                           _133_ (net)
                  0.03    0.00   21.00 v _145_/A (sky130_fd_sc_hd__clkbuf_1)
                  0.04    0.10   21.10 v _145_/X (sky130_fd_sc_hd__clkbuf_1)
     4    0.01                           _006_ (net)
                  0.04    0.00   21.10 v _282_/A0 (sky130_fd_sc_hd__mux2_1)
                  0.06    0.30   21.40 v _282_/X (sky130_fd_sc_hd__mux2_1)
     1    0.00                           _009_ (net)
                  0.06    0.00   21.40 v _192_/A (sky130_fd_sc_hd__inv_2)
                  0.03    0.05   21.45 ^ _192_/Y (sky130_fd_sc_hd__inv_2)
     1    0.00                           _066_ (net)
                  0.03    0.00   21.45 ^ _193_/B1 (sky130_fd_sc_hd__a31o_1)
                  0.11    0.13   21.58 ^ _193_/X (sky130_fd_sc_hd__a31o_1)
     3    0.01                           _067_ (net)
                  0.11    0.00   21.58 ^ _225_/A (sky130_fd_sc_hd__inv_2)
                  0.03    0.05   21.63 v _225_/Y (sky130_fd_sc_hd__inv_2)
     3    0.01                           _099_ (net)
                  0.03    0.00   21.63 v _226_/B1 (sky130_fd_sc_hd__a41o_1)
                  0.07    0.24   21.87 v _226_/X (sky130_fd_sc_hd__a41o_1)
     3    0.01                           _100_ (net)
                  0.07    0.00   21.87 v _233_/A (sky130_fd_sc_hd__inv_2)
                  0.03    0.06   21.93 ^ _233_/Y (sky130_fd_sc_hd__inv_2)
     2    0.00                           _105_ (net)
                  0.03    0.00   21.93 ^ _234_/A (sky130_fd_sc_hd__clkbuf_2)
                  0.08    0.13   22.05 ^ _234_/X (sky130_fd_sc_hd__clkbuf_2)
     5    0.01                           _106_ (net)
                  0.08    0.00   22.05 ^ _254_/B2 (sky130_fd_sc_hd__a32o_1)
                  0.05    0.12   22.18 ^ _254_/X (sky130_fd_sc_hd__a32o_1)
     1    0.00                           _035_ (net)
                  0.05    0.00   22.18 ^ _288_/D (sky130_fd_sc_hd__dfrtp_1)
                                 22.18   data arrival time

                  0.15  100.00  100.00   clock clk (rise edge)
                          0.00  100.00   clock network delay (ideal)
                         -0.25   99.75   clock uncertainty
                          0.00   99.75   clock reconvergence pessimism
                                 99.75 ^ _288_/CLK (sky130_fd_sc_hd__dfrtp_1)
                         -0.04   99.71   library setup time
                                 99.71   data required time
-----------------------------------------------------------------------------
                                 99.71   data required time
                                -22.18   data arrival time
-----------------------------------------------------------------------------
                                 77.53   slack (MET)


Startpoint: word1[1] (input port clocked by clk)
Endpoint: _290_ (rising edge-triggered flip-flop clocked by clk)
Path Group: clk
Path Type: max

Fanout     Cap    Slew   Delay    Time   Description
-----------------------------------------------------------------------------
                  0.15    0.00    0.00   clock clk (rise edge)
                          0.00    0.00   clock network delay (ideal)
                         20.00   20.00 v input external delay
                  0.01    0.01   20.01 v word1[1] (in)
     1    0.00                           word1[1] (net)
                  0.01    0.00   20.01 v input8/A (sky130_fd_sc_hd__dlymetal6s2s_1)
                  0.04    0.13   20.13 v input8/X (sky130_fd_sc_hd__dlymetal6s2s_1)
     2    0.00                           net8 (net)
                  0.04    0.00   20.13 v _142_/A (sky130_fd_sc_hd__or4_1)
                  0.08    0.53   20.66 v _142_/X (sky130_fd_sc_hd__or4_1)
     1    0.00                           _131_ (net)
                  0.08    0.00   20.66 v _143_/B1 (sky130_fd_sc_hd__o41a_1)
                  0.08    0.14   20.80 v _143_/X (sky130_fd_sc_hd__o41a_1)
     2    0.01                           _132_ (net)
                  0.08    0.00   20.80 v _144_/C (sky130_fd_sc_hd__and3_1)
                  0.03    0.19   21.00 v _144_/X (sky130_fd_sc_hd__and3_1)
     1    0.00                           _133_ (net)
                  0.03    0.00   21.00 v _145_/A (sky130_fd_sc_hd__clkbuf_1)
                  0.04    0.10   21.10 v _145_/X (sky130_fd_sc_hd__clkbuf_1)
     4    0.01                           _006_ (net)
                  0.04    0.00   21.10 v _282_/A0 (sky130_fd_sc_hd__mux2_1)
                  0.06    0.30   21.40 v _282_/X (sky130_fd_sc_hd__mux2_1)
     1    0.00                           _009_ (net)
                  0.06    0.00   21.40 v _192_/A (sky130_fd_sc_hd__inv_2)
                  0.03    0.05   21.45 ^ _192_/Y (sky130_fd_sc_hd__inv_2)
     1    0.00                           _066_ (net)
                  0.03    0.00   21.45 ^ _193_/B1 (sky130_fd_sc_hd__a31o_1)
                  0.11    0.13   21.58 ^ _193_/X (sky130_fd_sc_hd__a31o_1)
     3    0.01                           _067_ (net)
                  0.11    0.00   21.58 ^ _225_/A (sky130_fd_sc_hd__inv_2)
                  0.03    0.05   21.63 v _225_/Y (sky130_fd_sc_hd__inv_2)
     3    0.01                           _099_ (net)
                  0.03    0.00   21.63 v _226_/B1 (sky130_fd_sc_hd__a41o_1)
                  0.07    0.24   21.87 v _226_/X (sky130_fd_sc_hd__a41o_1)
     3    0.01                           _100_ (net)
                  0.07    0.00   21.87 v _233_/A (sky130_fd_sc_hd__inv_2)
                  0.03    0.06   21.93 ^ _233_/Y (sky130_fd_sc_hd__inv_2)
     2    0.00                           _105_ (net)
                  0.03    0.00   21.93 ^ _234_/A (sky130_fd_sc_hd__clkbuf_2)
                  0.08    0.13   22.05 ^ _234_/X (sky130_fd_sc_hd__clkbuf_2)
     5    0.01                           _106_ (net)
                  0.08    0.00   22.05 ^ _242_/B2 (sky130_fd_sc_hd__a32o_1)
                  0.05    0.12   22.18 ^ _242_/X (sky130_fd_sc_hd__a32o_1)
     1    0.00                           _037_ (net)
                  0.05    0.00   22.18 ^ _290_/D (sky130_fd_sc_hd__dfrtp_1)
                                 22.18   data arrival time

                  0.15  100.00  100.00   clock clk (rise edge)
                          0.00  100.00   clock network delay (ideal)
                         -0.25   99.75   clock uncertainty
                          0.00   99.75   clock reconvergence pessimism
                                 99.75 ^ _290_/CLK (sky130_fd_sc_hd__dfrtp_1)
                         -0.04   99.71   library setup time
                                 99.71   data required time
-----------------------------------------------------------------------------
                                 99.71   data required time
                                -22.18   data arrival time
-----------------------------------------------------------------------------
                                 77.53   slack (MET)


