
===========================================================================
report_checks -unconstrained
============================================================================
Startpoint: reset (input port clocked by clk)
Endpoint: _294_ (recovery check against rising-edge clock clk)
Path Group: **async_default**
Path Type: max

Fanout     Cap    Slew   Delay    Time   Description
-----------------------------------------------------------------------------
                          0.00    0.00   clock clk (rise edge)
                          0.00    0.00   clock network delay (propagated)
                         20.00   20.00 v input external delay
                  0.01    0.01   20.01 v reset (in)
     1    0.00                           reset (net)
                  0.01    0.00   20.01 v input1/A (sky130_fd_sc_hd__buf_2)
                  0.04    0.12   20.13 v input1/X (sky130_fd_sc_hd__buf_2)
     2    0.01                           net1 (net)
                  0.04    0.00   20.13 v _141_/A (sky130_fd_sc_hd__inv_2)
                  0.04    0.06   20.18 ^ _141_/Y (sky130_fd_sc_hd__inv_2)
     4    0.01                           _130_ (net)
                  0.04    0.00   20.18 ^ _153_/A (sky130_fd_sc_hd__dlymetal6s2s_1)
                  0.13    0.16   20.34 ^ _153_/X (sky130_fd_sc_hd__dlymetal6s2s_1)
     5    0.01                           _139_ (net)
                  0.13    0.00   20.34 ^ _170_/A (sky130_fd_sc_hd__dlymetal6s2s_1)
                  0.14    0.19   20.53 ^ _170_/X (sky130_fd_sc_hd__dlymetal6s2s_1)
     5    0.01                           _057_ (net)
                  0.14    0.00   20.53 ^ _183_/A (sky130_fd_sc_hd__clkbuf_1)
                  0.04    0.10   20.63 ^ _183_/X (sky130_fd_sc_hd__clkbuf_1)
     1    0.00                           _062_ (net)
                  0.04    0.00   20.63 ^ _184_/A (sky130_fd_sc_hd__clkbuf_1)
                  0.06    0.09   20.72 ^ _184_/X (sky130_fd_sc_hd__clkbuf_1)
     1    0.00                           _021_ (net)
                  0.06    0.00   20.72 ^ _294_/RESET_B (sky130_fd_sc_hd__dfrtp_1)
                                 20.72   data arrival time

                        100.00  100.00   clock clk (rise edge)
                          0.00  100.00   clock source latency
                  0.07    0.04  100.04 ^ clk (in)
     1    0.01                           clk (net)
                  0.07    0.00  100.04 ^ clkbuf_0_clk/A (sky130_fd_sc_hd__clkbuf_16)
                  0.03    0.11  100.16 ^ clkbuf_0_clk/X (sky130_fd_sc_hd__clkbuf_16)
     2    0.00                           clknet_0_clk (net)
                  0.03    0.00  100.16 ^ clkbuf_1_1_0_clk/A (sky130_fd_sc_hd__clkbuf_2)
                  0.10    0.13  100.29 ^ clkbuf_1_1_0_clk/X (sky130_fd_sc_hd__clkbuf_2)
     9    0.02                           clknet_1_1_0_clk (net)
                  0.10    0.00  100.29 ^ _294_/CLK (sky130_fd_sc_hd__dfrtp_1)
                         -0.25  100.04   clock uncertainty
                          0.00  100.04   clock reconvergence pessimism
                          0.24  100.28   library recovery time
                                100.28   data required time
-----------------------------------------------------------------------------
                                100.28   data required time
                                -20.72   data arrival time
-----------------------------------------------------------------------------
                                 79.56   slack (MET)


Startpoint: reset (input port clocked by clk)
Endpoint: ready (output port clocked by clk)
Path Group: clk
Path Type: max

Fanout     Cap    Slew   Delay    Time   Description
-----------------------------------------------------------------------------
                          0.00    0.00   clock clk (rise edge)
                          0.00    0.00   clock network delay (propagated)
                         20.00   20.00 v input external delay
                  0.01    0.01   20.01 v reset (in)
     1    0.00                           reset (net)
                  0.01    0.00   20.01 v input1/A (sky130_fd_sc_hd__buf_2)
                  0.04    0.12   20.13 v input1/X (sky130_fd_sc_hd__buf_2)
     2    0.01                           net1 (net)
                  0.04    0.00   20.13 v _271_/A (sky130_fd_sc_hd__nor2_2)
                  0.06    0.08   20.21 ^ _271_/Y (sky130_fd_sc_hd__nor2_2)
     1    0.00                           net19 (net)
                  0.06    0.00   20.21 ^ output19/A (sky130_fd_sc_hd__buf_2)
                  0.17    0.21   20.42 ^ output19/X (sky130_fd_sc_hd__buf_2)
     1    0.03                           ready (net)
                  0.17    0.00   20.42 ^ ready (out)
                                 20.42   data arrival time

                        100.00  100.00   clock clk (rise edge)
                          0.00  100.00   clock network delay (propagated)
                         -0.25   99.75   clock uncertainty
                          0.00   99.75   clock reconvergence pessimism
                        -20.00   79.75   output external delay
                                 79.75   data required time
-----------------------------------------------------------------------------
                                 79.75   data required time
                                -20.42   data arrival time
-----------------------------------------------------------------------------
                                 59.33   slack (MET)



===========================================================================
report_checks --slack_max -0.01
============================================================================
No paths found.
