Startpoint: reset (input port clocked by clk)
Endpoint: _303_ (removal check against rising-edge clock clk)
Path Group: **async_default**
Path Type: min

Fanout     Cap    Slew   Delay    Time   Description
-----------------------------------------------------------------------------
                  0.15    0.00    0.00   clock clk (rise edge)
                          0.00    0.00   clock network delay (ideal)
                         20.00   20.00 v input external delay
                  0.13    0.09   20.09 v reset (in)
     2    0.03                           reset (net)
                  0.13    0.00   20.09 v _141_/A (sky130_fd_sc_hd__inv_2)
                  0.06    0.09   20.18 ^ _141_/Y (sky130_fd_sc_hd__inv_2)
     4    0.01                           _130_ (net)
                  0.06    0.00   20.18 ^ _153_/A (sky130_fd_sc_hd__buf_1)
                  0.19    0.18   20.36 ^ _153_/X (sky130_fd_sc_hd__buf_1)
     5    0.02                           _139_ (net)
                  0.19    0.00   20.36 ^ _154_/A (sky130_fd_sc_hd__buf_1)
                  0.22    0.22   20.58 ^ _154_/X (sky130_fd_sc_hd__buf_1)
     5    0.02                           _030_ (net)
                  0.22    0.00   20.58 ^ _303_/RESET_B (sky130_fd_sc_hd__dfrtp_2)
                                 20.58   data arrival time

                  0.15    0.00    0.00   clock clk (rise edge)
                          0.00    0.00   clock network delay (ideal)
                          0.25    0.25   clock uncertainty
                          0.00    0.25   clock reconvergence pessimism
                                  0.25 ^ _303_/CLK (sky130_fd_sc_hd__dfrtp_2)
                          0.52    0.77   library removal time
                                  0.77   data required time
-----------------------------------------------------------------------------
                                  0.77   data required time
                                -20.58   data arrival time
-----------------------------------------------------------------------------
                                 19.81   slack (MET)


Startpoint: _302_ (rising edge-triggered flip-flop clocked by clk)
Endpoint: _302_ (rising edge-triggered flip-flop clocked by clk)
Path Group: clk
Path Type: min

Fanout     Cap    Slew   Delay    Time   Description
-----------------------------------------------------------------------------
                  0.15    0.00    0.00   clock clk (rise edge)
                          0.00    0.00   clock network delay (ideal)
                  0.15    0.00    0.00 ^ _302_/CLK (sky130_fd_sc_hd__dfrtp_2)
                  0.06    0.49    0.49 ^ _302_/Q (sky130_fd_sc_hd__dfrtp_2)
     3    0.01                           datapath_module0.multiplier[1] (net)
                  0.06    0.00    0.49 ^ _160_/B1 (sky130_fd_sc_hd__a22o_2)
                  0.03    0.11    0.61 ^ _160_/X (sky130_fd_sc_hd__a22o_2)
     1    0.00                           _049_ (net)
                  0.03    0.00    0.61 ^ _302_/D (sky130_fd_sc_hd__dfrtp_2)
                                  0.61   data arrival time

                  0.15    0.00    0.00   clock clk (rise edge)
                          0.00    0.00   clock network delay (ideal)
                          0.25    0.25   clock uncertainty
                          0.00    0.25   clock reconvergence pessimism
                                  0.25 ^ _302_/CLK (sky130_fd_sc_hd__dfrtp_2)
                          0.04    0.29   library hold time
                                  0.29   data required time
-----------------------------------------------------------------------------
                                  0.29   data required time
                                 -0.61   data arrival time
-----------------------------------------------------------------------------
                                  0.32   slack (MET)


Startpoint: reset (input port clocked by clk)
Endpoint: _288_ (recovery check against rising-edge clock clk)
Path Group: **async_default**
Path Type: max

Fanout     Cap    Slew   Delay    Time   Description
-----------------------------------------------------------------------------
                  0.15    0.00    0.00   clock clk (rise edge)
                          0.00    0.00   clock network delay (ideal)
                         20.00   20.00 v input external delay
                  0.13    0.10   20.10 v reset (in)
     2    0.03                           reset (net)
                  0.13    0.00   20.10 v _141_/A (sky130_fd_sc_hd__inv_2)
                  0.06    0.10   20.20 ^ _141_/Y (sky130_fd_sc_hd__inv_2)
     4    0.01                           _130_ (net)
                  0.06    0.00   20.20 ^ _153_/A (sky130_fd_sc_hd__buf_1)
                  0.19    0.20   20.40 ^ _153_/X (sky130_fd_sc_hd__buf_1)
     5    0.02                           _139_ (net)
                  0.19    0.00   20.40 ^ _247_/A (sky130_fd_sc_hd__buf_1)
                  0.24    0.26   20.66 ^ _247_/X (sky130_fd_sc_hd__buf_1)
     5    0.02                           _114_ (net)
                  0.24    0.00   20.66 ^ _248_/A (sky130_fd_sc_hd__buf_1)
                  0.05    0.12   20.79 ^ _248_/X (sky130_fd_sc_hd__buf_1)
     1    0.00                           _115_ (net)
                  0.05    0.00   20.79 ^ _249_/A (sky130_fd_sc_hd__buf_1)
                  0.06    0.10   20.89 ^ _249_/X (sky130_fd_sc_hd__buf_1)
     1    0.00                           _015_ (net)
                  0.06    0.00   20.89 ^ _288_/RESET_B (sky130_fd_sc_hd__dfrtp_2)
                                 20.89   data arrival time

                  0.15  100.00  100.00   clock clk (rise edge)
                          0.00  100.00   clock network delay (ideal)
                         -0.25   99.75   clock uncertainty
                          0.00   99.75   clock reconvergence pessimism
                                 99.75 ^ _288_/CLK (sky130_fd_sc_hd__dfrtp_2)
                          0.39  100.14   library recovery time
                                100.14   data required time
-----------------------------------------------------------------------------
                                100.14   data required time
                                -20.89   data arrival time
-----------------------------------------------------------------------------
                                 79.25   slack (MET)


Startpoint: reset (input port clocked by clk)
Endpoint: ready (output port clocked by clk)
Path Group: clk
Path Type: max

Fanout     Cap    Slew   Delay    Time   Description
-----------------------------------------------------------------------------
                  0.15    0.00    0.00   clock clk (rise edge)
                          0.00    0.00   clock network delay (ideal)
                         20.00   20.00 v input external delay
                  0.13    0.10   20.10 v reset (in)
     2    0.03                           reset (net)
                  0.13    0.00   20.10 v _271_/A (sky130_fd_sc_hd__nor2_2)
                  0.56    0.51   20.61 ^ _271_/Y (sky130_fd_sc_hd__nor2_2)
     1    0.03                           ready (net)
                  0.56    0.01   20.62 ^ ready (out)
                                 20.62   data arrival time

                  0.15  100.00  100.00   clock clk (rise edge)
                          0.00  100.00   clock network delay (ideal)
                         -0.25   99.75   clock uncertainty
                          0.00   99.75   clock reconvergence pessimism
                        -20.00   79.75   output external delay
                                 79.75   data required time
-----------------------------------------------------------------------------
                                 79.75   data required time
                                -20.62   data arrival time
-----------------------------------------------------------------------------
                                 59.13   slack (MET)


