
===========================================================================
report_checks -path_delay min (Hold)
============================================================================
Startpoint: reset (input port clocked by clk)
Endpoint: _303_ (removal check against rising-edge clock clk)
Path Group: **async_default**
Path Type: min

Fanout     Cap    Slew   Delay    Time   Description
-----------------------------------------------------------------------------
                  0.15    0.00    0.00   clock clk (rise edge)
                          0.00    0.00   clock network delay (ideal)
                         20.00   20.00 v input external delay
                  0.04    0.03   20.03 v reset (in)
     2    0.01                           reset (net)
                  0.04    0.00   20.03 v _141_/A (sky130_fd_sc_hd__inv_2)
                  0.05    0.05   20.08 ^ _141_/Y (sky130_fd_sc_hd__inv_2)
     4    0.01                           _130_ (net)
                  0.05    0.00   20.08 ^ _153_/A (sky130_fd_sc_hd__buf_1)
                  0.14    0.14   20.22 ^ _153_/X (sky130_fd_sc_hd__buf_1)
     5    0.01                           _139_ (net)
                  0.14    0.00   20.22 ^ _154_/A (sky130_fd_sc_hd__buf_1)
                  0.16    0.17   20.39 ^ _154_/X (sky130_fd_sc_hd__buf_1)
     5    0.01                           _030_ (net)
                  0.16    0.00   20.39 ^ _303_/RESET_B (sky130_fd_sc_hd__dfrtp_2)
                                 20.39   data arrival time

                  0.15    0.00    0.00   clock clk (rise edge)
                          0.00    0.00   clock network delay (ideal)
                          0.25    0.25   clock uncertainty
                          0.00    0.25   clock reconvergence pessimism
                                  0.25 ^ _303_/CLK (sky130_fd_sc_hd__dfrtp_2)
                          0.38    0.63   library removal time
                                  0.63   data required time
-----------------------------------------------------------------------------
                                  0.63   data required time
                                -20.39   data arrival time
-----------------------------------------------------------------------------
                                 19.76   slack (MET)


Startpoint: reset (input port clocked by clk)
Endpoint: _304_ (removal check against rising-edge clock clk)
Path Group: **async_default**
Path Type: min

Fanout     Cap    Slew   Delay    Time   Description
-----------------------------------------------------------------------------
                  0.15    0.00    0.00   clock clk (rise edge)
                          0.00    0.00   clock network delay (ideal)
                         20.00   20.00 v input external delay
                  0.04    0.03   20.03 v reset (in)
     2    0.01                           reset (net)
                  0.04    0.00   20.03 v _141_/A (sky130_fd_sc_hd__inv_2)
                  0.05    0.05   20.08 ^ _141_/Y (sky130_fd_sc_hd__inv_2)
     4    0.01                           _130_ (net)
                  0.05    0.00   20.08 ^ _153_/A (sky130_fd_sc_hd__buf_1)
                  0.14    0.14   20.22 ^ _153_/X (sky130_fd_sc_hd__buf_1)
     5    0.01                           _139_ (net)
                  0.14    0.00   20.22 ^ _274_/A (sky130_fd_sc_hd__buf_1)
                  0.04    0.09   20.32 ^ _274_/X (sky130_fd_sc_hd__buf_1)
     1    0.00                           _129_ (net)
                  0.04    0.00   20.32 ^ _275_/A (sky130_fd_sc_hd__buf_1)
                  0.05    0.08   20.40 ^ _275_/X (sky130_fd_sc_hd__buf_1)
     1    0.00                           _031_ (net)
                  0.05    0.00   20.40 ^ _304_/RESET_B (sky130_fd_sc_hd__dfrtp_2)
                                 20.40   data arrival time

                  0.15    0.00    0.00   clock clk (rise edge)
                          0.00    0.00   clock network delay (ideal)
                          0.25    0.25   clock uncertainty
                          0.00    0.25   clock reconvergence pessimism
                                  0.25 ^ _304_/CLK (sky130_fd_sc_hd__dfrtp_2)
                          0.35    0.60   library removal time
                                  0.60   data required time
-----------------------------------------------------------------------------
                                  0.60   data required time
                                -20.40   data arrival time
-----------------------------------------------------------------------------
                                 19.79   slack (MET)


Startpoint: reset (input port clocked by clk)
Endpoint: _284_ (removal check against rising-edge clock clk)
Path Group: **async_default**
Path Type: min

Fanout     Cap    Slew   Delay    Time   Description
-----------------------------------------------------------------------------
                  0.15    0.00    0.00   clock clk (rise edge)
                          0.00    0.00   clock network delay (ideal)
                         20.00   20.00 v input external delay
                  0.04    0.03   20.03 v reset (in)
     2    0.01                           reset (net)
                  0.04    0.00   20.03 v _141_/A (sky130_fd_sc_hd__inv_2)
                  0.05    0.05   20.08 ^ _141_/Y (sky130_fd_sc_hd__inv_2)
     4    0.01                           _130_ (net)
                  0.05    0.00   20.08 ^ _153_/A (sky130_fd_sc_hd__buf_1)
                  0.14    0.14   20.22 ^ _153_/X (sky130_fd_sc_hd__buf_1)
     5    0.01                           _139_ (net)
                  0.14    0.00   20.22 ^ _247_/A (sky130_fd_sc_hd__buf_1)
                  0.14    0.16   20.38 ^ _247_/X (sky130_fd_sc_hd__buf_1)
     5    0.01                           _114_ (net)
                  0.14    0.00   20.38 ^ _267_/A (sky130_fd_sc_hd__buf_1)
                  0.04    0.09   20.48 ^ _267_/X (sky130_fd_sc_hd__buf_1)
     1    0.00                           _126_ (net)
                  0.04    0.00   20.48 ^ _268_/A (sky130_fd_sc_hd__buf_1)
                  0.05    0.08   20.56 ^ _268_/X (sky130_fd_sc_hd__buf_1)
     1    0.00                           _011_ (net)
                  0.05    0.00   20.56 ^ _284_/RESET_B (sky130_fd_sc_hd__dfrtp_2)
                                 20.56   data arrival time

                  0.15    0.00    0.00   clock clk (rise edge)
                          0.00    0.00   clock network delay (ideal)
                          0.25    0.25   clock uncertainty
                          0.00    0.25   clock reconvergence pessimism
                                  0.25 ^ _284_/CLK (sky130_fd_sc_hd__dfrtp_2)
                          0.35    0.60   library removal time
                                  0.60   data required time
-----------------------------------------------------------------------------
                                  0.60   data required time
                                -20.56   data arrival time
-----------------------------------------------------------------------------
                                 19.96   slack (MET)


Startpoint: reset (input port clocked by clk)
Endpoint: _285_ (removal check against rising-edge clock clk)
Path Group: **async_default**
Path Type: min

Fanout     Cap    Slew   Delay    Time   Description
-----------------------------------------------------------------------------
                  0.15    0.00    0.00   clock clk (rise edge)
                          0.00    0.00   clock network delay (ideal)
                         20.00   20.00 v input external delay
                  0.04    0.03   20.03 v reset (in)
     2    0.01                           reset (net)
                  0.04    0.00   20.03 v _141_/A (sky130_fd_sc_hd__inv_2)
                  0.05    0.05   20.08 ^ _141_/Y (sky130_fd_sc_hd__inv_2)
     4    0.01                           _130_ (net)
                  0.05    0.00   20.08 ^ _153_/A (sky130_fd_sc_hd__buf_1)
                  0.14    0.14   20.22 ^ _153_/X (sky130_fd_sc_hd__buf_1)
     5    0.01                           _139_ (net)
                  0.14    0.00   20.22 ^ _247_/A (sky130_fd_sc_hd__buf_1)
                  0.14    0.16   20.38 ^ _247_/X (sky130_fd_sc_hd__buf_1)
     5    0.01                           _114_ (net)
                  0.14    0.00   20.38 ^ _263_/A (sky130_fd_sc_hd__buf_1)
                  0.04    0.09   20.48 ^ _263_/X (sky130_fd_sc_hd__buf_1)
     1    0.00                           _124_ (net)
                  0.04    0.00   20.48 ^ _264_/A (sky130_fd_sc_hd__buf_1)
                  0.05    0.08   20.56 ^ _264_/X (sky130_fd_sc_hd__buf_1)
     1    0.00                           _012_ (net)
                  0.05    0.00   20.56 ^ _285_/RESET_B (sky130_fd_sc_hd__dfrtp_2)
                                 20.56   data arrival time

                  0.15    0.00    0.00   clock clk (rise edge)
                          0.00    0.00   clock network delay (ideal)
                          0.25    0.25   clock uncertainty
                          0.00    0.25   clock reconvergence pessimism
                                  0.25 ^ _285_/CLK (sky130_fd_sc_hd__dfrtp_2)
                          0.35    0.60   library removal time
                                  0.60   data required time
-----------------------------------------------------------------------------
                                  0.60   data required time
                                -20.56   data arrival time
-----------------------------------------------------------------------------
                                 19.96   slack (MET)


Startpoint: reset (input port clocked by clk)
Endpoint: _286_ (removal check against rising-edge clock clk)
Path Group: **async_default**
Path Type: min

Fanout     Cap    Slew   Delay    Time   Description
-----------------------------------------------------------------------------
                  0.15    0.00    0.00   clock clk (rise edge)
                          0.00    0.00   clock network delay (ideal)
                         20.00   20.00 v input external delay
                  0.04    0.03   20.03 v reset (in)
     2    0.01                           reset (net)
                  0.04    0.00   20.03 v _141_/A (sky130_fd_sc_hd__inv_2)
                  0.05    0.05   20.08 ^ _141_/Y (sky130_fd_sc_hd__inv_2)
     4    0.01                           _130_ (net)
                  0.05    0.00   20.08 ^ _153_/A (sky130_fd_sc_hd__buf_1)
                  0.14    0.14   20.22 ^ _153_/X (sky130_fd_sc_hd__buf_1)
     5    0.01                           _139_ (net)
                  0.14    0.00   20.22 ^ _247_/A (sky130_fd_sc_hd__buf_1)
                  0.14    0.16   20.38 ^ _247_/X (sky130_fd_sc_hd__buf_1)
     5    0.01                           _114_ (net)
                  0.14    0.00   20.38 ^ _259_/A (sky130_fd_sc_hd__buf_1)
                  0.04    0.09   20.48 ^ _259_/X (sky130_fd_sc_hd__buf_1)
     1    0.00                           _122_ (net)
                  0.04    0.00   20.48 ^ _260_/A (sky130_fd_sc_hd__buf_1)
                  0.05    0.08   20.56 ^ _260_/X (sky130_fd_sc_hd__buf_1)
     1    0.00                           _013_ (net)
                  0.05    0.00   20.56 ^ _286_/RESET_B (sky130_fd_sc_hd__dfrtp_2)
                                 20.56   data arrival time

                  0.15    0.00    0.00   clock clk (rise edge)
                          0.00    0.00   clock network delay (ideal)
                          0.25    0.25   clock uncertainty
                          0.00    0.25   clock reconvergence pessimism
                                  0.25 ^ _286_/CLK (sky130_fd_sc_hd__dfrtp_2)
                          0.35    0.60   library removal time
                                  0.60   data required time
-----------------------------------------------------------------------------
                                  0.60   data required time
                                -20.56   data arrival time
-----------------------------------------------------------------------------
                                 19.96   slack (MET)


Startpoint: _303_ (rising edge-triggered flip-flop clocked by clk)
Endpoint: _303_ (rising edge-triggered flip-flop clocked by clk)
Path Group: clk
Path Type: min

Fanout     Cap    Slew   Delay    Time   Description
-----------------------------------------------------------------------------
                  0.15    0.00    0.00   clock clk (rise edge)
                          0.00    0.00   clock network delay (ideal)
                  0.15    0.00    0.00 ^ _303_/CLK (sky130_fd_sc_hd__dfrtp_2)
                  0.05    0.36    0.36 ^ _303_/Q (sky130_fd_sc_hd__dfrtp_2)
     3    0.01                           datapath_module0.multiplier[2] (net)
                  0.05    0.00    0.36 ^ _157_/B1 (sky130_fd_sc_hd__a22o_2)
                  0.03    0.11    0.47 ^ _157_/X (sky130_fd_sc_hd__a22o_2)
     1    0.00                           _050_ (net)
                  0.03    0.00    0.47 ^ _303_/D (sky130_fd_sc_hd__dfrtp_2)
                                  0.47   data arrival time

                  0.15    0.00    0.00   clock clk (rise edge)
                          0.00    0.00   clock network delay (ideal)
                          0.25    0.25   clock uncertainty
                          0.00    0.25   clock reconvergence pessimism
                                  0.25 ^ _303_/CLK (sky130_fd_sc_hd__dfrtp_2)
                         -0.02    0.23   library hold time
                                  0.23   data required time
-----------------------------------------------------------------------------
                                  0.23   data required time
                                 -0.47   data arrival time
-----------------------------------------------------------------------------
                                  0.24   slack (MET)


Startpoint: _302_ (rising edge-triggered flip-flop clocked by clk)
Endpoint: _302_ (rising edge-triggered flip-flop clocked by clk)
Path Group: clk
Path Type: min

Fanout     Cap    Slew   Delay    Time   Description
-----------------------------------------------------------------------------
                  0.15    0.00    0.00   clock clk (rise edge)
                          0.00    0.00   clock network delay (ideal)
                  0.15    0.00    0.00 ^ _302_/CLK (sky130_fd_sc_hd__dfrtp_2)
                  0.05    0.36    0.36 ^ _302_/Q (sky130_fd_sc_hd__dfrtp_2)
     3    0.01                           datapath_module0.multiplier[1] (net)
                  0.05    0.00    0.36 ^ _160_/B1 (sky130_fd_sc_hd__a22o_2)
                  0.03    0.11    0.47 ^ _160_/X (sky130_fd_sc_hd__a22o_2)
     1    0.00                           _049_ (net)
                  0.03    0.00    0.47 ^ _302_/D (sky130_fd_sc_hd__dfrtp_2)
                                  0.47   data arrival time

                  0.15    0.00    0.00   clock clk (rise edge)
                          0.00    0.00   clock network delay (ideal)
                          0.25    0.25   clock uncertainty
                          0.00    0.25   clock reconvergence pessimism
                                  0.25 ^ _302_/CLK (sky130_fd_sc_hd__dfrtp_2)
                         -0.02    0.23   library hold time
                                  0.23   data required time
-----------------------------------------------------------------------------
                                  0.23   data required time
                                 -0.47   data arrival time
-----------------------------------------------------------------------------
                                  0.24   slack (MET)


Startpoint: _301_ (rising edge-triggered flip-flop clocked by clk)
Endpoint: _301_ (rising edge-triggered flip-flop clocked by clk)
Path Group: clk
Path Type: min

Fanout     Cap    Slew   Delay    Time   Description
-----------------------------------------------------------------------------
                  0.15    0.00    0.00   clock clk (rise edge)
                          0.00    0.00   clock network delay (ideal)
                  0.15    0.00    0.00 ^ _301_/CLK (sky130_fd_sc_hd__dfrtp_2)
                  0.05    0.37    0.37 ^ _301_/Q (sky130_fd_sc_hd__dfrtp_2)
     3    0.01                           control_module0.m0 (net)
                  0.05    0.00    0.37 ^ _163_/B1 (sky130_fd_sc_hd__a22o_2)
                  0.03    0.11    0.47 ^ _163_/X (sky130_fd_sc_hd__a22o_2)
     1    0.00                           _048_ (net)
                  0.03    0.00    0.47 ^ _301_/D (sky130_fd_sc_hd__dfrtp_2)
                                  0.47   data arrival time

                  0.15    0.00    0.00   clock clk (rise edge)
                          0.00    0.00   clock network delay (ideal)
                          0.25    0.25   clock uncertainty
                          0.00    0.25   clock reconvergence pessimism
                                  0.25 ^ _301_/CLK (sky130_fd_sc_hd__dfrtp_2)
                         -0.02    0.23   library hold time
                                  0.23   data required time
-----------------------------------------------------------------------------
                                  0.23   data required time
                                 -0.47   data arrival time
-----------------------------------------------------------------------------
                                  0.24   slack (MET)


Startpoint: _304_ (rising edge-triggered flip-flop clocked by clk)
Endpoint: _304_ (rising edge-triggered flip-flop clocked by clk)
Path Group: clk
Path Type: min

Fanout     Cap    Slew   Delay    Time   Description
-----------------------------------------------------------------------------
                  0.15    0.00    0.00   clock clk (rise edge)
                          0.00    0.00   clock network delay (ideal)
                  0.15    0.00    0.00 ^ _304_/CLK (sky130_fd_sc_hd__dfrtp_2)
                  0.05    0.36    0.36 ^ _304_/Q (sky130_fd_sc_hd__dfrtp_2)
     3    0.01                           datapath_module0.multiplier[3] (net)
                  0.05    0.00    0.36 ^ _152_/A1 (sky130_fd_sc_hd__a22o_2)
                  0.03    0.12    0.48 ^ _152_/X (sky130_fd_sc_hd__a22o_2)
     1    0.00                           _051_ (net)
                  0.03    0.00    0.48 ^ _304_/D (sky130_fd_sc_hd__dfrtp_2)
                                  0.48   data arrival time

                  0.15    0.00    0.00   clock clk (rise edge)
                          0.00    0.00   clock network delay (ideal)
                          0.25    0.25   clock uncertainty
                          0.00    0.25   clock reconvergence pessimism
                                  0.25 ^ _304_/CLK (sky130_fd_sc_hd__dfrtp_2)
                         -0.02    0.23   library hold time
                                  0.23   data required time
-----------------------------------------------------------------------------
                                  0.23   data required time
                                 -0.48   data arrival time
-----------------------------------------------------------------------------
                                  0.25   slack (MET)


Startpoint: _294_ (rising edge-triggered flip-flop clocked by clk)
Endpoint: _294_ (rising edge-triggered flip-flop clocked by clk)
Path Group: clk
Path Type: min

Fanout     Cap    Slew   Delay    Time   Description
-----------------------------------------------------------------------------
                  0.15    0.00    0.00   clock clk (rise edge)
                          0.00    0.00   clock network delay (ideal)
                  0.15    0.00    0.00 ^ _294_/CLK (sky130_fd_sc_hd__dfrtp_2)
                  0.08    0.39    0.39 ^ _294_/Q (sky130_fd_sc_hd__dfrtp_2)
     4    0.01                           datapath_module0.multiplicand[1] (net)
                  0.08    0.00    0.39 ^ _185_/B1 (sky130_fd_sc_hd__a22o_2)
                  0.03    0.12    0.50 ^ _185_/X (sky130_fd_sc_hd__a22o_2)
     1    0.00                           _041_ (net)
                  0.03    0.00    0.50 ^ _294_/D (sky130_fd_sc_hd__dfrtp_2)
                                  0.50   data arrival time

                  0.15    0.00    0.00   clock clk (rise edge)
                          0.00    0.00   clock network delay (ideal)
                          0.25    0.25   clock uncertainty
                          0.00    0.25   clock reconvergence pessimism
                                  0.25 ^ _294_/CLK (sky130_fd_sc_hd__dfrtp_2)
                         -0.02    0.23   library hold time
                                  0.23   data required time
-----------------------------------------------------------------------------
                                  0.23   data required time
                                 -0.50   data arrival time
-----------------------------------------------------------------------------
                                  0.27   slack (MET)


