
===========================================================================
report_checks -path_delay max (Setup)
============================================================================
Startpoint: reset (input port clocked by clk)
Endpoint: _293_ (recovery check against rising-edge clock clk)
Path Group: **async_default**
Path Type: max

Fanout     Cap    Slew   Delay    Time   Description
-----------------------------------------------------------------------------
                          0.00    0.00   clock clk (rise edge)
                          0.00    0.00   clock network delay (propagated)
                         20.00   20.00 v input external delay
                  0.02    0.01   20.01 v reset (in)
     1    0.00                           reset (net)
                  0.02    0.00   20.01 v input1/A (sky130_fd_sc_hd__buf_2)
                  0.08    0.16   20.17 v input1/X (sky130_fd_sc_hd__buf_2)
     2    0.03                           net1 (net)
                  0.08    0.00   20.18 v _141_/A (sky130_fd_sc_hd__inv_2)
                  0.06    0.08   20.26 ^ _141_/Y (sky130_fd_sc_hd__inv_2)
     4    0.01                           _130_ (net)
                  0.06    0.00   20.26 ^ _153_/A (sky130_fd_sc_hd__dlymetal6s2s_1)
                  0.19    0.21   20.47 ^ _153_/X (sky130_fd_sc_hd__dlymetal6s2s_1)
     5    0.02                           _139_ (net)
                  0.19    0.00   20.47 ^ _186_/A (sky130_fd_sc_hd__clkbuf_2)
                  0.12    0.22   20.68 ^ _186_/X (sky130_fd_sc_hd__clkbuf_2)
     5    0.02                           _063_ (net)
                  0.12    0.00   20.68 ^ _187_/A (sky130_fd_sc_hd__clkbuf_1)
                  0.06    0.12   20.80 ^ _187_/X (sky130_fd_sc_hd__clkbuf_1)
     1    0.00                           _064_ (net)
                  0.06    0.00   20.80 ^ _188_/A (sky130_fd_sc_hd__clkbuf_1)
                  0.10    0.13   20.93 ^ _188_/X (sky130_fd_sc_hd__clkbuf_1)
     1    0.01                           _020_ (net)
                  0.10    0.00   20.93 ^ _293_/RESET_B (sky130_fd_sc_hd__dfrtp_1)
                                 20.93   data arrival time

                        100.00  100.00   clock clk (rise edge)
                          0.00  100.00   clock source latency
                  0.23    0.15  100.15 ^ clk (in)
     1    0.03                           clk (net)
                  0.23    0.00  100.15 ^ clkbuf_0_clk/A (sky130_fd_sc_hd__clkbuf_16)
                  0.04    0.17  100.32 ^ clkbuf_0_clk/X (sky130_fd_sc_hd__clkbuf_16)
     2    0.01                           clknet_0_clk (net)
                  0.04    0.00  100.32 ^ clkbuf_1_1_0_clk/A (sky130_fd_sc_hd__clkbuf_2)
                  0.18    0.19  100.51 ^ clkbuf_1_1_0_clk/X (sky130_fd_sc_hd__clkbuf_2)
     9    0.03                           clknet_1_1_0_clk (net)
                  0.18    0.00  100.51 ^ _293_/CLK (sky130_fd_sc_hd__dfrtp_1)
                         -0.25  100.26   clock uncertainty
                          0.00  100.26   clock reconvergence pessimism
                          0.26  100.52   library recovery time
                                100.52   data required time
-----------------------------------------------------------------------------
                                100.52   data required time
                                -20.93   data arrival time
-----------------------------------------------------------------------------
                                 79.59   slack (MET)


Startpoint: reset (input port clocked by clk)
Endpoint: _295_ (recovery check against rising-edge clock clk)
Path Group: **async_default**
Path Type: max

Fanout     Cap    Slew   Delay    Time   Description
-----------------------------------------------------------------------------
                          0.00    0.00   clock clk (rise edge)
                          0.00    0.00   clock network delay (propagated)
                         20.00   20.00 v input external delay
                  0.02    0.01   20.01 v reset (in)
     1    0.00                           reset (net)
                  0.02    0.00   20.01 v input1/A (sky130_fd_sc_hd__buf_2)
                  0.08    0.16   20.17 v input1/X (sky130_fd_sc_hd__buf_2)
     2    0.03                           net1 (net)
                  0.08    0.00   20.18 v _141_/A (sky130_fd_sc_hd__inv_2)
                  0.06    0.08   20.26 ^ _141_/Y (sky130_fd_sc_hd__inv_2)
     4    0.01                           _130_ (net)
                  0.06    0.00   20.26 ^ _153_/A (sky130_fd_sc_hd__dlymetal6s2s_1)
                  0.19    0.21   20.47 ^ _153_/X (sky130_fd_sc_hd__dlymetal6s2s_1)
     5    0.02                           _139_ (net)
                  0.19    0.00   20.47 ^ _170_/A (sky130_fd_sc_hd__dlymetal6s2s_1)
                  0.18    0.24   20.71 ^ _170_/X (sky130_fd_sc_hd__dlymetal6s2s_1)
     5    0.02                           _057_ (net)
                  0.18    0.00   20.71 ^ _180_/A (sky130_fd_sc_hd__clkbuf_1)
                  0.06    0.13   20.83 ^ _180_/X (sky130_fd_sc_hd__clkbuf_1)
     1    0.00                           _061_ (net)
                  0.06    0.00   20.83 ^ _181_/A (sky130_fd_sc_hd__clkbuf_1)
                  0.06    0.10   20.93 ^ _181_/X (sky130_fd_sc_hd__clkbuf_1)
     1    0.00                           _022_ (net)
                  0.06    0.00   20.93 ^ _295_/RESET_B (sky130_fd_sc_hd__dfrtp_1)
                                 20.93   data arrival time

                        100.00  100.00   clock clk (rise edge)
                          0.00  100.00   clock source latency
                  0.23    0.15  100.15 ^ clk (in)
     1    0.03                           clk (net)
                  0.23    0.00  100.15 ^ clkbuf_0_clk/A (sky130_fd_sc_hd__clkbuf_16)
                  0.04    0.17  100.32 ^ clkbuf_0_clk/X (sky130_fd_sc_hd__clkbuf_16)
     2    0.01                           clknet_0_clk (net)
                  0.04    0.00  100.32 ^ clkbuf_1_1_0_clk/A (sky130_fd_sc_hd__clkbuf_2)
                  0.18    0.19  100.51 ^ clkbuf_1_1_0_clk/X (sky130_fd_sc_hd__clkbuf_2)
     9    0.03                           clknet_1_1_0_clk (net)
                  0.18    0.00  100.51 ^ _295_/CLK (sky130_fd_sc_hd__dfrtp_1)
                         -0.25  100.26   clock uncertainty
                          0.00  100.26   clock reconvergence pessimism
                          0.27  100.53   library recovery time
                                100.53   data required time
-----------------------------------------------------------------------------
                                100.53   data required time
                                -20.93   data arrival time
-----------------------------------------------------------------------------
                                 79.60   slack (MET)


Startpoint: reset (input port clocked by clk)
Endpoint: _297_ (recovery check against rising-edge clock clk)
Path Group: **async_default**
Path Type: max

Fanout     Cap    Slew   Delay    Time   Description
-----------------------------------------------------------------------------
                          0.00    0.00   clock clk (rise edge)
                          0.00    0.00   clock network delay (propagated)
                         20.00   20.00 v input external delay
                  0.02    0.01   20.01 v reset (in)
     1    0.00                           reset (net)
                  0.02    0.00   20.01 v input1/A (sky130_fd_sc_hd__buf_2)
                  0.08    0.16   20.17 v input1/X (sky130_fd_sc_hd__buf_2)
     2    0.03                           net1 (net)
                  0.08    0.00   20.18 v _141_/A (sky130_fd_sc_hd__inv_2)
                  0.06    0.08   20.26 ^ _141_/Y (sky130_fd_sc_hd__inv_2)
     4    0.01                           _130_ (net)
                  0.06    0.00   20.26 ^ _153_/A (sky130_fd_sc_hd__dlymetal6s2s_1)
                  0.19    0.21   20.47 ^ _153_/X (sky130_fd_sc_hd__dlymetal6s2s_1)
     5    0.02                           _139_ (net)
                  0.19    0.00   20.47 ^ _170_/A (sky130_fd_sc_hd__dlymetal6s2s_1)
                  0.18    0.24   20.71 ^ _170_/X (sky130_fd_sc_hd__dlymetal6s2s_1)
     5    0.02                           _057_ (net)
                  0.18    0.00   20.71 ^ _174_/A (sky130_fd_sc_hd__clkbuf_1)
                  0.06    0.12   20.83 ^ _174_/X (sky130_fd_sc_hd__clkbuf_1)
     1    0.00                           _059_ (net)
                  0.06    0.00   20.83 ^ _175_/A (sky130_fd_sc_hd__clkbuf_1)
                  0.09    0.13   20.96 ^ _175_/X (sky130_fd_sc_hd__clkbuf_1)
     1    0.01                           _024_ (net)
                  0.09    0.00   20.96 ^ _297_/RESET_B (sky130_fd_sc_hd__dfrtp_2)
                                 20.96   data arrival time

                        100.00  100.00   clock clk (rise edge)
                          0.00  100.00   clock source latency
                  0.23    0.15  100.15 ^ clk (in)
     1    0.03                           clk (net)
                  0.23    0.00  100.15 ^ clkbuf_0_clk/A (sky130_fd_sc_hd__clkbuf_16)
                  0.04    0.17  100.32 ^ clkbuf_0_clk/X (sky130_fd_sc_hd__clkbuf_16)
     2    0.01                           clknet_0_clk (net)
                  0.04    0.00  100.32 ^ clkbuf_1_0_0_clk/A (sky130_fd_sc_hd__clkbuf_2)
                  0.23    0.22  100.54 ^ clkbuf_1_0_0_clk/X (sky130_fd_sc_hd__clkbuf_2)
    12    0.04                           clknet_1_0_0_clk (net)
                  0.23    0.00  100.54 ^ _297_/CLK (sky130_fd_sc_hd__dfrtp_2)
                         -0.25  100.29   clock uncertainty
                          0.00  100.29   clock reconvergence pessimism
                          0.26  100.56   library recovery time
                                100.56   data required time
-----------------------------------------------------------------------------
                                100.56   data required time
                                -20.96   data arrival time
-----------------------------------------------------------------------------
                                 79.60   slack (MET)


Startpoint: reset (input port clocked by clk)
Endpoint: _287_ (recovery check against rising-edge clock clk)
Path Group: **async_default**
Path Type: max

Fanout     Cap    Slew   Delay    Time   Description
-----------------------------------------------------------------------------
                          0.00    0.00   clock clk (rise edge)
                          0.00    0.00   clock network delay (propagated)
                         20.00   20.00 v input external delay
                  0.02    0.01   20.01 v reset (in)
     1    0.00                           reset (net)
                  0.02    0.00   20.01 v input1/A (sky130_fd_sc_hd__buf_2)
                  0.08    0.16   20.17 v input1/X (sky130_fd_sc_hd__buf_2)
     2    0.03                           net1 (net)
                  0.08    0.00   20.18 v _141_/A (sky130_fd_sc_hd__inv_2)
                  0.06    0.08   20.26 ^ _141_/Y (sky130_fd_sc_hd__inv_2)
     4    0.01                           _130_ (net)
                  0.06    0.00   20.26 ^ _153_/A (sky130_fd_sc_hd__dlymetal6s2s_1)
                  0.19    0.21   20.47 ^ _153_/X (sky130_fd_sc_hd__dlymetal6s2s_1)
     5    0.02                           _139_ (net)
                  0.19    0.00   20.47 ^ _247_/A (sky130_fd_sc_hd__clkbuf_2)
                  0.13    0.22   20.69 ^ _247_/X (sky130_fd_sc_hd__clkbuf_2)
     5    0.02                           _114_ (net)
                  0.13    0.00   20.69 ^ _255_/A (sky130_fd_sc_hd__clkbuf_1)
                  0.05    0.11   20.80 ^ _255_/X (sky130_fd_sc_hd__clkbuf_1)
     1    0.00                           _120_ (net)
                  0.05    0.00   20.80 ^ _256_/A (sky130_fd_sc_hd__clkbuf_1)
                  0.06    0.10   20.91 ^ _256_/X (sky130_fd_sc_hd__clkbuf_1)
     1    0.00                           _014_ (net)
                  0.06    0.00   20.91 ^ _287_/RESET_B (sky130_fd_sc_hd__dfrtp_4)
                                 20.91   data arrival time

                        100.00  100.00   clock clk (rise edge)
                          0.00  100.00   clock source latency
                  0.23    0.15  100.15 ^ clk (in)
     1    0.03                           clk (net)
                  0.23    0.00  100.15 ^ clkbuf_0_clk/A (sky130_fd_sc_hd__clkbuf_16)
                  0.04    0.17  100.32 ^ clkbuf_0_clk/X (sky130_fd_sc_hd__clkbuf_16)
     2    0.01                           clknet_0_clk (net)
                  0.04    0.00  100.32 ^ clkbuf_1_1_0_clk/A (sky130_fd_sc_hd__clkbuf_2)
                  0.18    0.19  100.51 ^ clkbuf_1_1_0_clk/X (sky130_fd_sc_hd__clkbuf_2)
     9    0.03                           clknet_1_1_0_clk (net)
                  0.18    0.00  100.51 ^ _287_/CLK (sky130_fd_sc_hd__dfrtp_4)
                         -0.25  100.26   clock uncertainty
                          0.00  100.26   clock reconvergence pessimism
                          0.25  100.51   library recovery time
                                100.51   data required time
-----------------------------------------------------------------------------
                                100.51   data required time
                                -20.91   data arrival time
-----------------------------------------------------------------------------
                                 79.61   slack (MET)


Startpoint: reset (input port clocked by clk)
Endpoint: _285_ (recovery check against rising-edge clock clk)
Path Group: **async_default**
Path Type: max

Fanout     Cap    Slew   Delay    Time   Description
-----------------------------------------------------------------------------
                          0.00    0.00   clock clk (rise edge)
                          0.00    0.00   clock network delay (propagated)
                         20.00   20.00 v input external delay
                  0.02    0.01   20.01 v reset (in)
     1    0.00                           reset (net)
                  0.02    0.00   20.01 v input1/A (sky130_fd_sc_hd__buf_2)
                  0.08    0.16   20.17 v input1/X (sky130_fd_sc_hd__buf_2)
     2    0.03                           net1 (net)
                  0.08    0.00   20.18 v _141_/A (sky130_fd_sc_hd__inv_2)
                  0.06    0.08   20.26 ^ _141_/Y (sky130_fd_sc_hd__inv_2)
     4    0.01                           _130_ (net)
                  0.06    0.00   20.26 ^ _153_/A (sky130_fd_sc_hd__dlymetal6s2s_1)
                  0.19    0.21   20.47 ^ _153_/X (sky130_fd_sc_hd__dlymetal6s2s_1)
     5    0.02                           _139_ (net)
                  0.19    0.00   20.47 ^ _247_/A (sky130_fd_sc_hd__clkbuf_2)
                  0.13    0.22   20.69 ^ _247_/X (sky130_fd_sc_hd__clkbuf_2)
     5    0.02                           _114_ (net)
                  0.13    0.00   20.69 ^ _263_/A (sky130_fd_sc_hd__clkbuf_1)
                  0.06    0.12   20.81 ^ _263_/X (sky130_fd_sc_hd__clkbuf_1)
     1    0.00                           _124_ (net)
                  0.06    0.00   20.81 ^ _264_/A (sky130_fd_sc_hd__clkbuf_1)
                  0.06    0.10   20.90 ^ _264_/X (sky130_fd_sc_hd__clkbuf_1)
     1    0.00                           _012_ (net)
                  0.06    0.00   20.90 ^ _285_/RESET_B (sky130_fd_sc_hd__dfrtp_4)
                                 20.90   data arrival time

                        100.00  100.00   clock clk (rise edge)
                          0.00  100.00   clock source latency
                  0.23    0.15  100.15 ^ clk (in)
     1    0.03                           clk (net)
                  0.23    0.00  100.15 ^ clkbuf_0_clk/A (sky130_fd_sc_hd__clkbuf_16)
                  0.04    0.17  100.32 ^ clkbuf_0_clk/X (sky130_fd_sc_hd__clkbuf_16)
     2    0.01                           clknet_0_clk (net)
                  0.04    0.00  100.32 ^ clkbuf_1_1_0_clk/A (sky130_fd_sc_hd__clkbuf_2)
                  0.18    0.19  100.51 ^ clkbuf_1_1_0_clk/X (sky130_fd_sc_hd__clkbuf_2)
     9    0.03                           clknet_1_1_0_clk (net)
                  0.18    0.00  100.51 ^ _285_/CLK (sky130_fd_sc_hd__dfrtp_4)
                         -0.25  100.26   clock uncertainty
                          0.00  100.26   clock reconvergence pessimism
                          0.25  100.51   library recovery time
                                100.51   data required time
-----------------------------------------------------------------------------
                                100.51   data required time
                                -20.90   data arrival time
-----------------------------------------------------------------------------
                                 79.61   slack (MET)


Startpoint: reset (input port clocked by clk)
Endpoint: ready (output port clocked by clk)
Path Group: clk
Path Type: max

Fanout     Cap    Slew   Delay    Time   Description
-----------------------------------------------------------------------------
                          0.00    0.00   clock clk (rise edge)
                          0.00    0.00   clock network delay (propagated)
                         20.00   20.00 v input external delay
                  0.02    0.01   20.01 v reset (in)
     1    0.00                           reset (net)
                  0.02    0.00   20.01 v input1/A (sky130_fd_sc_hd__buf_2)
                  0.08    0.16   20.17 v input1/X (sky130_fd_sc_hd__buf_2)
     2    0.03                           net1 (net)
                  0.08    0.00   20.18 v _271_/A (sky130_fd_sc_hd__nor2_2)
                  0.17    0.20   20.37 ^ _271_/Y (sky130_fd_sc_hd__nor2_2)
     1    0.01                           net19 (net)
                  0.17    0.00   20.37 ^ output19/A (sky130_fd_sc_hd__buf_2)
                  0.17    0.25   20.63 ^ output19/X (sky130_fd_sc_hd__buf_2)
     1    0.03                           ready (net)
                  0.17    0.00   20.63 ^ ready (out)
                                 20.63   data arrival time

                        100.00  100.00   clock clk (rise edge)
                          0.00  100.00   clock network delay (propagated)
                         -0.25   99.75   clock uncertainty
                          0.00   99.75   clock reconvergence pessimism
                        -20.00   79.75   output external delay
                                 79.75   data required time
-----------------------------------------------------------------------------
                                 79.75   data required time
                                -20.63   data arrival time
-----------------------------------------------------------------------------
                                 59.12   slack (MET)


Startpoint: word1[1] (input port clocked by clk)
Endpoint: _288_ (rising edge-triggered flip-flop clocked by clk)
Path Group: clk
Path Type: max

Fanout     Cap    Slew   Delay    Time   Description
-----------------------------------------------------------------------------
                          0.00    0.00   clock clk (rise edge)
                          0.00    0.00   clock network delay (propagated)
                         20.00   20.00 v input external delay
                  0.02    0.01   20.01 v word1[1] (in)
     1    0.00                           word1[1] (net)
                  0.02    0.00   20.01 v input8/A (sky130_fd_sc_hd__clkbuf_2)
                  0.09    0.15   20.16 v input8/X (sky130_fd_sc_hd__clkbuf_2)
     2    0.02                           net8 (net)
                  0.09    0.00   20.17 v _142_/A (sky130_fd_sc_hd__or4_1)
                  0.08    0.55   20.72 v _142_/X (sky130_fd_sc_hd__or4_1)
     1    0.00                           _131_ (net)
                  0.08    0.00   20.72 v _143_/B1 (sky130_fd_sc_hd__o41a_1)
                  0.09    0.16   20.87 v _143_/X (sky130_fd_sc_hd__o41a_1)
     2    0.01                           _132_ (net)
                  0.09    0.00   20.87 v _144_/C (sky130_fd_sc_hd__and3_1)
                  0.05    0.22   21.09 v _144_/X (sky130_fd_sc_hd__and3_1)
     1    0.01                           _133_ (net)
                  0.05    0.00   21.09 v _145_/A (sky130_fd_sc_hd__clkbuf_1)
                  0.07    0.13   21.22 v _145_/X (sky130_fd_sc_hd__clkbuf_1)
     4    0.01                           _006_ (net)
                  0.07    0.00   21.22 v _282_/A0 (sky130_fd_sc_hd__mux2_1)
                  0.07    0.32   21.54 v _282_/X (sky130_fd_sc_hd__mux2_1)
     1    0.01                           _009_ (net)
                  0.07    0.00   21.54 v _192_/A (sky130_fd_sc_hd__inv_2)
                  0.04    0.06   21.60 ^ _192_/Y (sky130_fd_sc_hd__inv_2)
     1    0.01                           _066_ (net)
                  0.04    0.00   21.60 ^ _193_/B1 (sky130_fd_sc_hd__a31o_1)
                  0.20    0.21   21.81 ^ _193_/X (sky130_fd_sc_hd__a31o_1)
     3    0.02                           _067_ (net)
                  0.20    0.00   21.82 ^ _225_/A (sky130_fd_sc_hd__inv_2)
                  0.07    0.10   21.91 v _225_/Y (sky130_fd_sc_hd__inv_2)
     3    0.02                           _099_ (net)
                  0.07    0.00   21.92 v _226_/B1 (sky130_fd_sc_hd__a41o_1)
                  0.11    0.30   22.21 v _226_/X (sky130_fd_sc_hd__a41o_1)
     3    0.02                           _100_ (net)
                  0.11    0.00   22.21 v _233_/A (sky130_fd_sc_hd__inv_2)
                  0.05    0.09   22.30 ^ _233_/Y (sky130_fd_sc_hd__inv_2)
     2    0.01                           _105_ (net)
                  0.05    0.00   22.30 ^ _234_/A (sky130_fd_sc_hd__clkbuf_2)
                  0.12    0.17   22.47 ^ _234_/X (sky130_fd_sc_hd__clkbuf_2)
     5    0.02                           _106_ (net)
                  0.12    0.00   22.47 ^ _254_/B2 (sky130_fd_sc_hd__a32o_1)
                  0.07    0.15   22.62 ^ _254_/X (sky130_fd_sc_hd__a32o_1)
     1    0.00                           _035_ (net)
                  0.07    0.00   22.62 ^ _288_/D (sky130_fd_sc_hd__dfrtp_4)
                                 22.62   data arrival time

                        100.00  100.00   clock clk (rise edge)
                          0.00  100.00   clock source latency
                  0.23    0.15  100.15 ^ clk (in)
     1    0.03                           clk (net)
                  0.23    0.00  100.15 ^ clkbuf_0_clk/A (sky130_fd_sc_hd__clkbuf_16)
                  0.04    0.17  100.32 ^ clkbuf_0_clk/X (sky130_fd_sc_hd__clkbuf_16)
     2    0.01                           clknet_0_clk (net)
                  0.04    0.00  100.32 ^ clkbuf_1_1_0_clk/A (sky130_fd_sc_hd__clkbuf_2)
                  0.18    0.19  100.51 ^ clkbuf_1_1_0_clk/X (sky130_fd_sc_hd__clkbuf_2)
     9    0.03                           clknet_1_1_0_clk (net)
                  0.18    0.00  100.51 ^ _288_/CLK (sky130_fd_sc_hd__dfrtp_4)
                         -0.25  100.26   clock uncertainty
                          0.00  100.26   clock reconvergence pessimism
                         -0.05  100.21   library setup time
                                100.21   data required time
-----------------------------------------------------------------------------
                                100.21   data required time
                                -22.62   data arrival time
-----------------------------------------------------------------------------
                                 77.59   slack (MET)


Startpoint: word1[1] (input port clocked by clk)
Endpoint: _287_ (rising edge-triggered flip-flop clocked by clk)
Path Group: clk
Path Type: max

Fanout     Cap    Slew   Delay    Time   Description
-----------------------------------------------------------------------------
                          0.00    0.00   clock clk (rise edge)
                          0.00    0.00   clock network delay (propagated)
                         20.00   20.00 v input external delay
                  0.02    0.01   20.01 v word1[1] (in)
     1    0.00                           word1[1] (net)
                  0.02    0.00   20.01 v input8/A (sky130_fd_sc_hd__clkbuf_2)
                  0.09    0.15   20.16 v input8/X (sky130_fd_sc_hd__clkbuf_2)
     2    0.02                           net8 (net)
                  0.09    0.00   20.17 v _142_/A (sky130_fd_sc_hd__or4_1)
                  0.08    0.55   20.72 v _142_/X (sky130_fd_sc_hd__or4_1)
     1    0.00                           _131_ (net)
                  0.08    0.00   20.72 v _143_/B1 (sky130_fd_sc_hd__o41a_1)
                  0.09    0.16   20.87 v _143_/X (sky130_fd_sc_hd__o41a_1)
     2    0.01                           _132_ (net)
                  0.09    0.00   20.87 v _144_/C (sky130_fd_sc_hd__and3_1)
                  0.05    0.22   21.09 v _144_/X (sky130_fd_sc_hd__and3_1)
     1    0.01                           _133_ (net)
                  0.05    0.00   21.09 v _145_/A (sky130_fd_sc_hd__clkbuf_1)
                  0.07    0.13   21.22 v _145_/X (sky130_fd_sc_hd__clkbuf_1)
     4    0.01                           _006_ (net)
                  0.07    0.00   21.22 v _282_/A0 (sky130_fd_sc_hd__mux2_1)
                  0.07    0.32   21.54 v _282_/X (sky130_fd_sc_hd__mux2_1)
     1    0.01                           _009_ (net)
                  0.07    0.00   21.54 v _192_/A (sky130_fd_sc_hd__inv_2)
                  0.04    0.06   21.60 ^ _192_/Y (sky130_fd_sc_hd__inv_2)
     1    0.01                           _066_ (net)
                  0.04    0.00   21.60 ^ _193_/B1 (sky130_fd_sc_hd__a31o_1)
                  0.20    0.21   21.81 ^ _193_/X (sky130_fd_sc_hd__a31o_1)
     3    0.02                           _067_ (net)
                  0.20    0.00   21.82 ^ _225_/A (sky130_fd_sc_hd__inv_2)
                  0.07    0.10   21.91 v _225_/Y (sky130_fd_sc_hd__inv_2)
     3    0.02                           _099_ (net)
                  0.07    0.00   21.92 v _226_/B1 (sky130_fd_sc_hd__a41o_1)
                  0.11    0.30   22.21 v _226_/X (sky130_fd_sc_hd__a41o_1)
     3    0.02                           _100_ (net)
                  0.11    0.00   22.21 v _233_/A (sky130_fd_sc_hd__inv_2)
                  0.05    0.09   22.30 ^ _233_/Y (sky130_fd_sc_hd__inv_2)
     2    0.01                           _105_ (net)
                  0.05    0.00   22.30 ^ _234_/A (sky130_fd_sc_hd__clkbuf_2)
                  0.12    0.17   22.47 ^ _234_/X (sky130_fd_sc_hd__clkbuf_2)
     5    0.02                           _106_ (net)
                  0.12    0.00   22.47 ^ _258_/B2 (sky130_fd_sc_hd__a32o_1)
                  0.06    0.15   22.62 ^ _258_/X (sky130_fd_sc_hd__a32o_1)
     1    0.00                           _034_ (net)
                  0.06    0.00   22.62 ^ _287_/D (sky130_fd_sc_hd__dfrtp_4)
                                 22.62   data arrival time

                        100.00  100.00   clock clk (rise edge)
                          0.00  100.00   clock source latency
                  0.23    0.15  100.15 ^ clk (in)
     1    0.03                           clk (net)
                  0.23    0.00  100.15 ^ clkbuf_0_clk/A (sky130_fd_sc_hd__clkbuf_16)
                  0.04    0.17  100.32 ^ clkbuf_0_clk/X (sky130_fd_sc_hd__clkbuf_16)
     2    0.01                           clknet_0_clk (net)
                  0.04    0.00  100.32 ^ clkbuf_1_1_0_clk/A (sky130_fd_sc_hd__clkbuf_2)
                  0.18    0.19  100.51 ^ clkbuf_1_1_0_clk/X (sky130_fd_sc_hd__clkbuf_2)
     9    0.03                           clknet_1_1_0_clk (net)
                  0.18    0.00  100.51 ^ _287_/CLK (sky130_fd_sc_hd__dfrtp_4)
                         -0.25  100.26   clock uncertainty
                          0.00  100.26   clock reconvergence pessimism
                         -0.05  100.21   library setup time
                                100.21   data required time
-----------------------------------------------------------------------------
                                100.21   data required time
                                -22.62   data arrival time
-----------------------------------------------------------------------------
                                 77.59   slack (MET)


Startpoint: word1[1] (input port clocked by clk)
Endpoint: _289_ (rising edge-triggered flip-flop clocked by clk)
Path Group: clk
Path Type: max

Fanout     Cap    Slew   Delay    Time   Description
-----------------------------------------------------------------------------
                          0.00    0.00   clock clk (rise edge)
                          0.00    0.00   clock network delay (propagated)
                         20.00   20.00 v input external delay
                  0.02    0.01   20.01 v word1[1] (in)
     1    0.00                           word1[1] (net)
                  0.02    0.00   20.01 v input8/A (sky130_fd_sc_hd__clkbuf_2)
                  0.09    0.15   20.16 v input8/X (sky130_fd_sc_hd__clkbuf_2)
     2    0.02                           net8 (net)
                  0.09    0.00   20.17 v _142_/A (sky130_fd_sc_hd__or4_1)
                  0.08    0.55   20.72 v _142_/X (sky130_fd_sc_hd__or4_1)
     1    0.00                           _131_ (net)
                  0.08    0.00   20.72 v _143_/B1 (sky130_fd_sc_hd__o41a_1)
                  0.09    0.16   20.87 v _143_/X (sky130_fd_sc_hd__o41a_1)
     2    0.01                           _132_ (net)
                  0.09    0.00   20.87 v _144_/C (sky130_fd_sc_hd__and3_1)
                  0.05    0.22   21.09 v _144_/X (sky130_fd_sc_hd__and3_1)
     1    0.01                           _133_ (net)
                  0.05    0.00   21.09 v _145_/A (sky130_fd_sc_hd__clkbuf_1)
                  0.07    0.13   21.22 v _145_/X (sky130_fd_sc_hd__clkbuf_1)
     4    0.01                           _006_ (net)
                  0.07    0.00   21.22 v _282_/A0 (sky130_fd_sc_hd__mux2_1)
                  0.07    0.32   21.54 v _282_/X (sky130_fd_sc_hd__mux2_1)
     1    0.01                           _009_ (net)
                  0.07    0.00   21.54 v _192_/A (sky130_fd_sc_hd__inv_2)
                  0.04    0.06   21.60 ^ _192_/Y (sky130_fd_sc_hd__inv_2)
     1    0.01                           _066_ (net)
                  0.04    0.00   21.60 ^ _193_/B1 (sky130_fd_sc_hd__a31o_1)
                  0.20    0.21   21.81 ^ _193_/X (sky130_fd_sc_hd__a31o_1)
     3    0.02                           _067_ (net)
                  0.20    0.00   21.82 ^ _225_/A (sky130_fd_sc_hd__inv_2)
                  0.07    0.10   21.91 v _225_/Y (sky130_fd_sc_hd__inv_2)
     3    0.02                           _099_ (net)
                  0.07    0.00   21.92 v _226_/B1 (sky130_fd_sc_hd__a41o_1)
                  0.11    0.30   22.21 v _226_/X (sky130_fd_sc_hd__a41o_1)
     3    0.02                           _100_ (net)
                  0.11    0.00   22.21 v _233_/A (sky130_fd_sc_hd__inv_2)
                  0.05    0.09   22.30 ^ _233_/Y (sky130_fd_sc_hd__inv_2)
     2    0.01                           _105_ (net)
                  0.05    0.00   22.30 ^ _234_/A (sky130_fd_sc_hd__clkbuf_2)
                  0.12    0.17   22.47 ^ _234_/X (sky130_fd_sc_hd__clkbuf_2)
     5    0.02                           _106_ (net)
                  0.12    0.00   22.47 ^ _246_/B2 (sky130_fd_sc_hd__a32o_1)
                  0.06    0.15   22.61 ^ _246_/X (sky130_fd_sc_hd__a32o_1)
     1    0.00                           _036_ (net)
                  0.06    0.00   22.61 ^ _289_/D (sky130_fd_sc_hd__dfrtp_4)
                                 22.61   data arrival time

                        100.00  100.00   clock clk (rise edge)
                          0.00  100.00   clock source latency
                  0.23    0.15  100.15 ^ clk (in)
     1    0.03                           clk (net)
                  0.23    0.00  100.15 ^ clkbuf_0_clk/A (sky130_fd_sc_hd__clkbuf_16)
                  0.04    0.17  100.32 ^ clkbuf_0_clk/X (sky130_fd_sc_hd__clkbuf_16)
     2    0.01                           clknet_0_clk (net)
                  0.04    0.00  100.32 ^ clkbuf_1_1_0_clk/A (sky130_fd_sc_hd__clkbuf_2)
                  0.18    0.19  100.51 ^ clkbuf_1_1_0_clk/X (sky130_fd_sc_hd__clkbuf_2)
     9    0.03                           clknet_1_1_0_clk (net)
                  0.18    0.00  100.51 ^ _289_/CLK (sky130_fd_sc_hd__dfrtp_4)
                         -0.25  100.26   clock uncertainty
                          0.00  100.26   clock reconvergence pessimism
                         -0.05  100.21   library setup time
                                100.21   data required time
-----------------------------------------------------------------------------
                                100.21   data required time
                                -22.61   data arrival time
-----------------------------------------------------------------------------
                                 77.60   slack (MET)


Startpoint: word1[1] (input port clocked by clk)
Endpoint: _290_ (rising edge-triggered flip-flop clocked by clk)
Path Group: clk
Path Type: max

Fanout     Cap    Slew   Delay    Time   Description
-----------------------------------------------------------------------------
                          0.00    0.00   clock clk (rise edge)
                          0.00    0.00   clock network delay (propagated)
                         20.00   20.00 v input external delay
                  0.02    0.01   20.01 v word1[1] (in)
     1    0.00                           word1[1] (net)
                  0.02    0.00   20.01 v input8/A (sky130_fd_sc_hd__clkbuf_2)
                  0.09    0.15   20.16 v input8/X (sky130_fd_sc_hd__clkbuf_2)
     2    0.02                           net8 (net)
                  0.09    0.00   20.17 v _142_/A (sky130_fd_sc_hd__or4_1)
                  0.08    0.55   20.72 v _142_/X (sky130_fd_sc_hd__or4_1)
     1    0.00                           _131_ (net)
                  0.08    0.00   20.72 v _143_/B1 (sky130_fd_sc_hd__o41a_1)
                  0.09    0.16   20.87 v _143_/X (sky130_fd_sc_hd__o41a_1)
     2    0.01                           _132_ (net)
                  0.09    0.00   20.87 v _144_/C (sky130_fd_sc_hd__and3_1)
                  0.05    0.22   21.09 v _144_/X (sky130_fd_sc_hd__and3_1)
     1    0.01                           _133_ (net)
                  0.05    0.00   21.09 v _145_/A (sky130_fd_sc_hd__clkbuf_1)
                  0.07    0.13   21.22 v _145_/X (sky130_fd_sc_hd__clkbuf_1)
     4    0.01                           _006_ (net)
                  0.07    0.00   21.22 v _282_/A0 (sky130_fd_sc_hd__mux2_1)
                  0.07    0.32   21.54 v _282_/X (sky130_fd_sc_hd__mux2_1)
     1    0.01                           _009_ (net)
                  0.07    0.00   21.54 v _192_/A (sky130_fd_sc_hd__inv_2)
                  0.04    0.06   21.60 ^ _192_/Y (sky130_fd_sc_hd__inv_2)
     1    0.01                           _066_ (net)
                  0.04    0.00   21.60 ^ _193_/B1 (sky130_fd_sc_hd__a31o_1)
                  0.20    0.21   21.81 ^ _193_/X (sky130_fd_sc_hd__a31o_1)
     3    0.02                           _067_ (net)
                  0.20    0.00   21.82 ^ _225_/A (sky130_fd_sc_hd__inv_2)
                  0.07    0.10   21.91 v _225_/Y (sky130_fd_sc_hd__inv_2)
     3    0.02                           _099_ (net)
                  0.07    0.00   21.92 v _226_/B1 (sky130_fd_sc_hd__a41o_1)
                  0.11    0.30   22.21 v _226_/X (sky130_fd_sc_hd__a41o_1)
     3    0.02                           _100_ (net)
                  0.11    0.00   22.21 v _233_/A (sky130_fd_sc_hd__inv_2)
                  0.05    0.09   22.30 ^ _233_/Y (sky130_fd_sc_hd__inv_2)
     2    0.01                           _105_ (net)
                  0.05    0.00   22.30 ^ _234_/A (sky130_fd_sc_hd__clkbuf_2)
                  0.12    0.17   22.47 ^ _234_/X (sky130_fd_sc_hd__clkbuf_2)
     5    0.02                           _106_ (net)
                  0.12    0.00   22.47 ^ _242_/B2 (sky130_fd_sc_hd__a32o_1)
                  0.06    0.15   22.61 ^ _242_/X (sky130_fd_sc_hd__a32o_1)
     1    0.00                           _037_ (net)
                  0.06    0.00   22.61 ^ _290_/D (sky130_fd_sc_hd__dfrtp_4)
                                 22.61   data arrival time

                        100.00  100.00   clock clk (rise edge)
                          0.00  100.00   clock source latency
                  0.23    0.15  100.15 ^ clk (in)
     1    0.03                           clk (net)
                  0.23    0.00  100.15 ^ clkbuf_0_clk/A (sky130_fd_sc_hd__clkbuf_16)
                  0.04    0.17  100.32 ^ clkbuf_0_clk/X (sky130_fd_sc_hd__clkbuf_16)
     2    0.01                           clknet_0_clk (net)
                  0.04    0.00  100.32 ^ clkbuf_1_1_0_clk/A (sky130_fd_sc_hd__clkbuf_2)
                  0.18    0.19  100.51 ^ clkbuf_1_1_0_clk/X (sky130_fd_sc_hd__clkbuf_2)
     9    0.03                           clknet_1_1_0_clk (net)
                  0.18    0.00  100.51 ^ _290_/CLK (sky130_fd_sc_hd__dfrtp_4)
                         -0.25  100.26   clock uncertainty
                          0.00  100.26   clock reconvergence pessimism
                         -0.05  100.21   library setup time
                                100.21   data required time
-----------------------------------------------------------------------------
                                100.21   data required time
                                -22.61   data arrival time
-----------------------------------------------------------------------------
                                 77.60   slack (MET)


