
===========================================================================
report_checks -path_delay min (Hold)
============================================================================
Startpoint: reset (input port clocked by clk)
Endpoint: _303_ (removal check against rising-edge clock clk)
Path Group: **async_default**
Path Type: min

Fanout     Cap    Slew   Delay    Time   Description
-----------------------------------------------------------------------------
                          0.00    0.00   clock clk (rise edge)
                          0.00    0.00   clock network delay (propagated)
                         20.00   20.00 v input external delay
                  0.02    0.01   20.01 v reset (in)
     1    0.00                           reset (net)
                  0.02    0.00   20.01 v input1/A (sky130_fd_sc_hd__buf_2)
                  0.08    0.15   20.15 v input1/X (sky130_fd_sc_hd__buf_2)
     2    0.03                           net1 (net)
                  0.08    0.00   20.16 v _141_/A (sky130_fd_sc_hd__inv_2)
                  0.06    0.07   20.23 ^ _141_/Y (sky130_fd_sc_hd__inv_2)
     4    0.01                           _130_ (net)
                  0.06    0.00   20.23 ^ _153_/A (sky130_fd_sc_hd__dlymetal6s2s_1)
                  0.19    0.19   20.42 ^ _153_/X (sky130_fd_sc_hd__dlymetal6s2s_1)
     5    0.02                           _139_ (net)
                  0.19    0.00   20.42 ^ _154_/A (sky130_fd_sc_hd__clkbuf_2)
                  0.10    0.18   20.61 ^ _154_/X (sky130_fd_sc_hd__clkbuf_2)
     5    0.02                           _030_ (net)
                  0.10    0.00   20.61 ^ _303_/RESET_B (sky130_fd_sc_hd__dfrtp_1)
                                 20.61   data arrival time

                          0.00    0.00   clock clk (rise edge)
                          0.00    0.00   clock source latency
                  0.23    0.17    0.17 ^ clk (in)
     1    0.03                           clk (net)
                  0.23    0.00    0.17 ^ clkbuf_0_clk/A (sky130_fd_sc_hd__clkbuf_16)
                  0.04    0.19    0.35 ^ clkbuf_0_clk/X (sky130_fd_sc_hd__clkbuf_16)
     2    0.01                           clknet_0_clk (net)
                  0.04    0.00    0.36 ^ clkbuf_1_0_0_clk/A (sky130_fd_sc_hd__clkbuf_2)
                  0.23    0.24    0.60 ^ clkbuf_1_0_0_clk/X (sky130_fd_sc_hd__clkbuf_2)
    12    0.04                           clknet_1_0_0_clk (net)
                  0.23    0.00    0.60 ^ _303_/CLK (sky130_fd_sc_hd__dfrtp_1)
                          0.25    0.85   clock uncertainty
                          0.00    0.85   clock reconvergence pessimism
                          0.39    1.24   library removal time
                                  1.24   data required time
-----------------------------------------------------------------------------
                                  1.24   data required time
                                -20.61   data arrival time
-----------------------------------------------------------------------------
                                 19.37   slack (MET)


Startpoint: reset (input port clocked by clk)
Endpoint: _304_ (removal check against rising-edge clock clk)
Path Group: **async_default**
Path Type: min

Fanout     Cap    Slew   Delay    Time   Description
-----------------------------------------------------------------------------
                          0.00    0.00   clock clk (rise edge)
                          0.00    0.00   clock network delay (propagated)
                         20.00   20.00 v input external delay
                  0.02    0.01   20.01 v reset (in)
     1    0.00                           reset (net)
                  0.02    0.00   20.01 v input1/A (sky130_fd_sc_hd__buf_2)
                  0.08    0.15   20.15 v input1/X (sky130_fd_sc_hd__buf_2)
     2    0.03                           net1 (net)
                  0.08    0.00   20.16 v _141_/A (sky130_fd_sc_hd__inv_2)
                  0.06    0.07   20.23 ^ _141_/Y (sky130_fd_sc_hd__inv_2)
     4    0.01                           _130_ (net)
                  0.06    0.00   20.23 ^ _153_/A (sky130_fd_sc_hd__dlymetal6s2s_1)
                  0.19    0.19   20.42 ^ _153_/X (sky130_fd_sc_hd__dlymetal6s2s_1)
     5    0.02                           _139_ (net)
                  0.19    0.00   20.42 ^ _274_/A (sky130_fd_sc_hd__clkbuf_1)
                  0.06    0.12   20.54 ^ _274_/X (sky130_fd_sc_hd__clkbuf_1)
     1    0.00                           _129_ (net)
                  0.06    0.00   20.54 ^ _275_/A (sky130_fd_sc_hd__clkbuf_1)
                  0.06    0.09   20.63 ^ _275_/X (sky130_fd_sc_hd__clkbuf_1)
     1    0.00                           _031_ (net)
                  0.06    0.00   20.63 ^ _304_/RESET_B (sky130_fd_sc_hd__dfrtp_1)
                                 20.63   data arrival time

                          0.00    0.00   clock clk (rise edge)
                          0.00    0.00   clock source latency
                  0.23    0.17    0.17 ^ clk (in)
     1    0.03                           clk (net)
                  0.23    0.00    0.17 ^ clkbuf_0_clk/A (sky130_fd_sc_hd__clkbuf_16)
                  0.04    0.19    0.35 ^ clkbuf_0_clk/X (sky130_fd_sc_hd__clkbuf_16)
     2    0.01                           clknet_0_clk (net)
                  0.04    0.00    0.36 ^ clkbuf_1_0_0_clk/A (sky130_fd_sc_hd__clkbuf_2)
                  0.23    0.24    0.60 ^ clkbuf_1_0_0_clk/X (sky130_fd_sc_hd__clkbuf_2)
    12    0.04                           clknet_1_0_0_clk (net)
                  0.23    0.00    0.60 ^ _304_/CLK (sky130_fd_sc_hd__dfrtp_1)
                          0.25    0.85   clock uncertainty
                          0.00    0.85   clock reconvergence pessimism
                          0.38    1.23   library removal time
                                  1.23   data required time
-----------------------------------------------------------------------------
                                  1.23   data required time
                                -20.63   data arrival time
-----------------------------------------------------------------------------
                                 19.41   slack (MET)


Startpoint: reset (input port clocked by clk)
Endpoint: _301_ (removal check against rising-edge clock clk)
Path Group: **async_default**
Path Type: min

Fanout     Cap    Slew   Delay    Time   Description
-----------------------------------------------------------------------------
                          0.00    0.00   clock clk (rise edge)
                          0.00    0.00   clock network delay (propagated)
                         20.00   20.00 v input external delay
                  0.02    0.01   20.01 v reset (in)
     1    0.00                           reset (net)
                  0.02    0.00   20.01 v input1/A (sky130_fd_sc_hd__buf_2)
                  0.08    0.15   20.15 v input1/X (sky130_fd_sc_hd__buf_2)
     2    0.03                           net1 (net)
                  0.08    0.00   20.16 v _141_/A (sky130_fd_sc_hd__inv_2)
                  0.06    0.07   20.23 ^ _141_/Y (sky130_fd_sc_hd__inv_2)
     4    0.01                           _130_ (net)
                  0.06    0.00   20.23 ^ _153_/A (sky130_fd_sc_hd__dlymetal6s2s_1)
                  0.19    0.19   20.42 ^ _153_/X (sky130_fd_sc_hd__dlymetal6s2s_1)
     5    0.02                           _139_ (net)
                  0.19    0.00   20.42 ^ _154_/A (sky130_fd_sc_hd__clkbuf_2)
                  0.10    0.18   20.61 ^ _154_/X (sky130_fd_sc_hd__clkbuf_2)
     5    0.02                           _030_ (net)
                  0.10    0.00   20.61 ^ _161_/A (sky130_fd_sc_hd__clkbuf_1)
                  0.05    0.09   20.70 ^ _161_/X (sky130_fd_sc_hd__clkbuf_1)
     1    0.00                           _054_ (net)
                  0.05    0.00   20.70 ^ _162_/A (sky130_fd_sc_hd__clkbuf_1)
                  0.06    0.09   20.79 ^ _162_/X (sky130_fd_sc_hd__clkbuf_1)
     1    0.00                           _028_ (net)
                  0.06    0.00   20.79 ^ _301_/RESET_B (sky130_fd_sc_hd__dfrtp_1)
                                 20.79   data arrival time

                          0.00    0.00   clock clk (rise edge)
                          0.00    0.00   clock source latency
                  0.23    0.17    0.17 ^ clk (in)
     1    0.03                           clk (net)
                  0.23    0.00    0.17 ^ clkbuf_0_clk/A (sky130_fd_sc_hd__clkbuf_16)
                  0.04    0.19    0.35 ^ clkbuf_0_clk/X (sky130_fd_sc_hd__clkbuf_16)
     2    0.01                           clknet_0_clk (net)
                  0.04    0.00    0.36 ^ clkbuf_1_0_0_clk/A (sky130_fd_sc_hd__clkbuf_2)
                  0.23    0.24    0.60 ^ clkbuf_1_0_0_clk/X (sky130_fd_sc_hd__clkbuf_2)
    12    0.04                           clknet_1_0_0_clk (net)
                  0.23    0.00    0.60 ^ _301_/CLK (sky130_fd_sc_hd__dfrtp_1)
                          0.25    0.85   clock uncertainty
                          0.00    0.85   clock reconvergence pessimism
                          0.37    1.23   library removal time
                                  1.23   data required time
-----------------------------------------------------------------------------
                                  1.23   data required time
                                -20.79   data arrival time
-----------------------------------------------------------------------------
                                 19.56   slack (MET)


Startpoint: reset (input port clocked by clk)
Endpoint: _300_ (removal check against rising-edge clock clk)
Path Group: **async_default**
Path Type: min

Fanout     Cap    Slew   Delay    Time   Description
-----------------------------------------------------------------------------
                          0.00    0.00   clock clk (rise edge)
                          0.00    0.00   clock network delay (propagated)
                         20.00   20.00 v input external delay
                  0.02    0.01   20.01 v reset (in)
     1    0.00                           reset (net)
                  0.02    0.00   20.01 v input1/A (sky130_fd_sc_hd__buf_2)
                  0.08    0.15   20.15 v input1/X (sky130_fd_sc_hd__buf_2)
     2    0.03                           net1 (net)
                  0.08    0.00   20.16 v _141_/A (sky130_fd_sc_hd__inv_2)
                  0.06    0.07   20.23 ^ _141_/Y (sky130_fd_sc_hd__inv_2)
     4    0.01                           _130_ (net)
                  0.06    0.00   20.23 ^ _153_/A (sky130_fd_sc_hd__dlymetal6s2s_1)
                  0.19    0.19   20.42 ^ _153_/X (sky130_fd_sc_hd__dlymetal6s2s_1)
     5    0.02                           _139_ (net)
                  0.19    0.00   20.42 ^ _154_/A (sky130_fd_sc_hd__clkbuf_2)
                  0.10    0.18   20.61 ^ _154_/X (sky130_fd_sc_hd__clkbuf_2)
     5    0.02                           _030_ (net)
                  0.10    0.00   20.61 ^ _164_/A (sky130_fd_sc_hd__clkbuf_1)
                  0.04    0.09   20.70 ^ _164_/X (sky130_fd_sc_hd__clkbuf_1)
     1    0.00                           _055_ (net)
                  0.04    0.00   20.70 ^ _165_/A (sky130_fd_sc_hd__clkbuf_1)
                  0.07    0.09   20.79 ^ _165_/X (sky130_fd_sc_hd__clkbuf_1)
     1    0.01                           _027_ (net)
                  0.07    0.00   20.79 ^ _300_/RESET_B (sky130_fd_sc_hd__dfrtp_1)
                                 20.79   data arrival time

                          0.00    0.00   clock clk (rise edge)
                          0.00    0.00   clock source latency
                  0.23    0.17    0.17 ^ clk (in)
     1    0.03                           clk (net)
                  0.23    0.00    0.17 ^ clkbuf_0_clk/A (sky130_fd_sc_hd__clkbuf_16)
                  0.04    0.19    0.35 ^ clkbuf_0_clk/X (sky130_fd_sc_hd__clkbuf_16)
     2    0.01                           clknet_0_clk (net)
                  0.04    0.00    0.36 ^ clkbuf_1_0_0_clk/A (sky130_fd_sc_hd__clkbuf_2)
                  0.23    0.24    0.60 ^ clkbuf_1_0_0_clk/X (sky130_fd_sc_hd__clkbuf_2)
    12    0.04                           clknet_1_0_0_clk (net)
                  0.23    0.00    0.60 ^ _300_/CLK (sky130_fd_sc_hd__dfrtp_1)
                          0.25    0.85   clock uncertainty
                          0.00    0.85   clock reconvergence pessimism
                          0.38    1.23   library removal time
                                  1.23   data required time
-----------------------------------------------------------------------------
                                  1.23   data required time
                                -20.79   data arrival time
-----------------------------------------------------------------------------
                                 19.56   slack (MET)


Startpoint: reset (input port clocked by clk)
Endpoint: _299_ (removal check against rising-edge clock clk)
Path Group: **async_default**
Path Type: min

Fanout     Cap    Slew   Delay    Time   Description
-----------------------------------------------------------------------------
                          0.00    0.00   clock clk (rise edge)
                          0.00    0.00   clock network delay (propagated)
                         20.00   20.00 v input external delay
                  0.02    0.01   20.01 v reset (in)
     1    0.00                           reset (net)
                  0.02    0.00   20.01 v input1/A (sky130_fd_sc_hd__buf_2)
                  0.08    0.15   20.15 v input1/X (sky130_fd_sc_hd__buf_2)
     2    0.03                           net1 (net)
                  0.08    0.00   20.16 v _141_/A (sky130_fd_sc_hd__inv_2)
                  0.06    0.07   20.23 ^ _141_/Y (sky130_fd_sc_hd__inv_2)
     4    0.01                           _130_ (net)
                  0.06    0.00   20.23 ^ _153_/A (sky130_fd_sc_hd__dlymetal6s2s_1)
                  0.19    0.19   20.42 ^ _153_/X (sky130_fd_sc_hd__dlymetal6s2s_1)
     5    0.02                           _139_ (net)
                  0.19    0.00   20.42 ^ _154_/A (sky130_fd_sc_hd__clkbuf_2)
                  0.10    0.18   20.61 ^ _154_/X (sky130_fd_sc_hd__clkbuf_2)
     5    0.02                           _030_ (net)
                  0.10    0.00   20.61 ^ _167_/A (sky130_fd_sc_hd__clkbuf_1)
                  0.05    0.10   20.70 ^ _167_/X (sky130_fd_sc_hd__clkbuf_1)
     1    0.00                           _056_ (net)
                  0.05    0.00   20.70 ^ _168_/A (sky130_fd_sc_hd__clkbuf_1)
                  0.06    0.09   20.80 ^ _168_/X (sky130_fd_sc_hd__clkbuf_1)
     1    0.00                           _026_ (net)
                  0.06    0.00   20.80 ^ _299_/RESET_B (sky130_fd_sc_hd__dfrtp_1)
                                 20.80   data arrival time

                          0.00    0.00   clock clk (rise edge)
                          0.00    0.00   clock source latency
                  0.23    0.17    0.17 ^ clk (in)
     1    0.03                           clk (net)
                  0.23    0.00    0.17 ^ clkbuf_0_clk/A (sky130_fd_sc_hd__clkbuf_16)
                  0.04    0.19    0.35 ^ clkbuf_0_clk/X (sky130_fd_sc_hd__clkbuf_16)
     2    0.01                           clknet_0_clk (net)
                  0.04    0.00    0.36 ^ clkbuf_1_0_0_clk/A (sky130_fd_sc_hd__clkbuf_2)
                  0.23    0.24    0.60 ^ clkbuf_1_0_0_clk/X (sky130_fd_sc_hd__clkbuf_2)
    12    0.04                           clknet_1_0_0_clk (net)
                  0.23    0.00    0.60 ^ _299_/CLK (sky130_fd_sc_hd__dfrtp_1)
                          0.25    0.85   clock uncertainty
                          0.00    0.85   clock reconvergence pessimism
                          0.38    1.23   library removal time
                                  1.23   data required time
-----------------------------------------------------------------------------
                                  1.23   data required time
                                -20.80   data arrival time
-----------------------------------------------------------------------------
                                 19.57   slack (MET)


Startpoint: _301_ (rising edge-triggered flip-flop clocked by clk)
Endpoint: _301_ (rising edge-triggered flip-flop clocked by clk)
Path Group: clk
Path Type: min

Fanout     Cap    Slew   Delay    Time   Description
-----------------------------------------------------------------------------
                          0.00    0.00   clock clk (rise edge)
                          0.00    0.00   clock source latency
                  0.23    0.15    0.15 ^ clk (in)
     1    0.03                           clk (net)
                  0.23    0.00    0.15 ^ clkbuf_0_clk/A (sky130_fd_sc_hd__clkbuf_16)
                  0.04    0.17    0.32 ^ clkbuf_0_clk/X (sky130_fd_sc_hd__clkbuf_16)
     2    0.01                           clknet_0_clk (net)
                  0.04    0.00    0.32 ^ clkbuf_1_0_0_clk/A (sky130_fd_sc_hd__clkbuf_2)
                  0.23    0.22    0.54 ^ clkbuf_1_0_0_clk/X (sky130_fd_sc_hd__clkbuf_2)
    12    0.04                           clknet_1_0_0_clk (net)
                  0.23    0.00    0.54 ^ _301_/CLK (sky130_fd_sc_hd__dfrtp_1)
                  0.09    0.39    0.94 ^ _301_/Q (sky130_fd_sc_hd__dfrtp_1)
     3    0.01                           control_module0.m0 (net)
                  0.09    0.00    0.94 ^ _163_/B1 (sky130_fd_sc_hd__a22o_1)
                  0.05    0.12    1.06 ^ _163_/X (sky130_fd_sc_hd__a22o_1)
     1    0.00                           _048_ (net)
                  0.05    0.00    1.06 ^ _301_/D (sky130_fd_sc_hd__dfrtp_1)
                                  1.06   data arrival time

                          0.00    0.00   clock clk (rise edge)
                          0.00    0.00   clock source latency
                  0.23    0.17    0.17 ^ clk (in)
     1    0.03                           clk (net)
                  0.23    0.00    0.17 ^ clkbuf_0_clk/A (sky130_fd_sc_hd__clkbuf_16)
                  0.04    0.19    0.35 ^ clkbuf_0_clk/X (sky130_fd_sc_hd__clkbuf_16)
     2    0.01                           clknet_0_clk (net)
                  0.04    0.00    0.36 ^ clkbuf_1_0_0_clk/A (sky130_fd_sc_hd__clkbuf_2)
                  0.23    0.24    0.60 ^ clkbuf_1_0_0_clk/X (sky130_fd_sc_hd__clkbuf_2)
    12    0.04                           clknet_1_0_0_clk (net)
                  0.23    0.00    0.60 ^ _301_/CLK (sky130_fd_sc_hd__dfrtp_1)
                          0.25    0.85   clock uncertainty
                         -0.06    0.79   clock reconvergence pessimism
                         -0.01    0.78   library hold time
                                  0.78   data required time
-----------------------------------------------------------------------------
                                  0.78   data required time
                                 -1.06   data arrival time
-----------------------------------------------------------------------------
                                  0.28   slack (MET)


Startpoint: _303_ (rising edge-triggered flip-flop clocked by clk)
Endpoint: _303_ (rising edge-triggered flip-flop clocked by clk)
Path Group: clk
Path Type: min

Fanout     Cap    Slew   Delay    Time   Description
-----------------------------------------------------------------------------
                          0.00    0.00   clock clk (rise edge)
                          0.00    0.00   clock source latency
                  0.23    0.15    0.15 ^ clk (in)
     1    0.03                           clk (net)
                  0.23    0.00    0.15 ^ clkbuf_0_clk/A (sky130_fd_sc_hd__clkbuf_16)
                  0.04    0.17    0.32 ^ clkbuf_0_clk/X (sky130_fd_sc_hd__clkbuf_16)
     2    0.01                           clknet_0_clk (net)
                  0.04    0.00    0.32 ^ clkbuf_1_0_0_clk/A (sky130_fd_sc_hd__clkbuf_2)
                  0.23    0.22    0.54 ^ clkbuf_1_0_0_clk/X (sky130_fd_sc_hd__clkbuf_2)
    12    0.04                           clknet_1_0_0_clk (net)
                  0.23    0.00    0.54 ^ _303_/CLK (sky130_fd_sc_hd__dfrtp_1)
                  0.09    0.40    0.94 ^ _303_/Q (sky130_fd_sc_hd__dfrtp_1)
     3    0.01                           datapath_module0.multiplier[2] (net)
                  0.09    0.00    0.94 ^ _157_/B1 (sky130_fd_sc_hd__a22o_1)
                  0.06    0.13    1.08 ^ _157_/X (sky130_fd_sc_hd__a22o_1)
     1    0.00                           _050_ (net)
                  0.06    0.00    1.08 ^ _303_/D (sky130_fd_sc_hd__dfrtp_1)
                                  1.08   data arrival time

                          0.00    0.00   clock clk (rise edge)
                          0.00    0.00   clock source latency
                  0.23    0.17    0.17 ^ clk (in)
     1    0.03                           clk (net)
                  0.23    0.00    0.17 ^ clkbuf_0_clk/A (sky130_fd_sc_hd__clkbuf_16)
                  0.04    0.19    0.35 ^ clkbuf_0_clk/X (sky130_fd_sc_hd__clkbuf_16)
     2    0.01                           clknet_0_clk (net)
                  0.04    0.00    0.36 ^ clkbuf_1_0_0_clk/A (sky130_fd_sc_hd__clkbuf_2)
                  0.23    0.24    0.60 ^ clkbuf_1_0_0_clk/X (sky130_fd_sc_hd__clkbuf_2)
    12    0.04                           clknet_1_0_0_clk (net)
                  0.23    0.00    0.60 ^ _303_/CLK (sky130_fd_sc_hd__dfrtp_1)
                          0.25    0.85   clock uncertainty
                         -0.06    0.79   clock reconvergence pessimism
                         -0.01    0.78   library hold time
                                  0.78   data required time
-----------------------------------------------------------------------------
                                  0.78   data required time
                                 -1.08   data arrival time
-----------------------------------------------------------------------------
                                  0.30   slack (MET)


Startpoint: _304_ (rising edge-triggered flip-flop clocked by clk)
Endpoint: _304_ (rising edge-triggered flip-flop clocked by clk)
Path Group: clk
Path Type: min

Fanout     Cap    Slew   Delay    Time   Description
-----------------------------------------------------------------------------
                          0.00    0.00   clock clk (rise edge)
                          0.00    0.00   clock source latency
                  0.23    0.15    0.15 ^ clk (in)
     1    0.03                           clk (net)
                  0.23    0.00    0.15 ^ clkbuf_0_clk/A (sky130_fd_sc_hd__clkbuf_16)
                  0.04    0.17    0.32 ^ clkbuf_0_clk/X (sky130_fd_sc_hd__clkbuf_16)
     2    0.01                           clknet_0_clk (net)
                  0.04    0.00    0.32 ^ clkbuf_1_0_0_clk/A (sky130_fd_sc_hd__clkbuf_2)
                  0.23    0.22    0.54 ^ clkbuf_1_0_0_clk/X (sky130_fd_sc_hd__clkbuf_2)
    12    0.04                           clknet_1_0_0_clk (net)
                  0.23    0.00    0.54 ^ _304_/CLK (sky130_fd_sc_hd__dfrtp_1)
                  0.09    0.40    0.94 ^ _304_/Q (sky130_fd_sc_hd__dfrtp_1)
     3    0.01                           datapath_module0.multiplier[3] (net)
                  0.09    0.00    0.94 ^ _152_/A1 (sky130_fd_sc_hd__a22o_1)
                  0.06    0.14    1.08 ^ _152_/X (sky130_fd_sc_hd__a22o_1)
     1    0.00                           _051_ (net)
                  0.06    0.00    1.08 ^ _304_/D (sky130_fd_sc_hd__dfrtp_1)
                                  1.08   data arrival time

                          0.00    0.00   clock clk (rise edge)
                          0.00    0.00   clock source latency
                  0.23    0.17    0.17 ^ clk (in)
     1    0.03                           clk (net)
                  0.23    0.00    0.17 ^ clkbuf_0_clk/A (sky130_fd_sc_hd__clkbuf_16)
                  0.04    0.19    0.35 ^ clkbuf_0_clk/X (sky130_fd_sc_hd__clkbuf_16)
     2    0.01                           clknet_0_clk (net)
                  0.04    0.00    0.36 ^ clkbuf_1_0_0_clk/A (sky130_fd_sc_hd__clkbuf_2)
                  0.23    0.24    0.60 ^ clkbuf_1_0_0_clk/X (sky130_fd_sc_hd__clkbuf_2)
    12    0.04                           clknet_1_0_0_clk (net)
                  0.23    0.00    0.60 ^ _304_/CLK (sky130_fd_sc_hd__dfrtp_1)
                          0.25    0.85   clock uncertainty
                         -0.06    0.79   clock reconvergence pessimism
                         -0.01    0.78   library hold time
                                  0.78   data required time
-----------------------------------------------------------------------------
                                  0.78   data required time
                                 -1.08   data arrival time
-----------------------------------------------------------------------------
                                  0.30   slack (MET)


Startpoint: _302_ (rising edge-triggered flip-flop clocked by clk)
Endpoint: _302_ (rising edge-triggered flip-flop clocked by clk)
Path Group: clk
Path Type: min

Fanout     Cap    Slew   Delay    Time   Description
-----------------------------------------------------------------------------
                          0.00    0.00   clock clk (rise edge)
                          0.00    0.00   clock source latency
                  0.23    0.15    0.15 ^ clk (in)
     1    0.03                           clk (net)
                  0.23    0.00    0.15 ^ clkbuf_0_clk/A (sky130_fd_sc_hd__clkbuf_16)
                  0.04    0.17    0.32 ^ clkbuf_0_clk/X (sky130_fd_sc_hd__clkbuf_16)
     2    0.01                           clknet_0_clk (net)
                  0.04    0.00    0.32 ^ clkbuf_1_0_0_clk/A (sky130_fd_sc_hd__clkbuf_2)
                  0.23    0.22    0.54 ^ clkbuf_1_0_0_clk/X (sky130_fd_sc_hd__clkbuf_2)
    12    0.04                           clknet_1_0_0_clk (net)
                  0.23    0.00    0.54 ^ _302_/CLK (sky130_fd_sc_hd__dfrtp_1)
                  0.11    0.41    0.96 ^ _302_/Q (sky130_fd_sc_hd__dfrtp_1)
     3    0.01                           datapath_module0.multiplier[1] (net)
                  0.11    0.00    0.96 ^ _160_/B1 (sky130_fd_sc_hd__a22o_1)
                  0.05    0.13    1.09 ^ _160_/X (sky130_fd_sc_hd__a22o_1)
     1    0.00                           _049_ (net)
                  0.05    0.00    1.09 ^ _302_/D (sky130_fd_sc_hd__dfrtp_1)
                                  1.09   data arrival time

                          0.00    0.00   clock clk (rise edge)
                          0.00    0.00   clock source latency
                  0.23    0.17    0.17 ^ clk (in)
     1    0.03                           clk (net)
                  0.23    0.00    0.17 ^ clkbuf_0_clk/A (sky130_fd_sc_hd__clkbuf_16)
                  0.04    0.19    0.35 ^ clkbuf_0_clk/X (sky130_fd_sc_hd__clkbuf_16)
     2    0.01                           clknet_0_clk (net)
                  0.04    0.00    0.36 ^ clkbuf_1_0_0_clk/A (sky130_fd_sc_hd__clkbuf_2)
                  0.23    0.24    0.60 ^ clkbuf_1_0_0_clk/X (sky130_fd_sc_hd__clkbuf_2)
    12    0.04                           clknet_1_0_0_clk (net)
                  0.23    0.00    0.60 ^ _302_/CLK (sky130_fd_sc_hd__dfrtp_1)
                          0.25    0.85   clock uncertainty
                         -0.06    0.79   clock reconvergence pessimism
                         -0.01    0.78   library hold time
                                  0.78   data required time
-----------------------------------------------------------------------------
                                  0.78   data required time
                                 -1.09   data arrival time
-----------------------------------------------------------------------------
                                  0.31   slack (MET)


Startpoint: _296_ (rising edge-triggered flip-flop clocked by clk)
Endpoint: _296_ (rising edge-triggered flip-flop clocked by clk)
Path Group: clk
Path Type: min

Fanout     Cap    Slew   Delay    Time   Description
-----------------------------------------------------------------------------
                          0.00    0.00   clock clk (rise edge)
                          0.00    0.00   clock source latency
                  0.23    0.15    0.15 ^ clk (in)
     1    0.03                           clk (net)
                  0.23    0.00    0.15 ^ clkbuf_0_clk/A (sky130_fd_sc_hd__clkbuf_16)
                  0.04    0.17    0.32 ^ clkbuf_0_clk/X (sky130_fd_sc_hd__clkbuf_16)
     2    0.01                           clknet_0_clk (net)
                  0.04    0.00    0.32 ^ clkbuf_1_0_0_clk/A (sky130_fd_sc_hd__clkbuf_2)
                  0.23    0.22    0.54 ^ clkbuf_1_0_0_clk/X (sky130_fd_sc_hd__clkbuf_2)
    12    0.04                           clknet_1_0_0_clk (net)
                  0.23    0.00    0.54 ^ _296_/CLK (sky130_fd_sc_hd__dfrtp_2)
                  0.11    0.44    0.98 ^ _296_/Q (sky130_fd_sc_hd__dfrtp_2)
     6    0.02                           datapath_module0.multiplicand[3] (net)
                  0.11    0.00    0.98 ^ _179_/B1 (sky130_fd_sc_hd__a22o_1)
                  0.04    0.13    1.11 ^ _179_/X (sky130_fd_sc_hd__a22o_1)
     1    0.00                           _043_ (net)
                  0.04    0.00    1.11 ^ _296_/D (sky130_fd_sc_hd__dfrtp_2)
                                  1.11   data arrival time

                          0.00    0.00   clock clk (rise edge)
                          0.00    0.00   clock source latency
                  0.23    0.17    0.17 ^ clk (in)
     1    0.03                           clk (net)
                  0.23    0.00    0.17 ^ clkbuf_0_clk/A (sky130_fd_sc_hd__clkbuf_16)
                  0.04    0.19    0.35 ^ clkbuf_0_clk/X (sky130_fd_sc_hd__clkbuf_16)
     2    0.01                           clknet_0_clk (net)
                  0.04    0.00    0.36 ^ clkbuf_1_0_0_clk/A (sky130_fd_sc_hd__clkbuf_2)
                  0.23    0.24    0.60 ^ clkbuf_1_0_0_clk/X (sky130_fd_sc_hd__clkbuf_2)
    12    0.04                           clknet_1_0_0_clk (net)
                  0.23    0.00    0.60 ^ _296_/CLK (sky130_fd_sc_hd__dfrtp_2)
                          0.25    0.85   clock uncertainty
                         -0.06    0.79   clock reconvergence pessimism
                         -0.01    0.79   library hold time
                                  0.79   data required time
-----------------------------------------------------------------------------
                                  0.79   data required time
                                 -1.11   data arrival time
-----------------------------------------------------------------------------
                                  0.32   slack (MET)


